Log file open, 06/18/17 12:29:25
LogInit:Display: Running engine for game: football
LogPlatformFile: Not using cached read wrapper
LogInit:Display: RandInit(-1267021723) SRandInit(-1267021723).
LogTaskGraph: Started task graph with 5 named threads and 6 total threads with 1 sets of task threads.
LogStats: Stats thread started at 0.100062
LogInit: Using libcurl 7.47.1
LogInit:  - built for x86_64-pc-win32
LogInit:  - supports SSL with OpenSSL/1.0.2g
LogInit:  - supports HTTP deflate (compression) using libz 1.2.8
LogInit:  - other features:
LogInit:      CURL_VERSION_SSL
LogInit:      CURL_VERSION_LIBZ
LogInit:      CURL_VERSION_IPV6
LogInit:      CURL_VERSION_ASYNCHDNS
LogInit:      CURL_VERSION_LARGEFILE
LogInit:      CURL_VERSION_IDN
LogInit:  CurlRequestOptions (configurable via config and command line):
LogInit:  - bVerifyPeer = false  - Libcurl will NOT verify peer certificate
LogInit:  - bUseHttpProxy = false  - Libcurl will NOT use HTTP proxy
LogInit:  - bDontReuseConnections = false  - Libcurl will reuse connections
LogInit:  - CertBundlePath = nullptr  - Libcurl will use whatever was configured at build time.
LogInit: Build: ++UE4+Release-4.16-CL-3466753
LogInit: Engine Version: 4.16.1-3466753+++UE4+Release-4.16
LogInit: Compatible Engine Version: 4.16.0-3452394+++UE4+Release-4.16
LogInit: Net CL: 3452394
LogDevObjectVersion: Number of dev versions registered: 16
LogDevObjectVersion:   Dev-Blueprints (B0D832E4-1F89-4F0D-ACCF-7EB736FD4AA2): 9
LogDevObjectVersion:   Dev-Build (E1C64328-A22C-4D53-A36C-8E866417BD8C): 0
LogDevObjectVersion:   Dev-Core (375EC13C-06E4-48FB-B500-84F0262A717E): 2
LogDevObjectVersion:   Dev-Editor (E4B068ED-F494-42E9-A231-DA0B2E46BB41): 17
LogDevObjectVersion:   Dev-Framework (CFFC743F-43B0-4480-9391-14DF171D2073): 23
LogDevObjectVersion:   Dev-Mobile (B02B49B5-BB20-44E9-A304-32B752E40360): 0
LogDevObjectVersion:   Dev-Networking (A4E4105C-59A1-49B5-A7C5-40C4547EDFEE): 0
LogDevObjectVersion:   Dev-Online (39C831C9-5AE6-47DC-9A44-9C173E1C8E7C): 0
LogDevObjectVersion:   Dev-Physics (78F01B33-EBEA-4F98-B9B4-84EACCB95AA2): 0
LogDevObjectVersion:   Dev-Platform (6631380F-2D4D-43E0-8009-CF276956A95A): 0
LogDevObjectVersion:   Dev-Rendering (12F88B9F-8875-4AFC-A67C-D90C383ABD29): 15
LogDevObjectVersion:   Dev-Sequencer (7B5AE74C-D270-4C10-A958-57980B212A5A): 4
LogDevObjectVersion:   Dev-VR (D7296918-1DD6-4BDD-9DE2-64A83CC13884): 0
LogDevObjectVersion:   Dev-LoadTimes (C2A15278-BFE7-4AFE-6C17-90FF531DF755): 1
LogDevObjectVersion:   Private-Geometry (6EACA3D4-40EC-4CC1-B786-8BED09428FC5): 1
LogDevObjectVersion:   Dev-AnimPhys (29E575DD-E0A3-4627-9D10-D276232CDCEA): 3
LogInit: Compiled (64-bit): May 31 2017 02:03:30
LogInit: Compiled with Visual C++: 19.00.24215.01
LogInit: Build Configuration: Development
LogInit: Branch Name: ++UE4+Release-4.16
LogInit: Command line: -EpicPortal 
LogInit: Base directory: C:/Program Files/Epic Games/UE_4.16/Engine/Binaries/Win64/
LogInit: Installed Engine Build: 1
LogInit: Presizing for max 8388607 objects, including 0 objects not considered by GC, pre-allocating 0 bytes for permanent pool.
LogInit: Object subsystem initialized
[2017.06.18-04.29.26:347][  0]LogInit: Selected Device Profile: [Windows]
[2017.06.18-04.29.26:347][  0]LogInit: Applying CVar settings loaded from the selected device profile: [Windows]
[2017.06.18-04.29.26:369][  0]LogInit: Computer: BARS-PC
[2017.06.18-04.29.26:369][  0]LogInit: User: BARS
[2017.06.18-04.29.26:369][  0]LogInit: CPU Page size=4096, Cores=2
[2017.06.18-04.29.26:369][  0]LogInit: High frequency timer resolution =3.801689 MHz
[2017.06.18-04.29.26:369][  0]LogMemory: Memory total: Physical=16.0GB (16GB approx)
[2017.06.18-04.29.26:369][  0]LogMemory: Platform Memory Stats for Windows
[2017.06.18-04.29.26:369][  0]LogMemory: Process Physical Memory: 271.63 MB used, 271.63 MB peak
[2017.06.18-04.29.26:369][  0]LogMemory: Process Virtual Memory: 258.65 MB used, 258.65 MB peak
[2017.06.18-04.29.26:369][  0]LogMemory: Physical Memory: 3968.05 MB used,  12377.24 MB free, 16345.29 MB total
[2017.06.18-04.29.26:369][  0]LogMemory: Virtual Memory: 634.16 MB used,  12377.24 MB free, 134217728.00 MB total
[2017.06.18-04.29.26:525][  0]LogInit: Using OS detected language (ru-RU).
[2017.06.18-04.29.26:526][  0]LogInit: Using OS detected locale (ru-RU).
[2017.06.18-04.29.26:531][  0]LogTextLocalizationManager: No localization for 'ru-RU' exists, so 'en' will be used for the language.
[2017.06.18-04.29.26:531][  0]LogTextLocalizationManager: No localization for 'ru-RU' exists, so 'en' will be used for the locale.
[2017.06.18-04.29.27:713][  0]LogD3D11RHI: D3D11 adapters:
[2017.06.18-04.29.27:755][  0]LogD3D11RHI:    0. 'NVIDIA GeForce GTX 770' (Feature Level 11_0)
[2017.06.18-04.29.27:755][  0]LogD3D11RHI:       2017/0/8172 MB DedicatedVideo/DedicatedSystem/SharedSystem, Outputs:1, VendorId:0x10de
[2017.06.18-04.29.27:757][  0]LogD3D11RHI:    1. 'Microsoft Basic Render Driver' (Feature Level 11_0)
[2017.06.18-04.29.27:757][  0]LogD3D11RHI:       0/0/8172 MB DedicatedVideo/DedicatedSystem/SharedSystem, Outputs:0, VendorId:0x1414
[2017.06.18-04.29.27:757][  0]LogD3D11RHI: Chosen D3D11 Adapter: 0
[2017.06.18-04.29.27:763][  0]LogD3D11RHI: Creating new Direct3DDevice
[2017.06.18-04.29.27:763][  0]LogD3D11RHI:     GPU DeviceId: 0x1184 (for the marketing name, search the web for "GPU Device Id")
[2017.06.18-04.29.27:763][  0]LogWindows: EnumDisplayDevices:
[2017.06.18-04.29.27:763][  0]LogWindows:    0. 'NVIDIA GeForce GTX 770' (P:1 D:1)
[2017.06.18-04.29.27:764][  0]LogWindows:    1. 'NVIDIA GeForce GTX 770' (P:0 D:0)
[2017.06.18-04.29.27:764][  0]LogWindows:    2. 'NVIDIA GeForce GTX 770' (P:0 D:0)
[2017.06.18-04.29.27:764][  0]LogWindows:    3. 'NVIDIA GeForce GTX 770' (P:0 D:0)
[2017.06.18-04.29.27:764][  0]LogWindows: DebugString: FoundDriverCount:4 
[2017.06.18-04.29.27:764][  0]LogD3D11RHI:     Adapter Name: NVIDIA GeForce GTX 770
[2017.06.18-04.29.27:764][  0]LogD3D11RHI:   Driver Version: 376.53 (internal:21.21.13.7653, unified:376.53)
[2017.06.18-04.29.27:764][  0]LogD3D11RHI:      Driver Date: 12-29-2016
[2017.06.18-04.29.27:764][  0]LogRHI: Texture pool is 1361 MB (70% of 1945 MB)
[2017.06.18-04.29.27:785][  0]LogD3D11RHI: Async texture creation enabled
[2017.06.18-04.29.27:797][  0]LogD3D11RHI: GPU Timing Frequency: 1000.000000 (Debug: 2 1)
[2017.06.18-04.29.27:848][  0]LogShaderCompilers: Guid format shader working directory is -12 characters bigger than the processId version (../../../../../../Users/BARS/Desktop/ПРОГРАММЫ/GGFootball/Intermediate/Shaders/WorkingDirectory/6092/).
[2017.06.18-04.29.27:848][  0]LogShaderCompilers: Cleaned the shader compiler working directory 'C:/Users/BARS/AppData/Local/Temp/UnrealShaderWorkingDir/36350B90429A7549AA8A6D834143F435/'.
[2017.06.18-04.29.27:848][  0]LogShaderCompilers:Display: Using Local Shader Compiler.
[2017.06.18-04.29.29:489][  0]LogTemp:Display: Loaded TP AllDesktopTargetPlatform
[2017.06.18-04.29.29:578][  0]LogTemp:Display: Loaded TP MacClientTargetPlatform
[2017.06.18-04.29.29:667][  0]LogTemp:Display: Loaded TP MacNoEditorTargetPlatform
[2017.06.18-04.29.29:757][  0]LogTemp:Display: Loaded TP MacServerTargetPlatform
[2017.06.18-04.29.29:848][  0]LogTemp:Display: Loaded TP MacTargetPlatform
[2017.06.18-04.29.29:940][  0]LogTemp:Display: Loaded TP WindowsClientTargetPlatform
[2017.06.18-04.29.30:033][  0]LogTemp:Display: Loaded TP WindowsNoEditorTargetPlatform
[2017.06.18-04.29.30:124][  0]LogTemp:Display: Loaded TP WindowsServerTargetPlatform
[2017.06.18-04.29.30:204][  0]LogTemp:Display: Loaded TP WindowsTargetPlatform
[2017.06.18-04.29.30:294][  0]LogTemp:Display: Loaded TP AndroidTargetPlatform
[2017.06.18-04.29.30:383][  0]LogTemp:Display: Loaded TP Android_ASTCTargetPlatform
[2017.06.18-04.29.30:473][  0]LogTemp:Display: Loaded TP Android_ATCTargetPlatform
[2017.06.18-04.29.30:561][  0]LogTemp:Display: Loaded TP Android_DXTTargetPlatform
[2017.06.18-04.29.30:649][  0]LogTemp:Display: Loaded TP Android_ETC1TargetPlatform
[2017.06.18-04.29.30:736][  0]LogTemp:Display: Loaded TP Android_ETC2TargetPlatform
[2017.06.18-04.29.30:911][  0]LogTemp:Display: Loaded TP Android_MultiTargetPlatform
[2017.06.18-04.29.30:911][  0]LogTemp:Display: Loaded TP Android_PVRTCTargetPlatform
[2017.06.18-04.29.30:983][  0]LogTemp:Display: Loaded TP HTML5TargetPlatform
[2017.06.18-04.29.31:134][  0]LogTemp:Display: Loaded TP IOSTargetPlatform
[2017.06.18-04.29.31:189][  0]LogTemp:Display: Loaded TP TVOSTargetPlatform
[2017.06.18-04.29.31:279][  0]LogTemp:Display: Loaded TP LinuxClientTargetPlatform
[2017.06.18-04.29.31:366][  0]LogTemp:Display: Loaded TP LinuxNoEditorTargetPlatform
[2017.06.18-04.29.31:453][  0]LogTemp:Display: Loaded TP LinuxServerTargetPlatform
[2017.06.18-04.29.31:541][  0]LogTemp:Display: Loaded TP LinuxTargetPlatform
[2017.06.18-04.29.31:541][  0]LogTargetPlatformManager:Display: Building Assets For Windows
[2017.06.18-04.29.32:459][  0]LogDerivedDataCache:Display: Max Cache Size: 512 MB
[2017.06.18-04.29.32:642][  0]LogDerivedDataCache: Loaded boot cache 0.18s 90MB C:/Users/BARS/AppData/Local/UnrealEngine/4.16/DerivedDataCache/Boot.ddc.
[2017.06.18-04.29.32:642][  0]LogDerivedDataCache:Display: Loaded Boot cache: C:/Users/BARS/AppData/Local/UnrealEngine/4.16/DerivedDataCache/Boot.ddc
[2017.06.18-04.29.32:642][  0]LogDerivedDataCache: FDerivedDataBackendGraph:  Pak pak cache file ../../../../../../Users/BARS/Desktop/ПРОГРАММЫ/GGFootball/DerivedDataCache/DDC.ddp not found, will not use a pak cache.
[2017.06.18-04.29.32:642][  0]LogDerivedDataCache: Unable to find inner node Pak for hierarchical cache Hierarchy.
[2017.06.18-04.29.32:642][  0]LogDerivedDataCache: FDerivedDataBackendGraph:  CompressedPak pak cache file ../../../../../../Users/BARS/Desktop/ПРОГРАММЫ/GGFootball/DerivedDataCache/Compressed.ddp not found, will not use a pak cache.
[2017.06.18-04.29.32:642][  0]LogDerivedDataCache: Unable to find inner node CompressedPak for hierarchical cache Hierarchy.
[2017.06.18-04.29.32:668][  0]LogDerivedDataCache:Display: Pak cache opened for reading ../../../Engine/DerivedDataCache/Compressed.ddp.
[2017.06.18-04.29.32:680][  0]LogDerivedDataCache: Using Local data cache path C:/Users/BARS/AppData/Local/UnrealEngine/Common/DerivedDataCache: Writable
[2017.06.18-04.29.32:697][  0]LogMaterial: Verifying Global Shaders for PCD3D_SM5
[2017.06.18-04.29.32:697][  0]LogSlate: Using Freetype 2.6.0
[2017.06.18-04.29.32:698][  0]LogSlate: SlateFontCache - WITH_FREETYPE: 1, WITH_HARFBUZZ: 1
[2017.06.18-04.29.32:698][  0]LogSlate: SlateFontCache - WITH_FREETYPE: 1, WITH_HARFBUZZ: 1
[2017.06.18-04.29.33:183][  0]LogInit: Selected Device Profile: [Windows]
[2017.06.18-04.29.33:315][  0]LogContentStreaming: Texture pool size is 0.00 MB
[2017.06.18-04.29.33:560][  0]LogMeshUtilities: Using QuadricMeshReduction for automatic static mesh reduction
[2017.06.18-04.29.33:644][  0]LogSimplygon: Simplygon DLL not present - disabling.
[2017.06.18-04.29.33:732][  0]LogMeshUtilities: Using SimplygonSwarm for distributed automatic mesh merging
[2017.06.18-04.29.33:732][  0]LogMeshUtilities: No automatic skeletal mesh reduction module available
[2017.06.18-04.29.33:732][  0]LogMeshUtilities: No automatic mesh merging module available
[2017.06.18-04.29.34:627][  0]LogNetVersion: football , NetCL: 3452394, EngineNetVer: 2, GameNetVer: 0 (Checksum: 1187144866)
[2017.06.18-04.29.34:718][  0]LogAssetRegistry: FAssetRegistry took 0.0277 seconds to start up
[2017.06.18-04.29.34:796][  0]LogPackageLocalizationCache: Processed 4 localized package path(s) for 1 prioritized culture(s) in 0.027457 seconds
[2017.06.18-04.29.34:806][  0]LogUObjectArray: 34194 objects as part of root set at end of initial load.
[2017.06.18-04.29.34:806][  0]LogUObjectAllocator: 7260424 out of 0 bytes used by permanent object pool.
[2017.06.18-04.29.34:807][  0]LogUObjectArray: CloseDisregardForGC: 0/0 objects in disregard for GC pool
[2017.06.18-04.29.34:942][  0]LogInit: WinSock: version 1.1 (2.2), MaxSocks=32767, MaxUdp=65467
[2017.06.18-04.29.38:785][  0]LogTcpMessaging: Initializing TcpMessaging bridge
[2017.06.18-04.29.38:851][  0]LogUdpMessaging: Initializing bridge on interface 0.0.0.0:0 to multicast group 230.0.0.1:6666.
[2017.06.18-04.29.39:745][  0]LogMaterial: Uniform references updated for custom material expression Custom.
[2017.06.18-04.29.40:438][  0]SourceControl: Info Source control is disabled
[2017.06.18-04.29.40:482][  0]SourceControl: Info Source control is disabled
[2017.06.18-04.29.40:571][  0]SourceControl: Info Source control is disabled
[2017.06.18-04.29.40:663][  0]SourceControl: Info Source control is disabled
[2017.06.18-04.29.41:920][  0]LogAndroidPermission: UAndroidPermissionCallbackProxy::GetInstance
[2017.06.18-04.29.42:990][  0]LogEngine: Initializing Engine...
[2017.06.18-04.29.42:991][  0]LogHMD: Failed to initialize OpenVR with code 110
[2017.06.18-04.29.43:292][  0]LogStats: UGameplayTagsManager::ConstructGameplayTagTree: Construct from data asset -  0.000 s
[2017.06.18-04.29.43:292][  0]LogStats: UGameplayTagsManager::ConstructGameplayTagTree: GameplayTagTreeChangedEvent.Broadcast -  0.000 s
[2017.06.18-04.29.43:533][  0]LogAIModule: Creating AISystem for world Untitled
[2017.06.18-04.29.43:549][  0]LogInit: XAudio2 using 'Динамики (Realtek High Definition Audio)' : 2 channels at 48 kHz using 32 bits per sample (channel mask 0x3)
[2017.06.18-04.29.43:585][  0]LogInit: FAudioDevice initialized.
[2017.06.18-04.29.43:668][  0]LogDerivedDataCache: Saved boot cache 0.08s 90MB C:/Users/BARS/AppData/Local/UnrealEngine/4.16/DerivedDataCache/Boot.ddc.
[2017.06.18-04.29.43:702][  0]LogInit: Texture streaming: Enabled
[2017.06.18-04.29.43:889][  0]LogEngineSessionManager: EngineSessionManager initialized
[2017.06.18-04.29.44:293][  0]LogInit: Transaction tracking system initialized
[2017.06.18-04.29.44:893][  0]BlueprintLog: New page: Editor Load
[2017.06.18-04.29.46:636][  0]LocalizationService: Info Localization service is disabled
[2017.06.18-04.29.47:882][  0]LogConsoleResponse:Display: 
[2017.06.18-04.29.48:105][  0]LogCook:Display: Max memory allowance for cook 16384mb min free memory 0mb
[2017.06.18-04.29.48:105][  0]LogCook:Display: Mobile HDR setting 1
[2017.06.18-04.29.48:652][  0]LogFileCache: Scanning file cache for directory 'C:/Users/BARS/Desktop/ПРОГРАММЫ/GGFootball/Content/' took 0.02s
[2017.06.18-04.29.50:045][  0]SourceControl: Info Source control is disabled
[2017.06.18-04.29.50:046][  0]Cmd: MAP LOAD FILE="../../../../../../Users/BARS/Desktop/ПРОГРАММЫ/GGFootball/Content/FirstPersonBP/Maps/FirstPersonExampleMap.umap" TEMPLATE=0 SHOWPROGRESS=1 FEATURELEVEL=3
[2017.06.18-04.29.50:046][  0]LogEditorServer:Warning: Can't find file '../../../../../../Users/BARS/Desktop/ПРОГРАММЫ/GGFootball/Content/FirstPersonBP/Maps/FirstPersonExampleMap.umap'
[2017.06.18-04.29.50:046][  0]Cmd: MAP CHECKDEP NOCLEARLOG
[2017.06.18-04.29.50:118][  0]MapCheck: Info Map check complete: 0 Error(s), 0 Warning(s), took 72.041ms to complete.
[2017.06.18-04.29.50:118][  0]LogFileHelpers: Loading map 'FirstPersonExampleMap' took 0.072
[2017.06.18-04.29.50:177][  0]LogWindowsTextInputMethodSystem:Display: IME system now deactivated.
[2017.06.18-04.29.50:294][  0]LogCollectionManager: Loaded 1 collections in 0.002789 seconds
[2017.06.18-04.29.50:411][  0]LogFileCache: Scanning file cache for directory 'C:/Users/BARS/Desktop/ПРОГРАММЫ/GGFootball/Saved/Collections/' took 0.01s
[2017.06.18-04.29.50:411][  0]LogFileCache: Scanning file cache for directory 'C:/Users/BARS/Desktop/ПРОГРАММЫ/GGFootball/Content/Developers/BARS/Collections/' took 0.01s
[2017.06.18-04.29.50:411][  0]LogFileCache: Scanning file cache for directory 'C:/Users/BARS/Desktop/ПРОГРАММЫ/GGFootball/Content/Collections/' took 0.01s
[2017.06.18-04.29.50:411][  0]LogCollectionManager: Rebuilt the GUID cache for 1 collections in 0.000004 seconds
[2017.06.18-04.29.50:411][  0]LogCollectionManager: Rebuilt the hierarchy cache for 1 collections in 0.000000 seconds
[2017.06.18-04.29.50:426][  0]LogContentBrowser: Native class hierarchy populated in 0.0146 seconds. Added 2329 classes and 491 folders.
[2017.06.18-04.29.50:550][  0]LogContentBrowser: Native class hierarchy updated for 'WidgetCarousel' in 0.0007 seconds. Added 0 classes and 0 folders.
[2017.06.18-04.29.50:617][  0]LogContentBrowser: Native class hierarchy updated for 'AddContentDialog' in 0.0007 seconds. Added 0 classes and 0 folders.
[2017.06.18-04.29.50:729][  0]LogCrashTracker: Crashtracker disabled due to settings.
[2017.06.18-04.29.50:736][  0]LogSlate: Took 0.000442 seconds to synchronously load lazily loaded font '../../../Engine/Content/Slate/Fonts/Roboto-Regular.ttf' (155K)
[2017.06.18-04.29.50:743][  0]LogSlate: Took 0.000383 seconds to synchronously load lazily loaded font '../../../Engine/Content/Slate/Fonts/Roboto-Bold.ttf' (160K)
[2017.06.18-04.29.50:747][  0]LogSlate: Took 0.000408 seconds to synchronously load lazily loaded font '../../../Engine/Content/Editor/Slate/Fonts/FontAwesome.ttf' (139K)
[2017.06.18-04.29.50:867][  0]LogRenderer: Reallocating scene render targets to support 812x472 NumSamples 1 (Frame:1).
[2017.06.18-04.29.50:978][  0]LogUObjectGlobals:Warning: Failed to find object 'Class None.'
[2017.06.18-04.29.51:079][  0]LogContentBrowser: Native class hierarchy updated for 'HierarchicalLODOutliner' in 0.0008 seconds. Added 1 classes and 2 folders.
[2017.06.18-04.29.51:080][  0]LogLoad: (Engine Initialization) Total time: 27.54 seconds
[2017.06.18-04.29.51:080][  0]LogLoad: (Engine Initialization) Total Blueprint compile time: 0.08 seconds
[2017.06.18-04.29.51:080][  0]LogExternalProfiler: No external profilers were discovered.  External profiling features will not be available.
[2017.06.18-04.29.51:089][  0]LogOcInput: OculusInput pre-init called
[2017.06.18-04.29.51:089][  0]LogHMD: Starting GearVRController plugin
[2017.06.18-04.29.51:106][  0]LogContentStreaming: Texture pool size now 1000 MB
[2017.06.18-04.29.51:117][  0]LogSlate: Took 0.000410 seconds to synchronously load lazily loaded font '../../../Engine/Content/Slate/Fonts/Roboto-Light.ttf' (159K)
[2017.06.18-04.29.51:140][  1]LogAssetRegistry: Asset discovery search completed in 16.4439 seconds
[2017.06.18-04.29.51:142][  1]LogCollectionManager: Rebuilt the object cache for 1 collections in 0.000001 seconds (found 0 objects)
[2017.06.18-04.29.51:142][  1]LogCollectionManager: Fixed up redirectors for 1 collections in 0.000038 seconds (updated 0 objects)
[2017.06.18-04.30.15:133][802]LogSlate: Took 0.000278 seconds to synchronously load lazily loaded font '../../../Engine/Content/Slate/Fonts/Roboto-Light.ttf' (159K)
[2017.06.18-04.30.15:698][802]LogSlate: Took 0.000302 seconds to synchronously load lazily loaded font '../../../Engine/Content/Slate/Fonts/Roboto-Regular.ttf' (155K)
[2017.06.18-04.30.16:159][803]LogRenderer: Reallocating scene render targets to support 848x616 NumSamples 1 (Frame:1).
[2017.06.18-04.30.34:088][747]Cmd: OBJ SAVEPACKAGE PACKAGE="/Game/elka" FILE="../../../../../../Users/BARS/Desktop/ПРОГРАММЫ/GGFootball/Content/elka.uasset" SILENT=true
[2017.06.18-04.30.34:111][747]LogSavePackage: Save=19.99ms
[2017.06.18-04.30.34:111][747]LogSavePackage: Moving '../../../../../../Users/BARS/Desktop/ПРОГРАММЫ/GGFootball/Saved/elka05EDA537472A0CD94C9C47A1B3B7D4E5.tmp' to '../../../../../../Users/BARS/Desktop/ПРОГРАММЫ/GGFootball/Content/elka.uasset'
[2017.06.18-04.30.34:115][747]LogSavePackage:Display: Finished SavePackage ../../../../../../Users/BARS/Desktop/ПРОГРАММЫ/GGFootball/Content/elka.uasset
[2017.06.18-04.30.34:120][747]Cmd: OBJ SAVEPACKAGE PACKAGE="/Game/ёлка" FILE="../../../../../../Users/BARS/Desktop/ПРОГРАММЫ/GGFootball/Content/ёлка.uasset" SILENT=true
[2017.06.18-04.30.34:143][747]LogSavePackage: Save=5.75ms
[2017.06.18-04.30.34:143][747]LogSavePackage: Moving '../../../../../../Users/BARS/Desktop/ПРОГРАММЫ/GGFootball/Saved/ёлкаEE1A781844EB85D469F6D6922513C28F.tmp' to '../../../../../../Users/BARS/Desktop/ПРОГРАММЫ/GGFootball/Content/ёлка.uasset'
[2017.06.18-04.30.34:147][747]LogSavePackage:Display: Finished SavePackage ../../../../../../Users/BARS/Desktop/ПРОГРАММЫ/GGFootball/Content/ёлка.uasset
[2017.06.18-04.30.43:013][784]LogMaterial: Missing cached shader map for material Без_имени, compiling. 
[2017.06.18-04.31.54:107][598]LogWindowsTextInputMethodSystem:Display: IME system now deactivated.
[2017.06.18-04.31.54:107][598]LogWindowsTextInputMethodSystem:Display: IME system now deactivated.
[2017.06.18-04.32.08:553][233]LogWindowsTextInputMethodSystem:Display: IME system now deactivated.
[2017.06.18-04.32.08:553][233]LogWindowsTextInputMethodSystem:Display: IME system now deactivated.
[2017.06.18-04.32.12:349][671]LogMaterial: Missing cached shader map for material Материал_002, compiling. 
[2017.06.18-04.32.12:455][671]LogMaterial: Missing cached shader map for material Материал_006, compiling. 
[2017.06.18-04.32.12:480][671]LogStaticMesh: Building static mesh дом_объект...
[2017.06.18-04.32.12:506][671]LogStaticMesh: Built static mesh [0.03s] /Game/дом_объект.дом_объект
[2017.06.18-04.32.12:585][671]Cmd: OBJ SAVEPACKAGE PACKAGE="/Game/no_name" FILE="../../../../../../Users/BARS/Desktop/ПРОГРАММЫ/GGFootball/Content/no_name.uasset" SILENT=true
[2017.06.18-04.32.12:611][671]LogSavePackage: Save=22.70ms
[2017.06.18-04.32.12:611][671]LogSavePackage: Moving '../../../../../../Users/BARS/Desktop/ПРОГРАММЫ/GGFootball/Saved/no_nameBB94428743FC6EC8038CF5933B86556C.tmp' to '../../../../../../Users/BARS/Desktop/ПРОГРАММЫ/GGFootball/Content/no_name.uasset'
[2017.06.18-04.32.12:614][671]LogSavePackage:Display: Finished SavePackage ../../../../../../Users/BARS/Desktop/ПРОГРАММЫ/GGFootball/Content/no_name.uasset
[2017.06.18-04.32.12:826][671]Cmd: OBJ SAVEPACKAGE PACKAGE="/Game/дом_объект" FILE="../../../../../../Users/BARS/Desktop/ПРОГРАММЫ/GGFootball/Content/дом_объект.uasset" SILENT=true
[2017.06.18-04.32.12:868][671]LogSavePackage: Save=22.74ms
[2017.06.18-04.32.12:868][671]LogSavePackage: Moving '../../../../../../Users/BARS/Desktop/ПРОГРАММЫ/GGFootball/Saved/дом_объект9D6A06E34812DFCEC7D020B0C2A403D7.tmp' to '../../../../../../Users/BARS/Desktop/ПРОГРАММЫ/GGFootball/Content/дом_объект.uasset'
[2017.06.18-04.32.12:870][671]LogSavePackage:Display: Finished SavePackage ../../../../../../Users/BARS/Desktop/ПРОГРАММЫ/GGFootball/Content/дом_объект.uasset
[2017.06.18-04.32.47:872][440]LogStaticMesh: Building static mesh ворота_2blend...
[2017.06.18-04.32.47:947][440]LogStaticMesh: Built static mesh [0.08s] /Game/ворота_2blend.ворота_2blend
[2017.06.18-04.32.48:029][440]Cmd: OBJ SAVEPACKAGE PACKAGE="/Game/material_ball" FILE="../../../../../../Users/BARS/Desktop/ПРОГРАММЫ/GGFootball/Content/material_ball.uasset" SILENT=true
[2017.06.18-04.32.48:053][440]LogSavePackage: Save=20.54ms
[2017.06.18-04.32.48:053][440]LogSavePackage: Moving '../../../../../../Users/BARS/Desktop/ПРОГРАММЫ/GGFootball/Saved/material_ball054156A64F60F14B9A8A57BAAFA65653.tmp' to '../../../../../../Users/BARS/Desktop/ПРОГРАММЫ/GGFootball/Content/material_ball.uasset'
[2017.06.18-04.32.48:056][440]LogSavePackage:Display: Finished SavePackage ../../../../../../Users/BARS/Desktop/ПРОГРАММЫ/GGFootball/Content/material_ball.uasset
[2017.06.18-04.32.48:225][440]Cmd: OBJ SAVEPACKAGE PACKAGE="/Game/башня" FILE="../../../../../../Users/BARS/Desktop/ПРОГРАММЫ/GGFootball/Content/башня.uasset" SILENT=true
[2017.06.18-04.32.48:263][440]LogSavePackage: Save=19.53ms
[2017.06.18-04.32.48:263][440]LogSavePackage: Moving '../../../../../../Users/BARS/Desktop/ПРОГРАММЫ/GGFootball/Saved/башня76104121427E674D16306193365216A2.tmp' to '../../../../../../Users/BARS/Desktop/ПРОГРАММЫ/GGFootball/Content/башня.uasset'
[2017.06.18-04.32.48:265][440]LogSavePackage:Display: Finished SavePackage ../../../../../../Users/BARS/Desktop/ПРОГРАММЫ/GGFootball/Content/башня.uasset
[2017.06.18-04.32.48:297][440]Cmd: OBJ SAVEPACKAGE PACKAGE="/Game/ворота_2blend" FILE="../../../../../../Users/BARS/Desktop/ПРОГРАММЫ/GGFootball/Content/ворота_2blend.uasset" SILENT=true
[2017.06.18-04.32.48:332][440]LogSavePackage: Save=19.59ms
[2017.06.18-04.32.48:332][440]LogSavePackage: Moving '../../../../../../Users/BARS/Desktop/ПРОГРАММЫ/GGFootball/Saved/ворота_2blend3BD91D004F81800287350D92D97297BA.tmp' to '../../../../../../Users/BARS/Desktop/ПРОГРАММЫ/GGFootball/Content/ворота_2blend.uasset'
[2017.06.18-04.32.48:334][440]LogSavePackage:Display: Finished SavePackage ../../../../../../Users/BARS/Desktop/ПРОГРАММЫ/GGFootball/Content/ворота_2blend.uasset
[2017.06.18-04.32.48:341][440]Cmd: OBJ SAVEPACKAGE PACKAGE="/Game/дом_объект" FILE="../../../../../../Users/BARS/Desktop/ПРОГРАММЫ/GGFootball/Content/дом_объект.uasset" SILENT=true
[2017.06.18-04.32.48:362][440]LogSavePackage: Save=9.27ms
[2017.06.18-04.32.48:362][440]LogSavePackage: Moving '../../../../../../Users/BARS/Desktop/ПРОГРАММЫ/GGFootball/Saved/дом_объект9EA0733245399B0CFADDEDB166216B3A.tmp' to '../../../../../../Users/BARS/Desktop/ПРОГРАММЫ/GGFootball/Content/дом_объект.uasset'
[2017.06.18-04.32.48:364][440]LogSavePackage:Display: Finished SavePackage ../../../../../../Users/BARS/Desktop/ПРОГРАММЫ/GGFootball/Content/дом_объект.uasset
[2017.06.18-04.33.09:618][313]Cmd: OBJ SAVEPACKAGE PACKAGE="/Game/bashnya" FILE="../../../../../../Users/BARS/Desktop/ПРОГРАММЫ/GGFootball/Content/bashnya.uasset" SILENT=true
[2017.06.18-04.33.09:641][313]LogSavePackage: Save=20.82ms
[2017.06.18-04.33.09:641][313]LogSavePackage: Moving '../../../../../../Users/BARS/Desktop/ПРОГРАММЫ/GGFootball/Saved/bashnya6E1D7DF34FB8EF0EC85AFEAECA87F493.tmp' to '../../../../../../Users/BARS/Desktop/ПРОГРАММЫ/GGFootball/Content/bashnya.uasset'
[2017.06.18-04.33.09:645][313]LogSavePackage:Display: Finished SavePackage ../../../../../../Users/BARS/Desktop/ПРОГРАММЫ/GGFootball/Content/bashnya.uasset
[2017.06.18-04.33.09:649][313]Cmd: OBJ SAVEPACKAGE PACKAGE="/Game/башня" FILE="../../../../../../Users/BARS/Desktop/ПРОГРАММЫ/GGFootball/Content/башня.uasset" SILENT=true
[2017.06.18-04.33.09:690][313]LogSavePackage: Save=5.97ms
[2017.06.18-04.33.09:690][313]LogSavePackage: Moving '../../../../../../Users/BARS/Desktop/ПРОГРАММЫ/GGFootball/Saved/башняA712B79246375E03D2C4DD980C8FA390.tmp' to '../../../../../../Users/BARS/Desktop/ПРОГРАММЫ/GGFootball/Content/башня.uasset'
[2017.06.18-04.33.09:695][313]LogSavePackage:Display: Finished SavePackage ../../../../../../Users/BARS/Desktop/ПРОГРАММЫ/GGFootball/Content/башня.uasset
[2017.06.18-04.33.25:308][939]Cmd: OBJ SAVEPACKAGE PACKAGE="/Game/vorota2_blend" FILE="../../../../../../Users/BARS/Desktop/ПРОГРАММЫ/GGFootball/Content/vorota2_blend.uasset" SILENT=true
[2017.06.18-04.33.25:329][939]LogSavePackage: Save=18.92ms
[2017.06.18-04.33.25:329][939]LogSavePackage: Moving '../../../../../../Users/BARS/Desktop/ПРОГРАММЫ/GGFootball/Saved/vorota2_blendFDC2769241279AA3AD6EF28859215D93.tmp' to '../../../../../../Users/BARS/Desktop/ПРОГРАММЫ/GGFootball/Content/vorota2_blend.uasset'
[2017.06.18-04.33.25:334][939]LogSavePackage:Display: Finished SavePackage ../../../../../../Users/BARS/Desktop/ПРОГРАММЫ/GGFootball/Content/vorota2_blend.uasset
[2017.06.18-04.33.35:300][949]Cmd: OBJ SAVEPACKAGE PACKAGE="/Game/vorota_blend" FILE="../../../../../../Users/BARS/Desktop/ПРОГРАММЫ/GGFootball/Content/vorota_blend.uasset" SILENT=true
[2017.06.18-04.33.35:321][949]LogSavePackage: Save=18.41ms
[2017.06.18-04.33.35:321][949]LogSavePackage: Moving '../../../../../../Users/BARS/Desktop/ПРОГРАММЫ/GGFootball/Saved/vorota_blend509598EF4E818BDB312D548D13D33A12.tmp' to '../../../../../../Users/BARS/Desktop/ПРОГРАММЫ/GGFootball/Content/vorota_blend.uasset'
[2017.06.18-04.33.35:325][949]LogSavePackage:Display: Finished SavePackage ../../../../../../Users/BARS/Desktop/ПРОГРАММЫ/GGFootball/Content/vorota_blend.uasset
[2017.06.18-04.33.41:569][533]Cmd: OBJ SAVEPACKAGE PACKAGE="/Game/derevo" FILE="../../../../../../Users/BARS/Desktop/ПРОГРАММЫ/GGFootball/Content/derevo.uasset" SILENT=true
[2017.06.18-04.33.41:609][533]LogSavePackage: Save=37.61ms
[2017.06.18-04.33.41:609][533]LogSavePackage: Moving '../../../../../../Users/BARS/Desktop/ПРОГРАММЫ/GGFootball/Saved/derevo6A830F754EC08C28BAC2F988F2554D0F.tmp' to '../../../../../../Users/BARS/Desktop/ПРОГРАММЫ/GGFootball/Content/derevo.uasset'
[2017.06.18-04.33.41:613][533]LogSavePackage:Display: Finished SavePackage ../../../../../../Users/BARS/Desktop/ПРОГРАММЫ/GGFootball/Content/derevo.uasset
[2017.06.18-04.33.41:617][533]Cmd: OBJ SAVEPACKAGE PACKAGE="/Game/дерево" FILE="../../../../../../Users/BARS/Desktop/ПРОГРАММЫ/GGFootball/Content/дерево.uasset" SILENT=true
[2017.06.18-04.33.41:639][533]LogSavePackage: Save=5.64ms
[2017.06.18-04.33.41:639][533]LogSavePackage: Moving '../../../../../../Users/BARS/Desktop/ПРОГРАММЫ/GGFootball/Saved/дерево9A65BFD943F415A29C2E49910F71C1C0.tmp' to '../../../../../../Users/BARS/Desktop/ПРОГРАММЫ/GGFootball/Content/дерево.uasset'
[2017.06.18-04.33.41:644][533]LogSavePackage:Display: Finished SavePackage ../../../../../../Users/BARS/Desktop/ПРОГРАММЫ/GGFootball/Content/дерево.uasset
[2017.06.18-04.33.56:554][108]Cmd: OBJ SAVEPACKAGE PACKAGE="/Game/home_object" FILE="../../../../../../Users/BARS/Desktop/ПРОГРАММЫ/GGFootball/Content/home_object.uasset" SILENT=true
[2017.06.18-04.33.56:576][108]LogSavePackage: Save=19.33ms
[2017.06.18-04.33.56:576][108]LogSavePackage: Moving '../../../../../../Users/BARS/Desktop/ПРОГРАММЫ/GGFootball/Saved/home_object189718084968DCCB87943F8F1045DA7E.tmp' to '../../../../../../Users/BARS/Desktop/ПРОГРАММЫ/GGFootball/Content/home_object.uasset'
[2017.06.18-04.33.56:580][108]LogSavePackage:Display: Finished SavePackage ../../../../../../Users/BARS/Desktop/ПРОГРАММЫ/GGFootball/Content/home_object.uasset
[2017.06.18-04.34.09:227][363]Cmd: OBJ SAVEPACKAGE PACKAGE="/Game/gun" FILE="../../../../../../Users/BARS/Desktop/ПРОГРАММЫ/GGFootball/Content/gun.uasset" SILENT=true
[2017.06.18-04.34.09:248][363]LogSavePackage: Save=18.33ms
[2017.06.18-04.34.09:248][363]LogSavePackage: Moving '../../../../../../Users/BARS/Desktop/ПРОГРАММЫ/GGFootball/Saved/gunA1A0697243E1FA193FA23982E7035A7C.tmp' to '../../../../../../Users/BARS/Desktop/ПРОГРАММЫ/GGFootball/Content/gun.uasset'
[2017.06.18-04.34.09:252][363]LogSavePackage:Display: Finished SavePackage ../../../../../../Users/BARS/Desktop/ПРОГРАММЫ/GGFootball/Content/gun.uasset
[2017.06.18-04.34.09:407][363]LogMaterial:Warning: Material /Game/StarterContent/Blueprints/Assets/M_LightStage_Skybox_Master.M_LightStage_Skybox_Master needed to have new flag set bUsedWithSkeletalMesh !
[2017.06.18-04.34.09:409][363]LogMaterial: Missing cached shader map for material M_LightStage_Skybox_Master, compiling. 
[2017.06.18-04.34.09:423][363]LogMaterial:Warning: Material /Game/StarterContent/Materials/M_Metal_Gold.M_Metal_Gold needed to have new flag set bUsedWithSkeletalMesh !
[2017.06.18-04.34.09:426][363]LogMaterial: Missing cached shader map for material M_Metal_Gold, compiling. 
[2017.06.18-04.34.09:587][363]Cmd: OBJ SAVEPACKAGE PACKAGE="/Game/ружье_DM" FILE="../../../../../../Users/BARS/Desktop/ПРОГРАММЫ/GGFootball/Content/ружье_DM.uasset" SILENT=true
[2017.06.18-04.34.09:646][363]LogSavePackage: Save=33.50ms
[2017.06.18-04.34.09:646][363]LogSavePackage: Moving '../../../../../../Users/BARS/Desktop/ПРОГРАММЫ/GGFootball/Saved/ружье_DM56CB461644AD8D49B6F409A5F0FA2F4B.tmp' to '../../../../../../Users/BARS/Desktop/ПРОГРАММЫ/GGFootball/Content/ружье_DM.uasset'
[2017.06.18-04.34.09:648][363]LogSavePackage:Display: Finished SavePackage ../../../../../../Users/BARS/Desktop/ПРОГРАММЫ/GGFootball/Content/ружье_DM.uasset
[2017.06.18-04.34.18:822][173]Cmd: OBJ SAVEPACKAGE PACKAGE="/Game/gun_dm" FILE="../../../../../../Users/BARS/Desktop/ПРОГРАММЫ/GGFootball/Content/gun_dm.uasset" SILENT=true
[2017.06.18-04.34.18:874][173]LogSavePackage: Save=50.06ms
[2017.06.18-04.34.18:875][173]LogSavePackage: Moving '../../../../../../Users/BARS/Desktop/ПРОГРАММЫ/GGFootball/Saved/gun_dmBBBC86744D1B612498B556BE68645DF7.tmp' to '../../../../../../Users/BARS/Desktop/ПРОГРАММЫ/GGFootball/Content/gun_dm.uasset'
[2017.06.18-04.34.18:878][173]LogSavePackage:Display: Finished SavePackage ../../../../../../Users/BARS/Desktop/ПРОГРАММЫ/GGFootball/Content/gun_dm.uasset
[2017.06.18-04.34.39:756][243]Cmd: OBJ SAVEPACKAGE PACKAGE="/Game/ball_2" FILE="../../../../../../Users/BARS/Desktop/ПРОГРАММЫ/GGFootball/Content/ball_2.uasset" SILENT=true
[2017.06.18-04.34.39:776][243]LogSavePackage: Save=17.97ms
[2017.06.18-04.34.39:776][243]LogSavePackage: Moving '../../../../../../Users/BARS/Desktop/ПРОГРАММЫ/GGFootball/Saved/ball_29A84392043A9D91B166E59B54C5365FC.tmp' to '../../../../../../Users/BARS/Desktop/ПРОГРАММЫ/GGFootball/Content/ball_2.uasset'
[2017.06.18-04.34.39:780][243]LogSavePackage:Display: Finished SavePackage ../../../../../../Users/BARS/Desktop/ПРОГРАММЫ/GGFootball/Content/ball_2.uasset
[2017.06.18-04.34.39:784][243]Cmd: OBJ SAVEPACKAGE PACKAGE="/Game/мяч" FILE="../../../../../../Users/BARS/Desktop/ПРОГРАММЫ/GGFootball/Content/мяч.uasset" SILENT=true
[2017.06.18-04.34.39:821][243]LogSavePackage: Save=5.64ms
[2017.06.18-04.34.39:821][243]LogSavePackage: Moving '../../../../../../Users/BARS/Desktop/ПРОГРАММЫ/GGFootball/Saved/мяч9BC5C55A44FB21EE37735A8A44897728.tmp' to '../../../../../../Users/BARS/Desktop/ПРОГРАММЫ/GGFootball/Content/мяч.uasset'
[2017.06.18-04.34.39:825][243]LogSavePackage:Display: Finished SavePackage ../../../../../../Users/BARS/Desktop/ПРОГРАММЫ/GGFootball/Content/мяч.uasset
[2017.06.18-04.34.53:970][646]LogMaterial: Missing cached shader map for material текстура-футбо-ьного-мяча-34567547_Mat, compiling. 
[2017.06.18-04.34.54:109][646]Cmd: OBJ SAVEPACKAGE PACKAGE="/Game/texture_ball" FILE="../../../../../../Users/BARS/Desktop/ПРОГРАММЫ/GGFootball/Content/texture_ball.uasset" SILENT=true
[2017.06.18-04.34.54:205][646]LogSavePackage: Save=93.00ms
[2017.06.18-04.34.54:205][646]LogSavePackage: Moving '../../../../../../Users/BARS/Desktop/ПРОГРАММЫ/GGFootball/Saved/texture_ballC6BA969C47F3C3FEA59FE39B61192076.tmp' to '../../../../../../Users/BARS/Desktop/ПРОГРАММЫ/GGFootball/Content/texture_ball.uasset'
[2017.06.18-04.34.54:210][646]LogSavePackage:Display: Finished SavePackage ../../../../../../Users/BARS/Desktop/ПРОГРАММЫ/GGFootball/Content/texture_ball.uasset
[2017.06.18-04.35.00:692][646]LogSavePackage: Save=30.62ms
[2017.06.18-04.35.00:692][646]LogSavePackage: Moving '../../../../../../Users/BARS/Desktop/ПРОГРАММЫ/GGFootball/Saved/текстура-футбо-ьного-мяча-34567547_MatA4A69DBD439A620EA5BCD1AD1669DBD0.tmp' to '../../../../../../Users/BARS/Desktop/ПРОГРАММЫ/GGFootball/Content/текстура-футбо-ьного-мяча-34567547_Mat.uasset'
[2017.06.18-04.35.00:694][646]LogSavePackage:Display: Finished SavePackage ../../../../../../Users/BARS/Desktop/ПРОГРАММЫ/GGFootball/Content/текстура-футбо-ьного-мяча-34567547_Mat.uasset
[2017.06.18-04.35.00:700][646]Cmd: OBJ SAVEPACKAGE PACKAGE="/Game/material_ball" FILE="../../../../../../Users/BARS/Desktop/ПРОГРАММЫ/GGFootball/Content/material_ball.uasset" SILENT=true
[2017.06.18-04.35.00:727][646]LogSavePackage: Save=9.84ms
[2017.06.18-04.35.00:727][646]LogSavePackage: Moving '../../../../../../Users/BARS/Desktop/ПРОГРАММЫ/GGFootball/Saved/material_ballD7F0888B47B46598D230C99EA5699D78.tmp' to '../../../../../../Users/BARS/Desktop/ПРОГРАММЫ/GGFootball/Content/material_ball.uasset'
[2017.06.18-04.35.00:729][646]LogSavePackage:Display: Finished SavePackage ../../../../../../Users/BARS/Desktop/ПРОГРАММЫ/GGFootball/Content/material_ball.uasset
[2017.06.18-04.35.13:208][837]Cmd: OBJ SAVEPACKAGE PACKAGE="/Game/box" FILE="../../../../../../Users/BARS/Desktop/ПРОГРАММЫ/GGFootball/Content/box.uasset" SILENT=true
[2017.06.18-04.35.13:228][837]LogSavePackage: Save=18.37ms
[2017.06.18-04.35.13:228][837]LogSavePackage: Moving '../../../../../../Users/BARS/Desktop/ПРОГРАММЫ/GGFootball/Saved/boxE4BDBD4D48E3E6F50CB56A9356EC1AB9.tmp' to '../../../../../../Users/BARS/Desktop/ПРОГРАММЫ/GGFootball/Content/box.uasset'
[2017.06.18-04.35.13:232][837]LogSavePackage:Display: Finished SavePackage ../../../../../../Users/BARS/Desktop/ПРОГРАММЫ/GGFootball/Content/box.uasset
[2017.06.18-04.35.13:237][837]Cmd: OBJ SAVEPACKAGE PACKAGE="/Game/ящик" FILE="../../../../../../Users/BARS/Desktop/ПРОГРАММЫ/GGFootball/Content/ящик.uasset" SILENT=true
[2017.06.18-04.35.13:288][837]LogSavePackage: Save=32.64ms
[2017.06.18-04.35.13:288][837]LogSavePackage: Moving '../../../../../../Users/BARS/Desktop/ПРОГРАММЫ/GGFootball/Saved/ящикDAFE792F41260008BC1856A41718C7B4.tmp' to '../../../../../../Users/BARS/Desktop/ПРОГРАММЫ/GGFootball/Content/ящик.uasset'
[2017.06.18-04.35.13:293][837]LogSavePackage:Display: Finished SavePackage ../../../../../../Users/BARS/Desktop/ПРОГРАММЫ/GGFootball/Content/ящик.uasset
[2017.06.18-04.35.32:714][759]Cmd: OBJ SAVEPACKAGE PACKAGE="/Game/Ball" FILE="../../../../../../Users/BARS/Desktop/ПРОГРАММЫ/GGFootball/Content/Ball.uasset" SILENT=true
[2017.06.18-04.35.32:761][759]LogSavePackage: Save=27.75ms
[2017.06.18-04.35.32:761][759]LogSavePackage: Moving '../../../../../../Users/BARS/Desktop/ПРОГРАММЫ/GGFootball/Saved/Ball53FE37964F514BE8433CAB909C126D0B.tmp' to '../../../../../../Users/BARS/Desktop/ПРОГРАММЫ/GGFootball/Content/Ball.uasset'
[2017.06.18-04.35.32:765][759]LogSavePackage:Display: Finished SavePackage ../../../../../../Users/BARS/Desktop/ПРОГРАММЫ/GGFootball/Content/Ball.uasset
[2017.06.18-04.35.44:656][935]LogStaticMesh: Building static mesh враг...
[2017.06.18-04.35.44:698][935]LogStaticMesh: Built static mesh [0.04s] /Game/FirstPersonBP/Blueprints/враг.враг
[2017.06.18-04.35.44:732][935]LogMaterial:Warning: Material /Game/StarterContent/Materials/M_Tech_Panel.M_Tech_Panel needed to have new flag set bUsedWithSkeletalMesh !
[2017.06.18-04.35.44:735][935]LogMaterial: Missing cached shader map for material M_Tech_Panel, compiling. 
[2017.06.18-04.35.48:713][369]LogMetaData: Removing '/Game/Resources/ball.ball_C' ref from Metadata '/Game/Ball.PackageMetaData'
[2017.06.18-04.35.48:713][369]LogMetaData: Removing '/Game/Resources/ball.ball:UserConstructionScript.K2Node_FunctionEntry_0' ref from Metadata '/Game/Ball.PackageMetaData'
[2017.06.18-04.35.48:713][369]LogMetaData: Removing '/Game/Resources/ball.ball:EventGraph.K2Node_Event_0' ref from Metadata '/Game/Ball.PackageMetaData'
[2017.06.18-04.35.48:713][369]LogMetaData: Removing '/Game/Resources/ball.ball:EventGraph.K2Node_Event_1' ref from Metadata '/Game/Ball.PackageMetaData'
[2017.06.18-04.35.48:713][369]LogMetaData: Removing '/Game/Resources/ball.ball:EventGraph.K2Node_Event_2' ref from Metadata '/Game/Ball.PackageMetaData'
[2017.06.18-04.35.48:713][369]LogMetaData: Removing '/Game/Resources/ball.ball_C:StaticMesh' ref from Metadata '/Game/Ball.PackageMetaData'
[2017.06.18-04.35.48:713][369]LogMetaData: Removing '/Game/Resources/ball.ball_C:DefaultSceneRoot' ref from Metadata '/Game/Ball.PackageMetaData'
[2017.06.18-04.35.48:713][369]LogMetaData: Removing '/Game/Resources/ball.ball_C:Ball' ref from Metadata '/Game/Ball.PackageMetaData'
[2017.06.18-04.35.48:713][369]LogMetaData: Removing '/Game/Resources/ball.SKEL_ball_C:DefaultSceneRoot' ref from Metadata '/Game/Ball.PackageMetaData'
[2017.06.18-04.35.48:713][369]LogMetaData: Removing '/Game/Resources/ball.SKEL_ball_C:StaticMesh' ref from Metadata '/Game/Ball.PackageMetaData'
[2017.06.18-04.35.48:713][369]LogMetaData: Removing '/Game/Resources/ball.SKEL_ball_C:Ball' ref from Metadata '/Game/Ball.PackageMetaData'
[2017.06.18-04.35.48:713][369]LogMetaData: Removing '/Game/Resources/ball.SKEL_ball_C:UserConstructionScript' ref from Metadata '/Game/Ball.PackageMetaData'
[2017.06.18-04.35.48:713][369]LogMetaData: Removing '/Game/Resources/ball.SKEL_ball_C' ref from Metadata '/Game/Ball.PackageMetaData'
[2017.06.18-04.35.48:713][369]LogMetaData: Removing '/Game/Resources/ball.ball_C:UserConstructionScript' ref from Metadata '/Game/Ball.PackageMetaData'
[2017.06.18-04.35.48:788][369]LogMetaData: Removing '/Game/Resources/NewBlueprint.NewBlueprint:UserConstructionScript.K2Node_FunctionEntry_0' ref from Metadata '/Game/NewBlueprint.PackageMetaData'
[2017.06.18-04.35.48:788][369]LogMetaData: Removing '/Game/Resources/NewBlueprint.NewBlueprint_C' ref from Metadata '/Game/NewBlueprint.PackageMetaData'
[2017.06.18-04.35.48:788][369]LogMetaData: Removing '/Game/Resources/NewBlueprint.NewBlueprint:EventGraph.K2Node_Event_0' ref from Metadata '/Game/NewBlueprint.PackageMetaData'
[2017.06.18-04.35.48:788][369]LogMetaData: Removing '/Game/Resources/NewBlueprint.NewBlueprint:EventGraph.K2Node_Event_1' ref from Metadata '/Game/NewBlueprint.PackageMetaData'
[2017.06.18-04.35.48:788][369]LogMetaData: Removing '/Game/Resources/NewBlueprint.NewBlueprint:EventGraph.K2Node_Event_2' ref from Metadata '/Game/NewBlueprint.PackageMetaData'
[2017.06.18-04.35.48:788][369]LogMetaData: Removing '/Game/Resources/NewBlueprint.SKEL_NewBlueprint_C:UserConstructionScript' ref from Metadata '/Game/NewBlueprint.PackageMetaData'
[2017.06.18-04.35.48:789][369]LogMetaData: Removing '/Game/Resources/NewBlueprint.SKEL_NewBlueprint_C' ref from Metadata '/Game/NewBlueprint.PackageMetaData'
[2017.06.18-04.35.48:856][369]Cmd: OBJ SAVEPACKAGE PACKAGE="/Game/Resources/ball" FILE="../../../../../../Users/BARS/Desktop/ПРОГРАММЫ/GGFootball/Content/Resources/ball.uasset" SILENT=true
[2017.06.18-04.35.48:894][369]LogSavePackage: Save=35.67ms
[2017.06.18-04.35.48:894][369]LogSavePackage: Moving '../../../../../../Users/BARS/Desktop/ПРОГРАММЫ/GGFootball/Saved/ball47CBAF664649C8502D4A128D8B7DB5B2.tmp' to '../../../../../../Users/BARS/Desktop/ПРОГРАММЫ/GGFootball/Content/Resources/ball.uasset'
[2017.06.18-04.35.48:898][369]LogSavePackage:Display: Finished SavePackage ../../../../../../Users/BARS/Desktop/ПРОГРАММЫ/GGFootball/Content/Resources/ball.uasset
[2017.06.18-04.35.48:929][369]Cmd: OBJ SAVEPACKAGE PACKAGE="/Game/Resources/ball_2" FILE="../../../../../../Users/BARS/Desktop/ПРОГРАММЫ/GGFootball/Content/Resources/ball_2.uasset" SILENT=true
[2017.06.18-04.35.48:954][369]LogSavePackage: Save=22.12ms
[2017.06.18-04.35.48:954][369]LogSavePackage: Moving '../../../../../../Users/BARS/Desktop/ПРОГРАММЫ/GGFootball/Saved/ball_28DB6E96743F5CE58339A658FFBC3AB8F.tmp' to '../../../../../../Users/BARS/Desktop/ПРОГРАММЫ/GGFootball/Content/Resources/ball_2.uasset'
[2017.06.18-04.35.48:957][369]LogSavePackage:Display: Finished SavePackage ../../../../../../Users/BARS/Desktop/ПРОГРАММЫ/GGFootball/Content/Resources/ball_2.uasset
[2017.06.18-04.35.48:981][369]Cmd: OBJ SAVEPACKAGE PACKAGE="/Game/Resources/bashnya" FILE="../../../../../../Users/BARS/Desktop/ПРОГРАММЫ/GGFootball/Content/Resources/bashnya.uasset" SILENT=true
[2017.06.18-04.35.49:008][369]LogSavePackage: Save=24.58ms
[2017.06.18-04.35.49:008][369]LogSavePackage: Moving '../../../../../../Users/BARS/Desktop/ПРОГРАММЫ/GGFootball/Saved/bashnyaEACFC8C44C1BD1A72D7647A6E41338EF.tmp' to '../../../../../../Users/BARS/Desktop/ПРОГРАММЫ/GGFootball/Content/Resources/bashnya.uasset'
[2017.06.18-04.35.49:012][369]LogSavePackage:Display: Finished SavePackage ../../../../../../Users/BARS/Desktop/ПРОГРАММЫ/GGFootball/Content/Resources/bashnya.uasset
[2017.06.18-04.35.49:035][369]Cmd: OBJ SAVEPACKAGE PACKAGE="/Game/Resources/box" FILE="../../../../../../Users/BARS/Desktop/ПРОГРАММЫ/GGFootball/Content/Resources/box.uasset" SILENT=true
[2017.06.18-04.35.49:059][369]LogSavePackage: Save=21.17ms
[2017.06.18-04.35.49:059][369]LogSavePackage: Moving '../../../../../../Users/BARS/Desktop/ПРОГРАММЫ/GGFootball/Saved/boxFC0B56344681ADB241448FADF3AAF810.tmp' to '../../../../../../Users/BARS/Desktop/ПРОГРАММЫ/GGFootball/Content/Resources/box.uasset'
[2017.06.18-04.35.49:063][369]LogSavePackage:Display: Finished SavePackage ../../../../../../Users/BARS/Desktop/ПРОГРАММЫ/GGFootball/Content/Resources/box.uasset
[2017.06.18-04.35.49:084][369]Cmd: OBJ SAVEPACKAGE PACKAGE="/Game/Resources/derevo" FILE="../../../../../../Users/BARS/Desktop/ПРОГРАММЫ/GGFootball/Content/Resources/derevo.uasset" SILENT=true
[2017.06.18-04.35.49:109][369]LogSavePackage: Save=22.10ms
[2017.06.18-04.35.49:110][369]LogSavePackage: Moving '../../../../../../Users/BARS/Desktop/ПРОГРАММЫ/GGFootball/Saved/derevo2113C1774E260EC867D91AB554B70558.tmp' to '../../../../../../Users/BARS/Desktop/ПРОГРАММЫ/GGFootball/Content/Resources/derevo.uasset'
[2017.06.18-04.35.49:113][369]LogSavePackage:Display: Finished SavePackage ../../../../../../Users/BARS/Desktop/ПРОГРАММЫ/GGFootball/Content/Resources/derevo.uasset
[2017.06.18-04.35.49:136][369]Cmd: OBJ SAVEPACKAGE PACKAGE="/Game/Resources/elka" FILE="../../../../../../Users/BARS/Desktop/ПРОГРАММЫ/GGFootball/Content/Resources/elka.uasset" SILENT=true
[2017.06.18-04.35.49:162][369]LogSavePackage: Save=22.37ms
[2017.06.18-04.35.49:162][369]LogSavePackage: Moving '../../../../../../Users/BARS/Desktop/ПРОГРАММЫ/GGFootball/Saved/elka10509E504F79153652FAFA9FDAE04ACB.tmp' to '../../../../../../Users/BARS/Desktop/ПРОГРАММЫ/GGFootball/Content/Resources/elka.uasset'
[2017.06.18-04.35.49:166][369]LogSavePackage:Display: Finished SavePackage ../../../../../../Users/BARS/Desktop/ПРОГРАММЫ/GGFootball/Content/Resources/elka.uasset
[2017.06.18-04.35.49:191][369]Cmd: OBJ SAVEPACKAGE PACKAGE="/Game/Resources/gun" FILE="../../../../../../Users/BARS/Desktop/ПРОГРАММЫ/GGFootball/Content/Resources/gun.uasset" SILENT=true
[2017.06.18-04.35.49:216][369]LogSavePackage: Save=21.96ms
[2017.06.18-04.35.49:216][369]LogSavePackage: Moving '../../../../../../Users/BARS/Desktop/ПРОГРАММЫ/GGFootball/Saved/gunA2018FD8414729361D0F5BA59E0B9364.tmp' to '../../../../../../Users/BARS/Desktop/ПРОГРАММЫ/GGFootball/Content/Resources/gun.uasset'
[2017.06.18-04.35.49:221][369]LogSavePackage:Display: Finished SavePackage ../../../../../../Users/BARS/Desktop/ПРОГРАММЫ/GGFootball/Content/Resources/gun.uasset
[2017.06.18-04.35.49:244][369]Cmd: OBJ SAVEPACKAGE PACKAGE="/Game/Resources/gun_dm" FILE="../../../../../../Users/BARS/Desktop/ПРОГРАММЫ/GGFootball/Content/Resources/gun_dm.uasset" SILENT=true
[2017.06.18-04.35.49:282][369]LogSavePackage: Save=35.52ms
[2017.06.18-04.35.49:282][369]LogSavePackage: Moving '../../../../../../Users/BARS/Desktop/ПРОГРАММЫ/GGFootball/Saved/gun_dmDBC120BA4CB1863361AD3BAFE26B2B63.tmp' to '../../../../../../Users/BARS/Desktop/ПРОГРАММЫ/GGFootball/Content/Resources/gun_dm.uasset'
[2017.06.18-04.35.49:286][369]LogSavePackage:Display: Finished SavePackage ../../../../../../Users/BARS/Desktop/ПРОГРАММЫ/GGFootball/Content/Resources/gun_dm.uasset
[2017.06.18-04.35.49:309][369]Cmd: OBJ SAVEPACKAGE PACKAGE="/Game/Resources/home_object" FILE="../../../../../../Users/BARS/Desktop/ПРОГРАММЫ/GGFootball/Content/Resources/home_object.uasset" SILENT=true
[2017.06.18-04.35.49:336][369]LogSavePackage: Save=24.28ms
[2017.06.18-04.35.49:337][369]LogSavePackage: Moving '../../../../../../Users/BARS/Desktop/ПРОГРАММЫ/GGFootball/Saved/home_objectDCF2B56245AC6DAB659D3BAF747FF7A5.tmp' to '../../../../../../Users/BARS/Desktop/ПРОГРАММЫ/GGFootball/Content/Resources/home_object.uasset'
[2017.06.18-04.35.49:340][369]LogSavePackage:Display: Finished SavePackage ../../../../../../Users/BARS/Desktop/ПРОГРАММЫ/GGFootball/Content/Resources/home_object.uasset
[2017.06.18-04.35.49:364][369]Cmd: OBJ SAVEPACKAGE PACKAGE="/Game/Resources/Material" FILE="../../../../../../Users/BARS/Desktop/ПРОГРАММЫ/GGFootball/Content/Resources/Material.uasset" SILENT=true
[2017.06.18-04.35.49:389][369]LogSavePackage: Save=22.48ms
[2017.06.18-04.35.49:389][369]LogSavePackage: Moving '../../../../../../Users/BARS/Desktop/ПРОГРАММЫ/GGFootball/Saved/Material14CF36314BAA99E1A545F6B783D77035.tmp' to '../../../../../../Users/BARS/Desktop/ПРОГРАММЫ/GGFootball/Content/Resources/Material.uasset'
[2017.06.18-04.35.49:393][369]LogSavePackage:Display: Finished SavePackage ../../../../../../Users/BARS/Desktop/ПРОГРАММЫ/GGFootball/Content/Resources/Material.uasset
[2017.06.18-04.35.49:418][369]Cmd: OBJ SAVEPACKAGE PACKAGE="/Game/Resources/material_ball" FILE="../../../../../../Users/BARS/Desktop/ПРОГРАММЫ/GGFootball/Content/Resources/material_ball.uasset" SILENT=true
[2017.06.18-04.35.49:448][369]LogSavePackage: Save=27.02ms
[2017.06.18-04.35.49:448][369]LogSavePackage: Moving '../../../../../../Users/BARS/Desktop/ПРОГРАММЫ/GGFootball/Saved/material_ball862AB5A34E608B1D404B57ABD41964E1.tmp' to '../../../../../../Users/BARS/Desktop/ПРОГРАММЫ/GGFootball/Content/Resources/material_ball.uasset'
[2017.06.18-04.35.49:452][369]LogSavePackage:Display: Finished SavePackage ../../../../../../Users/BARS/Desktop/ПРОГРАММЫ/GGFootball/Content/Resources/material_ball.uasset
[2017.06.18-04.35.49:475][369]Cmd: OBJ SAVEPACKAGE PACKAGE="/Game/Resources/NewBlueprint" FILE="../../../../../../Users/BARS/Desktop/ПРОГРАММЫ/GGFootball/Content/Resources/NewBlueprint.uasset" SILENT=true
[2017.06.18-04.35.49:517][369]LogSavePackage: Save=39.96ms
[2017.06.18-04.35.49:517][369]LogSavePackage: Moving '../../../../../../Users/BARS/Desktop/ПРОГРАММЫ/GGFootball/Saved/NewBlueprint611142E649495D4D2496A398C646A78E.tmp' to '../../../../../../Users/BARS/Desktop/ПРОГРАММЫ/GGFootball/Content/Resources/NewBlueprint.uasset'
[2017.06.18-04.35.49:522][369]LogSavePackage:Display: Finished SavePackage ../../../../../../Users/BARS/Desktop/ПРОГРАММЫ/GGFootball/Content/Resources/NewBlueprint.uasset
[2017.06.18-04.35.49:545][369]Cmd: OBJ SAVEPACKAGE PACKAGE="/Game/Resources/no_name" FILE="../../../../../../Users/BARS/Desktop/ПРОГРАММЫ/GGFootball/Content/Resources/no_name.uasset" SILENT=true
[2017.06.18-04.35.49:572][369]LogSavePackage: Save=23.75ms
[2017.06.18-04.35.49:572][369]LogSavePackage: Moving '../../../../../../Users/BARS/Desktop/ПРОГРАММЫ/GGFootball/Saved/no_nameB535CE4E4ED8E4F2B1BF4EBEC386D2F8.tmp' to '../../../../../../Users/BARS/Desktop/ПРОГРАММЫ/GGFootball/Content/Resources/no_name.uasset'
[2017.06.18-04.35.49:576][369]LogSavePackage:Display: Finished SavePackage ../../../../../../Users/BARS/Desktop/ПРОГРАММЫ/GGFootball/Content/Resources/no_name.uasset
[2017.06.18-04.35.49:593][369]Cmd: OBJ SAVEPACKAGE PACKAGE="/Game/Resources/texture_ball" FILE="../../../../../../Users/BARS/Desktop/ПРОГРАММЫ/GGFootball/Content/Resources/texture_ball.uasset" SILENT=true
[2017.06.18-04.35.49:694][369]LogSavePackage: Save=98.50ms
[2017.06.18-04.35.49:694][369]LogSavePackage: Moving '../../../../../../Users/BARS/Desktop/ПРОГРАММЫ/GGFootball/Saved/texture_ballD19D08524B66E1DF67D9919462375CA1.tmp' to '../../../../../../Users/BARS/Desktop/ПРОГРАММЫ/GGFootball/Content/Resources/texture_ball.uasset'
[2017.06.18-04.35.49:698][369]LogSavePackage:Display: Finished SavePackage ../../../../../../Users/BARS/Desktop/ПРОГРАММЫ/GGFootball/Content/Resources/texture_ball.uasset
[2017.06.18-04.35.49:721][369]Cmd: OBJ SAVEPACKAGE PACKAGE="/Game/Resources/vorota2_blend" FILE="../../../../../../Users/BARS/Desktop/ПРОГРАММЫ/GGFootball/Content/Resources/vorota2_blend.uasset" SILENT=true
[2017.06.18-04.35.49:746][369]LogSavePackage: Save=22.07ms
[2017.06.18-04.35.49:746][369]LogSavePackage: Moving '../../../../../../Users/BARS/Desktop/ПРОГРАММЫ/GGFootball/Saved/vorota2_blendA843F7584F11795CF36B69B9012835D4.tmp' to '../../../../../../Users/BARS/Desktop/ПРОГРАММЫ/GGFootball/Content/Resources/vorota2_blend.uasset'
[2017.06.18-04.35.49:750][369]LogSavePackage:Display: Finished SavePackage ../../../../../../Users/BARS/Desktop/ПРОГРАММЫ/GGFootball/Content/Resources/vorota2_blend.uasset
[2017.06.18-04.35.49:773][369]Cmd: OBJ SAVEPACKAGE PACKAGE="/Game/Resources/vorota_blend" FILE="../../../../../../Users/BARS/Desktop/ПРОГРАММЫ/GGFootball/Content/Resources/vorota_blend.uasset" SILENT=true
[2017.06.18-04.35.49:798][369]LogSavePackage: Save=22.30ms
[2017.06.18-04.35.49:798][369]LogSavePackage: Moving '../../../../../../Users/BARS/Desktop/ПРОГРАММЫ/GGFootball/Saved/vorota_blend51D6FD4246B54D1A25AC76A34AEF3662.tmp' to '../../../../../../Users/BARS/Desktop/ПРОГРАММЫ/GGFootball/Content/Resources/vorota_blend.uasset'
[2017.06.18-04.35.49:802][369]LogSavePackage:Display: Finished SavePackage ../../../../../../Users/BARS/Desktop/ПРОГРАММЫ/GGFootball/Content/Resources/vorota_blend.uasset
[2017.06.18-04.35.51:221][369]Cmd: OBJ SAVEPACKAGE PACKAGE="/Game/мяч" FILE="../../../../../../Users/BARS/Desktop/ПРОГРАММЫ/GGFootball/Content/мяч.uasset" SILENT=true
[2017.06.18-04.35.51:244][369]LogSavePackage: Save=8.01ms
[2017.06.18-04.35.51:244][369]LogSavePackage: Moving '../../../../../../Users/BARS/Desktop/ПРОГРАММЫ/GGFootball/Saved/мяч652089204DE6C1C9529D17BA01B2AC40.tmp' to '../../../../../../Users/BARS/Desktop/ПРОГРАММЫ/GGFootball/Content/мяч.uasset'
[2017.06.18-04.35.51:246][369]LogSavePackage:Display: Finished SavePackage ../../../../../../Users/BARS/Desktop/ПРОГРАММЫ/GGFootball/Content/мяч.uasset
[2017.06.18-04.35.51:250][369]Cmd: OBJ SAVEPACKAGE PACKAGE="/Game/башня" FILE="../../../../../../Users/BARS/Desktop/ПРОГРАММЫ/GGFootball/Content/башня.uasset" SILENT=true
[2017.06.18-04.35.51:274][369]LogSavePackage: Save=9.44ms
[2017.06.18-04.35.51:274][369]LogSavePackage: Moving '../../../../../../Users/BARS/Desktop/ПРОГРАММЫ/GGFootball/Saved/башня1A34800640B096499213F5B3663EC779.tmp' to '../../../../../../Users/BARS/Desktop/ПРОГРАММЫ/GGFootball/Content/башня.uasset'
[2017.06.18-04.35.51:275][369]LogSavePackage:Display: Finished SavePackage ../../../../../../Users/BARS/Desktop/ПРОГРАММЫ/GGFootball/Content/башня.uasset
[2017.06.18-04.35.51:280][369]Cmd: OBJ SAVEPACKAGE PACKAGE="/Game/ящик" FILE="../../../../../../Users/BARS/Desktop/ПРОГРАММЫ/GGFootball/Content/ящик.uasset" SILENT=true
[2017.06.18-04.35.51:301][369]LogSavePackage: Save=7.82ms
[2017.06.18-04.35.51:301][369]LogSavePackage: Moving '../../../../../../Users/BARS/Desktop/ПРОГРАММЫ/GGFootball/Saved/ящик9FC5D0CA460F674E740158A856900352.tmp' to '../../../../../../Users/BARS/Desktop/ПРОГРАММЫ/GGFootball/Content/ящик.uasset'
[2017.06.18-04.35.51:303][369]LogSavePackage:Display: Finished SavePackage ../../../../../../Users/BARS/Desktop/ПРОГРАММЫ/GGFootball/Content/ящик.uasset
[2017.06.18-04.35.51:308][369]Cmd: OBJ SAVEPACKAGE PACKAGE="/Game/дерево" FILE="../../../../../../Users/BARS/Desktop/ПРОГРАММЫ/GGFootball/Content/дерево.uasset" SILENT=true
[2017.06.18-04.35.51:330][369]LogSavePackage: Save=7.76ms
[2017.06.18-04.35.51:330][369]LogSavePackage: Moving '../../../../../../Users/BARS/Desktop/ПРОГРАММЫ/GGFootball/Saved/деревоE7AAFDDD465B869584E46DB10270649A.tmp' to '../../../../../../Users/BARS/Desktop/ПРОГРАММЫ/GGFootball/Content/дерево.uasset'
[2017.06.18-04.35.51:332][369]LogSavePackage:Display: Finished SavePackage ../../../../../../Users/BARS/Desktop/ПРОГРАММЫ/GGFootball/Content/дерево.uasset
[2017.06.18-04.35.51:337][369]Cmd: OBJ SAVEPACKAGE PACKAGE="/Game/ёлка" FILE="../../../../../../Users/BARS/Desktop/ПРОГРАММЫ/GGFootball/Content/ёлка.uasset" SILENT=true
[2017.06.18-04.35.51:361][369]LogSavePackage: Save=8.45ms
[2017.06.18-04.35.51:361][369]LogSavePackage: Moving '../../../../../../Users/BARS/Desktop/ПРОГРАММЫ/GGFootball/Saved/ёлкаF642A09E4213D587C9B5239853856539.tmp' to '../../../../../../Users/BARS/Desktop/ПРОГРАММЫ/GGFootball/Content/ёлка.uasset'
[2017.06.18-04.35.51:363][369]LogSavePackage:Display: Finished SavePackage ../../../../../../Users/BARS/Desktop/ПРОГРАММЫ/GGFootball/Content/ёлка.uasset
[2017.06.18-04.35.51:393][369]LogSavePackage: Save=11.59ms
[2017.06.18-04.35.51:393][369]LogSavePackage: Moving '../../../../../../Users/BARS/Desktop/ПРОГРАММЫ/GGFootball/Saved/текстура-футбо-ьного-мяча-34567547_MatA155C33D40887846D842F58332BB253D.tmp' to '../../../../../../Users/BARS/Desktop/ПРОГРАММЫ/GGFootball/Content/текстура-футбо-ьного-мяча-34567547_Mat.uasset'
[2017.06.18-04.35.51:395][369]LogSavePackage:Display: Finished SavePackage ../../../../../../Users/BARS/Desktop/ПРОГРАММЫ/GGFootball/Content/текстура-футбо-ьного-мяча-34567547_Mat.uasset
[2017.06.18-04.36.09:121][ 21]LogMaterial: Missing cached shader map for material текстура-футбо-ьного-мяча-34567547_Mat, compiling. 
[2017.06.18-04.36.09:267][ 21]LogMaterial: Missing cached shader map for material текстура-футбо-ьного-мяча-34567547_Mat, compiling. 
[2017.06.18-04.36.09:309][ 21]LogMaterial: Missing cached shader map for material текстура-футбо-ьного-мяча-34567547_Mat, compiling. 
[2017.06.18-04.36.09:370][ 21]LogMaterial: Missing cached shader map for material FMatExpressionPreview MaterialExpressionTextureSample_0, compiling. 
[2017.06.18-04.36.09:382][ 21]LogSlate: Took 0.000319 seconds to synchronously load lazily loaded font '../../../Engine/Content/Editor/Slate/Fonts/Roboto-BoldCondensed.ttf' (158K)
[2017.06.18-04.36.31:952][955]LogSavePackage: Save=8.67ms
[2017.06.18-04.36.31:952][955]LogSavePackage: Moving '../../../../../../Users/BARS/Desktop/ПРОГРАММЫ/GGFootball/Saved/текстура-футбо-ьного-мяча-34567547_Mat616304244DB3A06F020BF7A044607562.tmp' to '../../../../../../Users/BARS/Desktop/ПРОГРАММЫ/GGFootball/Content/текстура-футбо-ьного-мяча-34567547_Mat.uasset'
[2017.06.18-04.36.31:953][955]LogSavePackage:Display: Finished SavePackage ../../../../../../Users/BARS/Desktop/ПРОГРАММЫ/GGFootball/Content/текстура-футбо-ьного-мяча-34567547_Mat.uasset
[2017.06.18-04.36.35:022][107]LogSavePackage: Save=25.02ms
[2017.06.18-04.36.35:022][107]LogSavePackage: Moving '../../../../../../Users/BARS/Desktop/ПРОГРАММЫ/GGFootball/Saved/M_LightStage_Skybox_Master53ED8BC04B24960DC3CC9CAFEF837F17.tmp' to '../../../../../../Users/BARS/Desktop/ПРОГРАММЫ/GGFootball/Content/StarterContent/Blueprints/Assets/M_LightStage_Skybox_Master.uasset'
[2017.06.18-04.36.35:026][107]LogSavePackage:Display: Finished SavePackage ../../../../../../Users/BARS/Desktop/ПРОГРАММЫ/GGFootball/Content/StarterContent/Blueprints/Assets/M_LightStage_Skybox_Master.uasset
[2017.06.18-04.36.35:061][107]Cmd: OBJ SAVEPACKAGE PACKAGE="/Game/StarterContent/Materials/M_Metal_Gold" FILE="../../../../../../Users/BARS/Desktop/ПРОГРАММЫ/GGFootball/Content/StarterContent/Materials/M_Metal_Gold.uasset" SILENT=true
[2017.06.18-04.36.35:110][107]LogSavePackage: Save=32.16ms
[2017.06.18-04.36.35:110][107]LogSavePackage: Moving '../../../../../../Users/BARS/Desktop/ПРОГРАММЫ/GGFootball/Saved/M_Metal_Gold2B197A244114E6C515A791885DD9259D.tmp' to '../../../../../../Users/BARS/Desktop/ПРОГРАММЫ/GGFootball/Content/StarterContent/Materials/M_Metal_Gold.uasset'
[2017.06.18-04.36.35:113][107]LogSavePackage:Display: Finished SavePackage ../../../../../../Users/BARS/Desktop/ПРОГРАММЫ/GGFootball/Content/StarterContent/Materials/M_Metal_Gold.uasset
[2017.06.18-04.36.35:156][107]Cmd: OBJ SAVEPACKAGE PACKAGE="/Game/StarterContent/Materials/M_Tech_Panel" FILE="../../../../../../Users/BARS/Desktop/ПРОГРАММЫ/GGFootball/Content/StarterContent/Materials/M_Tech_Panel.uasset" SILENT=true
[2017.06.18-04.36.35:207][107]LogSavePackage: Save=34.58ms
[2017.06.18-04.36.35:207][107]LogSavePackage: Moving '../../../../../../Users/BARS/Desktop/ПРОГРАММЫ/GGFootball/Saved/M_Tech_Panel4E14D188453871E857F3C4B5997B47A7.tmp' to '../../../../../../Users/BARS/Desktop/ПРОГРАММЫ/GGFootball/Content/StarterContent/Materials/M_Tech_Panel.uasset'
[2017.06.18-04.36.35:211][107]LogSavePackage:Display: Finished SavePackage ../../../../../../Users/BARS/Desktop/ПРОГРАММЫ/GGFootball/Content/StarterContent/Materials/M_Tech_Panel.uasset
[2017.06.18-04.36.35:505][108]Cmd: QUIT_EDITOR
[2017.06.18-04.36.35:531][108]LogWindowsTextInputMethodSystem:Display: IME system now deactivated.
[2017.06.18-04.36.35:545][108]LogExit: Preparing to exit.
[2017.06.18-04.36.36:195][108]LogDirectoryWatcher: A directory notification for 'C:/Users/BARS/Desktop/ПРОГРАММЫ/GGFootball/Content/' was aborted.
[2017.06.18-04.36.36:230][108]LogExit: Editor shut down
[2017.06.18-04.36.36:241][108]LogExit: Transaction tracking system shut down
[2017.06.18-04.36.36:337][108]LogObj: Freed 0b from 0 cluster array pools.
[2017.06.18-04.36.36:337][108]LogExit: Object subsystem successfully closed.
[2017.06.18-04.36.36:355][108]LogD3D11RHI: Shutdown
[2017.06.18-04.36.36:355][108]LogD3D11RHI: CleanupD3DDevice
[2017.06.18-04.36.36:507][108]LogD3D11RHI: ~FD3D11DynamicRHI
[2017.06.18-04.36.36:529][108]LogModuleManager: Shutting down and abandoning module MaterialEditor (524)
[2017.06.18-04.36.36:529][108]LogModuleManager: Shutting down and abandoning module StaticMeshEditor (522)
[2017.06.18-04.36.36:529][108]LogModuleManager: Shutting down and abandoning module HierarchicalLODOutliner (520)
[2017.06.18-04.36.36:529][108]LogModuleManager: Shutting down and abandoning module CrashTracker (518)
[2017.06.18-04.36.36:529][108]LogModuleManager: Shutting down and abandoning module AddContentDialog (516)
[2017.06.18-04.36.36:529][108]LogDirectoryWatcher: A directory notification for 'C:/Program Files/Epic Games/UE_4.16/FeaturePacks/' was aborted.
[2017.06.18-04.36.36:531][108]LogModuleManager: Shutting down and abandoning module WidgetCarousel (515)
[2017.06.18-04.36.36:531][108]LogModuleManager: Shutting down and abandoning module EditorWidgets (512)
[2017.06.18-04.36.36:531][108]LogModuleManager: Shutting down and abandoning module CollectionManager (510)
[2017.06.18-04.36.36:531][108]LogDirectoryWatcher: A directory notification for 'C:/Users/BARS/Desktop/ПРОГРАММЫ/GGFootball/Content/Collections/' was aborted.
[2017.06.18-04.36.36:531][108]LogDirectoryWatcher: A directory notification for 'C:/Users/BARS/Desktop/ПРОГРАММЫ/GGFootball/Content/Developers/BARS/Collections/' was aborted.
[2017.06.18-04.36.36:531][108]LogDirectoryWatcher: A directory notification for 'C:/Users/BARS/Desktop/ПРОГРАММЫ/GGFootball/Saved/Collections/' was aborted.
[2017.06.18-04.36.36:531][108]LogModuleManager: Shutting down and abandoning module FoliageEdit (508)
[2017.06.18-04.36.36:531][108]LogModuleManager: Shutting down and abandoning module LandscapeEditor (506)
[2017.06.18-04.36.36:531][108]LogModuleManager: Shutting down and abandoning module MeshPaintMode (504)
[2017.06.18-04.36.36:531][108]LogModuleManager: Shutting down and abandoning module SceneDepthPickerMode (502)
[2017.06.18-04.36.36:531][108]LogModuleManager: Shutting down and abandoning module ActorPickerMode (500)
[2017.06.18-04.36.36:531][108]LogModuleManager: Shutting down and abandoning module GeometryMode (498)
[2017.06.18-04.36.36:531][108]LogModuleManager: Shutting down and abandoning module TextureAlignMode (496)
[2017.06.18-04.36.36:531][108]LogModuleManager: Shutting down and abandoning module BspMode (494)
[2017.06.18-04.36.36:531][108]LogModuleManager: Shutting down and abandoning module HardwareSurvey (492)
[2017.06.18-04.36.36:531][108]LogModuleManager: Shutting down and abandoning module SequenceRecorderSections (490)
[2017.06.18-04.36.36:531][108]LogModuleManager: Shutting down and abandoning module AutomationWorker (488)
[2017.06.18-04.36.36:531][108]LogModuleManager: Shutting down and abandoning module MatineeToLevelSequence (486)
[2017.06.18-04.36.36:531][108]LogModuleManager: Shutting down and abandoning module LevelSequenceEditor (484)
[2017.06.18-04.36.36:531][108]LogModuleManager: Shutting down and abandoning module PlacementMode (483)
[2017.06.18-04.36.36:531][108]LogModuleManager: Shutting down and abandoning module WmfMediaFactory (480)
[2017.06.18-04.36.36:531][108]LogModuleManager: Shutting down and abandoning module WmfMediaEditor (478)
[2017.06.18-04.36.36:531][108]LogModuleManager: Shutting down and abandoning module AvfMediaFactory (476)
[2017.06.18-04.36.36:532][108]LogModuleManager: Shutting down and abandoning module AvfMediaEditor (474)
[2017.06.18-04.36.36:532][108]LogModuleManager: Shutting down and abandoning module AndroidMediaFactory (472)
[2017.06.18-04.36.36:532][108]LogModuleManager: Shutting down and abandoning module Media (471)
[2017.06.18-04.36.36:532][108]LogModuleManager: Shutting down and abandoning module AndroidMediaEditor (468)
[2017.06.18-04.36.36:532][108]LogModuleManager: Shutting down and abandoning module CharacterAI (466)
[2017.06.18-04.36.36:532][108]LogModuleManager: Shutting down and abandoning module AudioCapture (464)
[2017.06.18-04.36.36:532][108]LogModuleManager: Shutting down and abandoning module SequenceRecorder (463)
[2017.06.18-04.36.36:532][108]LogModuleManager: Shutting down and abandoning module SmartSnapping (460)
[2017.06.18-04.36.36:532][108]LogModuleManager: Shutting down and abandoning module SessionServices (458)
[2017.06.18-04.36.36:532][108]LogModuleManager: Shutting down and abandoning module ViewportSnapping (456)
[2017.06.18-04.36.36:532][108]LogModuleManager: Shutting down and abandoning module ViewportInteraction (454)
[2017.06.18-04.36.36:532][108]LogModuleManager: Shutting down and abandoning module ClothPainter (452)
[2017.06.18-04.36.36:532][108]LogModuleManager: Shutting down and abandoning module LogVisualizer (450)
[2017.06.18-04.36.36:532][108]LogModuleManager: Shutting down and abandoning module IntroTutorials (448)
[2017.06.18-04.36.36:532][108]LogModuleManager: Shutting down and abandoning module GameProjectGeneration (447)
[2017.06.18-04.36.36:532][108]LogModuleManager: Shutting down and abandoning module EditorLiveStreaming (444)
[2017.06.18-04.36.36:532][108]LogModuleManager: Shutting down and abandoning module IOSPlatformEditor (442)
[2017.06.18-04.36.36:532][108]LogModuleManager: Shutting down and abandoning module HTML5PlatformEditor (440)
[2017.06.18-04.36.36:532][108]LogModuleManager: Shutting down and abandoning module AndroidPlatformEditor (438)
[2017.06.18-04.36.36:532][108]LogModuleManager: Shutting down and abandoning module AndroidDeviceDetection (437)
[2017.06.18-04.36.37:386][108]LogModuleManager: Shutting down and abandoning module IOSRuntimeSettings (434)
[2017.06.18-04.36.37:386][108]LogModuleManager: Shutting down and abandoning module AndroidRuntimeSettings (432)
[2017.06.18-04.36.37:386][108]LogModuleManager: Shutting down and abandoning module InputBindingEditor (430)
[2017.06.18-04.36.37:386][108]LogModuleManager: Shutting down and abandoning module MergeActors (428)
[2017.06.18-04.36.37:386][108]LogModuleManager: Shutting down and abandoning module SizeMap (426)
[2017.06.18-04.36.37:386][108]LogModuleManager: Shutting down and abandoning module TreeMap (424)
[2017.06.18-04.36.37:386][108]LogModuleManager: Shutting down and abandoning module ReferenceViewer (422)
[2017.06.18-04.36.37:386][108]LogModuleManager: Shutting down and abandoning module LocalizationDashboard (420)
[2017.06.18-04.36.37:386][108]LogModuleManager: Shutting down and abandoning module LocalizationService (419)
[2017.06.18-04.36.37:386][108]LogModuleManager: Shutting down and abandoning module HardwareTargeting (416)
[2017.06.18-04.36.37:386][108]LogModuleManager: Shutting down and abandoning module DeviceProfileEditor (414)
[2017.06.18-04.36.37:386][108]LogModuleManager: Shutting down and abandoning module UndoHistory (412)
[2017.06.18-04.36.37:386][108]LogModuleManager: Shutting down and abandoning module UserFeedback (410)
[2017.06.18-04.36.37:386][108]LogModuleManager: Shutting down and abandoning module XmlParser (408)
[2017.06.18-04.36.37:386][108]LogModuleManager: Shutting down and abandoning module Blutility (406)
[2017.06.18-04.36.37:386][108]LogModuleManager: Shutting down and abandoning module ProjectSettingsViewer (404)
[2017.06.18-04.36.37:386][108]LogModuleManager: Shutting down and abandoning module ProjectTargetPlatformEditor (403)
[2017.06.18-04.36.37:387][108]LogModuleManager: Shutting down and abandoning module EditorSettingsViewer (400)
[2017.06.18-04.36.37:387][108]LogModuleManager: Shutting down and abandoning module SettingsEditor (398)
[2017.06.18-04.36.37:387][108]LogModuleManager: Shutting down and abandoning module ProjectLauncher (396)
[2017.06.18-04.36.37:387][108]LogModuleManager: Shutting down and abandoning module SessionFrontend (394)
[2017.06.18-04.36.37:387][108]LogModuleManager: Shutting down and abandoning module ProfilerClient (392)
[2017.06.18-04.36.37:387][108]LogModuleManager: Shutting down and abandoning module DeviceManager (390)
[2017.06.18-04.36.37:387][108]LogModuleManager: Shutting down and abandoning module TargetDeviceServices (389)
[2017.06.18-04.36.37:429][108]LogModuleManager: Shutting down and abandoning module AutomationController (386)
[2017.06.18-04.36.37:429][108]LogModuleManager: Shutting down and abandoning module AutomationWindow (384)
[2017.06.18-04.36.37:429][108]LogModuleManager: Shutting down and abandoning module Layers (382)
[2017.06.18-04.36.37:429][108]LogModuleManager: Shutting down and abandoning module ComponentVisualizers (380)
[2017.06.18-04.36.37:429][108]LogModuleManager: Shutting down and abandoning module DetailCustomizations (378)
[2017.06.18-04.36.37:429][108]LogModuleManager: Shutting down and abandoning module PackagesDialog (376)
[2017.06.18-04.36.37:429][108]LogModuleManager: Shutting down and abandoning module Persona (374)
[2017.06.18-04.36.37:429][108]LogModuleManager: Shutting down and abandoning module AdvancedPreviewScene (373)
[2017.06.18-04.36.37:429][108]LogModuleManager: Shutting down and abandoning module AnimGraph (371)
[2017.06.18-04.36.37:429][108]LogModuleManager: Shutting down and abandoning module Kismet (368)
[2017.06.18-04.36.37:429][108]LogModuleManager: Shutting down and abandoning module ClassViewer (366)
[2017.06.18-04.36.37:430][108]LogModuleManager: Shutting down and abandoning module Toolbox (364)
[2017.06.18-04.36.37:430][108]LogModuleManager: Shutting down and abandoning module ModuleUI (362)
[2017.06.18-04.36.37:430][108]LogModuleManager: Shutting down and abandoning module MovieSceneTools (360)
[2017.06.18-04.36.37:430][108]LogModuleManager: Shutting down and abandoning module OutputLog (358)
[2017.06.18-04.36.37:430][108]LogModuleManager: Shutting down and abandoning module GammaUI (356)
[2017.06.18-04.36.37:430][108]LogModuleManager: Shutting down and abandoning module Documentation (354)
[2017.06.18-04.36.37:430][108]LogModuleManager: Shutting down and abandoning module MovieSceneTracks (352)
[2017.06.18-04.36.37:430][108]LogModuleManager: Shutting down and abandoning module MovieScene (350)
[2017.06.18-04.36.37:430][108]LogModuleManager: Shutting down and abandoning module Niagara (348)
[2017.06.18-04.36.37:430][108]LogModuleManager: Shutting down and abandoning module NiagaraEditor (347)
[2017.06.18-04.36.37:430][108]LogModuleManager: Shutting down and abandoning module StreamingPauseRendering (344)
[2017.06.18-04.36.37:430][108]LogModuleManager: Shutting down and abandoning module AnalyticsET (342)
[2017.06.18-04.36.37:430][108]LogModuleManager: Shutting down and abandoning module PortalServices (340)
[2017.06.18-04.36.37:430][108]LogModuleManager: Shutting down and abandoning module PortalRpc (338)
[2017.06.18-04.36.37:430][108]LogModuleManager: Shutting down and abandoning module MessagingRpc (336)
[2017.06.18-04.36.37:430][108]LogModuleManager: Shutting down and abandoning module AIModule (334)
[2017.06.18-04.36.37:430][108]LogModuleManager: Shutting down and abandoning module GameplayDebugger (333)
[2017.06.18-04.36.37:430][108]LogModuleManager: Shutting down and abandoning module AITestSuite (331)
[2017.06.18-04.36.37:430][108]LogModuleManager: Shutting down and abandoning module ProfilerService (328)
[2017.06.18-04.36.37:606][108]LogModuleManager: Shutting down and abandoning module TaskGraph (326)
[2017.06.18-04.36.37:606][108]LogModuleManager: Shutting down and abandoning module SteamVRController (324)
[2017.06.18-04.36.37:606][108]LogModuleManager: Shutting down and abandoning module SteamVR (322)
[2017.06.18-04.36.37:606][108]LogModuleManager: Shutting down and abandoning module ProceduralMeshComponentEditor (320)
[2017.06.18-04.36.37:606][108]LogModuleManager: Shutting down and abandoning module ProceduralMeshComponent (318)
[2017.06.18-04.36.37:607][108]LogModuleManager: Shutting down and abandoning module OculusLibrary (316)
[2017.06.18-04.36.37:607][108]LogModuleManager: Shutting down and abandoning module OculusInput (314)
[2017.06.18-04.36.37:607][108]LogModuleManager: Shutting down and abandoning module MobilePatchingUtils (312)
[2017.06.18-04.36.37:607][108]LogModuleManager: Shutting down and abandoning module CustomMeshComponent (310)
[2017.06.18-04.36.37:607][108]LogModuleManager: Shutting down and abandoning module CableComponent (308)
[2017.06.18-04.36.37:607][108]LogModuleManager: Shutting down and abandoning module ArchVisCharacter (306)
[2017.06.18-04.36.37:607][108]LogModuleManager: Shutting down and abandoning module AndroidPermission (304)
[2017.06.18-04.36.37:607][108]LogModuleManager: Shutting down and abandoning module MediaPlayerEditor (300)
[2017.06.18-04.36.37:607][108]LogModuleManager: Shutting down and abandoning module HTML5Networking (298)
[2017.06.18-04.36.37:607][108]LogModuleManager: Shutting down and abandoning module AlembicImporter (296)
[2017.06.18-04.36.37:607][108]LogModuleManager: Shutting down and abandoning module AlembicLibrary (295)
[2017.06.18-04.36.37:607][108]LogModuleManager: Shutting down and abandoning module GeometryCache (294)
[2017.06.18-04.36.37:607][108]LogModuleManager: Shutting down and abandoning module GeometryCacheEd (293)
[2017.06.18-04.36.37:607][108]LogModuleManager: Shutting down and abandoning module SuperSearchEditor (288)
[2017.06.18-04.36.37:607][108]LogModuleManager: Shutting down and abandoning module SuperSearch (287)
[2017.06.18-04.36.37:607][108]LogModuleManager: Shutting down and abandoning module SpeedTreeImporter (284)
[2017.06.18-04.36.37:607][108]LogModuleManager: Shutting down and abandoning module PluginBrowser (282)
[2017.06.18-04.36.37:607][108]LogModuleManager: Shutting down and abandoning module MobileLauncherProfileWizard (280)
[2017.06.18-04.36.37:607][108]LogModuleManager: Shutting down and abandoning module VisualStudioSourceCodeAccess (278)
[2017.06.18-04.36.37:607][108]LogModuleManager: Shutting down and abandoning module DesktopPlatform (277)
[2017.06.18-04.36.37:607][108]LogModuleManager: Shutting down and abandoning module UObjectPlugin (274)
[2017.06.18-04.36.37:607][108]LogModuleManager: Shutting down and abandoning module SubversionSourceControl (272)
[2017.06.18-04.36.37:607][108]LogModuleManager: Shutting down and abandoning module PerforceSourceControl (270)
[2017.06.18-04.36.37:607][108]LogModuleManager: Shutting down and abandoning module GitSourceControl (268)
[2017.06.18-04.36.37:607][108]LogModuleManager: Shutting down and abandoning module SourceControl (267)
[2017.06.18-04.36.37:607][108]LogModuleManager: Shutting down and abandoning module LightPropagationVolumeEditor (264)
[2017.06.18-04.36.37:607][108]LogModuleManager: Shutting down and abandoning module PaperTiledImporter (262)
[2017.06.18-04.36.37:607][108]LogModuleManager: Shutting down and abandoning module PaperSpriteSheetImporter (260)
[2017.06.18-04.36.37:607][108]LogModuleManager: Shutting down and abandoning module Paper2DEditor (258)
[2017.06.18-04.36.37:608][108]LogModuleManager: Shutting down and abandoning module MeshPaint (257)
[2017.06.18-04.36.37:608][108]LogModuleManager: Shutting down and abandoning module LevelEditor (255)
[2017.06.18-04.36.37:609][108]LogModuleManager: Shutting down and abandoning module PixelInspectorModule (254)
[2017.06.18-04.36.37:609][108]LogModuleManager: Shutting down and abandoning module MainFrame (252)
[2017.06.18-04.36.37:609][108]LogModuleManager: Shutting down and abandoning module HotReload (251)
[2017.06.18-04.36.37:610][108]LogModuleManager: Shutting down and abandoning module PhysXVehiclesEditor (246)
[2017.06.18-04.36.37:610][108]LogModuleManager: Shutting down and abandoning module PhysXVehicles (244)
[2017.06.18-04.36.37:610][108]LogModuleManager: Shutting down and abandoning module LocationServicesBPLibrary (242)
[2017.06.18-04.36.37:610][108]LogModuleManager: Shutting down and abandoning module ImmediatePhysicsEditor (240)
[2017.06.18-04.36.37:610][108]LogModuleManager: Shutting down and abandoning module ImmediatePhysics (238)
[2017.06.18-04.36.37:610][108]LogModuleManager: Shutting down and abandoning module UdpMessaging (236)
[2017.06.18-04.36.37:711][108]LogModuleManager: Shutting down and abandoning module TcpMessaging (234)
[2017.06.18-04.36.37:812][108]LogModuleManager: Shutting down and abandoning module GameplayTagsEditor (232)
[2017.06.18-04.36.37:812][108]LogModuleManager: Shutting down and abandoning module FacialAnimationEditor (230)
[2017.06.18-04.36.37:812][108]LogModuleManager: Shutting down and abandoning module FacialAnimation (228)
[2017.06.18-04.36.37:812][108]LogModuleManager: Shutting down and abandoning module AssetManagerEditor (226)
[2017.06.18-04.36.37:812][108]LogModuleManager: Shutting down and abandoning module GraphEditor (225)
[2017.06.18-04.36.37:812][108]LogModuleManager: Shutting down and abandoning module ContentBrowser (223)
[2017.06.18-04.36.37:813][108]LogModuleManager: Shutting down and abandoning module LightPropagationVolumeRuntime (220)
[2017.06.18-04.36.37:813][108]LogModuleManager: Shutting down and abandoning module Paper2D (218)
[2017.06.18-04.36.37:813][108]LogModuleManager: Shutting down and abandoning module WindowsMoviePlayer (216)
[2017.06.18-04.36.37:813][108]LogModuleManager: Shutting down and abandoning module WmfMedia (214)
[2017.06.18-04.36.37:813][108]LogModuleManager: Shutting down and abandoning module ClothingSystemEditor (212)
[2017.06.18-04.36.37:813][108]LogModuleManager: Shutting down and abandoning module ClothingSystemRuntime (210)
[2017.06.18-04.36.37:814][108]LogModuleManager: Shutting down and abandoning module MediaAssets (208)
[2017.06.18-04.36.37:814][108]LogModuleManager: Shutting down and abandoning module GameLiveStreaming (206)
[2017.06.18-04.36.37:814][108]LogModuleManager: Shutting down and abandoning module VREditor (204)
[2017.06.18-04.36.37:814][108]LogModuleManager: Shutting down and abandoning module StringTableEditor (202)
[2017.06.18-04.36.37:814][108]LogModuleManager: Shutting down and abandoning module GameplayTasksEditor (200)
[2017.06.18-04.36.37:814][108]LogModuleManager: Shutting down and abandoning module BehaviorTreeEditor (198)
[2017.06.18-04.36.37:814][108]LogModuleManager: Shutting down and abandoning module FunctionalTesting (196)
[2017.06.18-04.36.37:814][108]LogModuleManager: Shutting down and abandoning module CollisionAnalyzer (194)
[2017.06.18-04.36.37:814][108]LogModuleManager: Shutting down and abandoning module UMG (192)
[2017.06.18-04.36.37:814][108]LogModuleManager: Shutting down and abandoning module UMGEditor (191)
[2017.06.18-04.36.37:814][108]LogModuleManager: Shutting down and abandoning module Sequencer (190)
[2017.06.18-04.36.37:814][108]LogModuleManager: Shutting down and abandoning module AssetTools (188)
[2017.06.18-04.36.37:814][108]LogModuleManager: Shutting down and abandoning module MessageLog (187)
[2017.06.18-04.36.37:814][108]LogModuleManager: Shutting down and abandoning module WorkspaceMenuStructure (186)
[2017.06.18-04.36.37:814][108]LogModuleManager: Shutting down and abandoning module SlateReflector (180)
[2017.06.18-04.36.37:814][108]LogModuleManager: Shutting down and abandoning module Slate (178)
[2017.06.18-04.36.37:814][108]LogModuleManager: Shutting down and abandoning module EditorStyle (176)
[2017.06.18-04.36.37:818][108]LogModuleManager: Shutting down and abandoning module SourceCodeAccess (174)
[2017.06.18-04.36.37:818][108]LogModuleManager: Shutting down and abandoning module HeadMountedDisplay (172)
[2017.06.18-04.36.37:818][108]LogModuleManager: Shutting down and abandoning module XAudio2 (170)
[2017.06.18-04.36.37:818][108]LogModuleManager: Shutting down and abandoning module Networking (168)
[2017.06.18-04.36.37:818][108]LogModuleManager: Shutting down and abandoning module Core (164)
[2017.06.18-04.36.37:818][108]LogModuleManager: Shutting down and abandoning module AssetRegistry (162)
[2017.06.18-04.36.38:051][108]LogDirectoryWatcher: A directory notification for '../../../Engine/Content/' was aborted.
[2017.06.18-04.36.38:051][108]LogDirectoryWatcher: A directory notification for '../../../../../../Users/BARS/Desktop/ПРОГРАММЫ/GGFootball/Content/' was aborted.
[2017.06.18-04.36.38:051][108]LogDirectoryWatcher: A directory notification for '../../../Engine/Plugins/2D/Paper2D/Content/' was aborted.
[2017.06.18-04.36.38:051][108]LogDirectoryWatcher: A directory notification for '../../../Engine/Plugins/Runtime/GearVR/Content/' was aborted.
[2017.06.18-04.36.38:056][108]LogModuleManager: Shutting down and abandoning module DirectoryWatcher (161)
[2017.06.18-04.36.38:057][108]LogModuleManager: Shutting down and abandoning module KismetCompiler (158)
[2017.06.18-04.36.38:057][108]LogModuleManager: Shutting down and abandoning module LevelSequence (156)
[2017.06.18-04.36.38:057][108]LogModuleManager: Shutting down and abandoning module PhysXFormats (154)
[2017.06.18-04.36.38:057][108]LogModuleManager: Shutting down and abandoning module MeshUtilities (152)
[2017.06.18-04.36.38:057][108]LogModuleManager: Shutting down and abandoning module SimplygonSwarm (151)
[2017.06.18-04.36.38:057][108]LogModuleManager: Shutting down and abandoning module SimplygonMeshReduction (149)
[2017.06.18-04.36.38:058][108]LogModuleManager: Shutting down and abandoning module QuadricMeshReduction (147)
[2017.06.18-04.36.38:058][108]LogModuleManager: Shutting down and abandoning module DerivedDataCache (144)
[2017.06.18-04.36.38:142][108]LogDerivedDataCache: Shutdown
[2017.06.18-04.36.38:142][108]LogModuleManager: Shutting down and abandoning module TargetPlatform (142)
[2017.06.18-04.36.38:142][108]LogModuleManager: Shutting down and abandoning module VulkanShaderFormat (141)
[2017.06.18-04.36.38:142][108]LogModuleManager: Shutting down and abandoning module ShaderFormatVectorVM (139)
[2017.06.18-04.36.38:142][108]LogModuleManager: Shutting down and abandoning module ShaderFormatOpenGL (137)
[2017.06.18-04.36.38:142][108]LogModuleManager: Shutting down and abandoning module ShaderFormatD3D (135)
[2017.06.18-04.36.38:142][108]LogModuleManager: Shutting down and abandoning module MetalShaderFormat (133)
[2017.06.18-04.36.38:142][108]LogModuleManager: Shutting down and abandoning module TextureFormatUncompressed (131)
[2017.06.18-04.36.38:142][108]LogModuleManager: Shutting down and abandoning module TextureFormatPVR (129)
[2017.06.18-04.36.38:142][108]LogModuleManager: Shutting down and abandoning module TextureFormatDXT (127)
[2017.06.18-04.36.38:142][108]LogModuleManager: Shutting down and abandoning module TextureFormatIntelISPCTexComp (125)
[2017.06.18-04.36.38:143][108]LogModuleManager: Shutting down and abandoning module TextureFormatASTC (123)
[2017.06.18-04.36.38:143][108]LogModuleManager: Shutting down and abandoning module ImageWrapper (122)
[2017.06.18-04.36.38:143][108]LogModuleManager: Shutting down and abandoning module TextureFormatAndroid (119)
[2017.06.18-04.36.38:143][108]LogModuleManager: Shutting down and abandoning module AudioFormatOpus (117)
[2017.06.18-04.36.38:143][108]LogModuleManager: Shutting down and abandoning module AudioFormatOgg (115)
[2017.06.18-04.36.38:143][108]LogModuleManager: Shutting down and abandoning module AudioFormatADPCM (113)
[2017.06.18-04.36.38:143][108]LogModuleManager: Shutting down and abandoning module LinuxTargetPlatform (111)
[2017.06.18-04.36.38:143][108]LogModuleManager: Shutting down and abandoning module LinuxServerTargetPlatform (109)
[2017.06.18-04.36.38:143][108]LogModuleManager: Shutting down and abandoning module LinuxNoEditorTargetPlatform (107)
[2017.06.18-04.36.38:143][108]LogModuleManager: Shutting down and abandoning module LinuxClientTargetPlatform (105)
[2017.06.18-04.36.38:143][108]LogModuleManager: Shutting down and abandoning module TVOSTargetPlatform (103)
[2017.06.18-04.36.38:143][108]LogModuleManager: Shutting down and abandoning module Messaging (101)
[2017.06.18-04.36.38:143][108]LogModuleManager: Shutting down and abandoning module IOSTargetPlatform (99)
[2017.06.18-04.36.38:143][108]LogModuleManager: Shutting down and abandoning module HTML5TargetPlatform (97)
[2017.06.18-04.36.38:143][108]LogModuleManager: Shutting down and abandoning module Android_PVRTCTargetPlatform (95)
[2017.06.18-04.36.38:143][108]LogModuleManager: Shutting down and abandoning module Android_MultiTargetPlatform (93)
[2017.06.18-04.36.38:143][108]LogModuleManager: Shutting down and abandoning module Android_ETC2TargetPlatform (91)
[2017.06.18-04.36.38:143][108]LogModuleManager: Shutting down and abandoning module Android_ETC1TargetPlatform (89)
[2017.06.18-04.36.38:143][108]LogModuleManager: Shutting down and abandoning module Android_DXTTargetPlatform (87)
[2017.06.18-04.36.38:143][108]LogModuleManager: Shutting down and abandoning module Android_ATCTargetPlatform (85)
[2017.06.18-04.36.38:143][108]LogModuleManager: Shutting down and abandoning module Android_ASTCTargetPlatform (83)
[2017.06.18-04.36.38:143][108]LogModuleManager: Shutting down and abandoning module AndroidTargetPlatform (81)
[2017.06.18-04.36.38:143][108]LogModuleManager: Shutting down and abandoning module WindowsTargetPlatform (79)
[2017.06.18-04.36.38:143][108]LogModuleManager: Shutting down and abandoning module WindowsServerTargetPlatform (77)
[2017.06.18-04.36.38:143][108]LogModuleManager: Shutting down and abandoning module WindowsNoEditorTargetPlatform (75)
[2017.06.18-04.36.38:143][108]LogModuleManager: Shutting down and abandoning module WindowsClientTargetPlatform (73)
[2017.06.18-04.36.38:143][108]LogModuleManager: Shutting down and abandoning module MacTargetPlatform (71)
[2017.06.18-04.36.38:143][108]LogModuleManager: Shutting down and abandoning module MacServerTargetPlatform (69)
[2017.06.18-04.36.38:143][108]LogModuleManager: Shutting down and abandoning module MacNoEditorTargetPlatform (67)
[2017.06.18-04.36.38:143][108]LogModuleManager: Shutting down and abandoning module MacClientTargetPlatform (65)
[2017.06.18-04.36.38:143][108]LogModuleManager: Shutting down and abandoning module AllDesktopTargetPlatform (63)
[2017.06.18-04.36.38:143][108]LogModuleManager: Shutting down and abandoning module InputCore (60)
[2017.06.18-04.36.38:143][108]LogModuleManager: Shutting down and abandoning module Settings (58)
[2017.06.18-04.36.38:143][108]LogModuleManager: Shutting down and abandoning module OculusRift (56)
[2017.06.18-04.36.38:143][108]LogModuleManager: Shutting down and abandoning module GearVRController (54)
[2017.06.18-04.36.38:143][108]LogModuleManager: Shutting down and abandoning module GearVR (52)
[2017.06.18-04.36.38:143][108]LogModuleManager: Shutting down and abandoning module ExampleDeviceProfileSelector (50)
[2017.06.18-04.36.38:143][108]LogModuleManager: Shutting down and abandoning module OnlineBlueprintSupport (48)
[2017.06.18-04.36.38:143][108]LogModuleManager: Shutting down and abandoning module OnlineSubsystem (44)
[2017.06.18-04.36.38:143][108]LogOnline:Display: Unloading online subsystem: NULL
[2017.06.18-04.36.38:143][108]LogModuleManager: Shutting down and abandoning module XMPP (43)
[2017.06.18-04.36.38:143][108]LogModuleManager: Shutting down and abandoning module HTTP (41)
[2017.06.18-04.36.38:143][108]LogHttp:Display: Http module shutting down, but needs to wait on 1 outstanding Http requests:
[2017.06.18-04.36.38:143][108]LogHttp:Display: 	verb=[POST] url=[https://datarouter.ol.epicgames.com/datarouter/api/v1/public/data?SessionID=%7BD6A8B040-404E-A841-2BA6-F8BE029DAE8A%7D&AppID=UEEditor.Rocket.Release&AppVersion=4.16.1-3466753%2B%2B%2BUE4%2BRelease-4.16&UserID=9aa6ecfb4767d0a10ee768aa34e114af%7Cbe1dc849c34248278283a980c6ca8968%7Ccc2dcfd8-4c4f-4ab5-a434-8c621d908f50&AppEnvironment=datacollector-binary&UploadType=eteventstream] status=Processing
[2017.06.18-04.36.38:154][108]LogModuleManager: Shutting down and abandoning module SSL (40)
[2017.06.18-04.36.38:156][108]LogModuleManager: Shutting down and abandoning module HTTPChunkInstaller (36)
[2017.06.18-04.36.38:156][108]LogModuleManager: Shutting down and abandoning module AnimationModifiers (34)
[2017.06.18-04.36.38:156][108]LogModuleManager: Shutting down and abandoning module PropertyEditor (33)
[2017.06.18-04.36.38:156][108]LogModuleManager: Shutting down and abandoning module AudioEditor (30)
[2017.06.18-04.36.38:156][108]LogModuleManager: Shutting down and abandoning module TextureCompressor (28)
[2017.06.18-04.36.38:156][108]LogModuleManager: Shutting down and abandoning module ShaderCore (26)
[2017.06.18-04.36.38:156][108]LogModuleManager: Shutting down and abandoning module Landscape (24)
[2017.06.18-04.36.38:156][108]LogModuleManager: Shutting down and abandoning module SlateRHIRenderer (22)
[2017.06.18-04.36.38:158][108]LogModuleManager: Shutting down and abandoning module OpenGLDrv (20)
[2017.06.18-04.36.38:158][108]LogModuleManager: Shutting down and abandoning module D3D11RHI (18)
[2017.06.18-04.36.38:158][108]LogModuleManager: Shutting down and abandoning module AnimGraphRuntime (16)
[2017.06.18-04.36.38:158][108]LogModuleManager: Shutting down and abandoning module Renderer (14)
[2017.06.18-04.36.38:158][108]LogModuleManager: Shutting down and abandoning module Engine (12)
[2017.06.18-04.36.38:158][108]LogModuleManager: Shutting down and abandoning module CoreUObject (10)
[2017.06.18-04.36.38:158][108]LogModuleManager: Shutting down and abandoning module NetworkFile (8)
[2017.06.18-04.36.38:158][108]LogModuleManager: Shutting down and abandoning module StreamingFile (6)
[2017.06.18-04.36.38:158][108]LogModuleManager: Shutting down and abandoning module SandboxFile (4)
[2017.06.18-04.36.38:158][108]LogModuleManager: Shutting down and abandoning module PakFile (2)
[2017.06.18-04.36.38:160][108]LogExit: Exiting.
[2017.06.18-04.36.38:180][108]Log file closed, 06/18/17 12:36:38
