Log file open, 06/20/17 23:20:12
LogInit:Display: Running engine for game: football
LogPlatformFile: Not using cached read wrapper
LogInit:Display: RandInit(974119740) SRandInit(974119740).
LogTaskGraph: Started task graph with 5 named threads and 6 total threads with 1 sets of task threads.
LogStats: Stats thread started at 0.099654
LogInit: Using libcurl 7.47.1
LogInit:  - built for x86_64-pc-win32
LogInit:  - supports SSL with OpenSSL/1.0.2g
LogInit:  - supports HTTP deflate (compression) using libz 1.2.8
LogInit:  - other features:
LogInit:      CURL_VERSION_SSL
LogInit:      CURL_VERSION_LIBZ
LogInit:      CURL_VERSION_IPV6
LogInit:      CURL_VERSION_ASYNCHDNS
LogInit:      CURL_VERSION_LARGEFILE
LogInit:      CURL_VERSION_IDN
LogInit:  CurlRequestOptions (configurable via config and command line):
LogInit:  - bVerifyPeer = false  - Libcurl will NOT verify peer certificate
LogInit:  - bUseHttpProxy = false  - Libcurl will NOT use HTTP proxy
LogInit:  - bDontReuseConnections = false  - Libcurl will reuse connections
LogInit:  - CertBundlePath = nullptr  - Libcurl will use whatever was configured at build time.
LogInit: Build: ++UE4+Release-4.16-CL-3466753
LogInit: Engine Version: 4.16.1-3466753+++UE4+Release-4.16
LogInit: Compatible Engine Version: 4.16.0-3452394+++UE4+Release-4.16
LogInit: Net CL: 3452394
LogDevObjectVersion: Number of dev versions registered: 16
LogDevObjectVersion:   Dev-Blueprints (B0D832E4-1F89-4F0D-ACCF-7EB736FD4AA2): 9
LogDevObjectVersion:   Dev-Build (E1C64328-A22C-4D53-A36C-8E866417BD8C): 0
LogDevObjectVersion:   Dev-Core (375EC13C-06E4-48FB-B500-84F0262A717E): 2
LogDevObjectVersion:   Dev-Editor (E4B068ED-F494-42E9-A231-DA0B2E46BB41): 17
LogDevObjectVersion:   Dev-Framework (CFFC743F-43B0-4480-9391-14DF171D2073): 23
LogDevObjectVersion:   Dev-Mobile (B02B49B5-BB20-44E9-A304-32B752E40360): 0
LogDevObjectVersion:   Dev-Networking (A4E4105C-59A1-49B5-A7C5-40C4547EDFEE): 0
LogDevObjectVersion:   Dev-Online (39C831C9-5AE6-47DC-9A44-9C173E1C8E7C): 0
LogDevObjectVersion:   Dev-Physics (78F01B33-EBEA-4F98-B9B4-84EACCB95AA2): 0
LogDevObjectVersion:   Dev-Platform (6631380F-2D4D-43E0-8009-CF276956A95A): 0
LogDevObjectVersion:   Dev-Rendering (12F88B9F-8875-4AFC-A67C-D90C383ABD29): 15
LogDevObjectVersion:   Dev-Sequencer (7B5AE74C-D270-4C10-A958-57980B212A5A): 4
LogDevObjectVersion:   Dev-VR (D7296918-1DD6-4BDD-9DE2-64A83CC13884): 0
LogDevObjectVersion:   Dev-LoadTimes (C2A15278-BFE7-4AFE-6C17-90FF531DF755): 1
LogDevObjectVersion:   Private-Geometry (6EACA3D4-40EC-4CC1-B786-8BED09428FC5): 1
LogDevObjectVersion:   Dev-AnimPhys (29E575DD-E0A3-4627-9D10-D276232CDCEA): 3
LogInit: Compiled (64-bit): May 31 2017 02:03:30
LogInit: Compiled with Visual C++: 19.00.24215.01
LogInit: Build Configuration: Development
LogInit: Branch Name: ++UE4+Release-4.16
LogInit: Command line: -EpicPortal 
LogInit: Base directory: C:/Program Files/Epic Games/UE_4.16/Engine/Binaries/Win64/
LogInit: Installed Engine Build: 1
LogInit: Presizing for max 8388607 objects, including 0 objects not considered by GC, pre-allocating 0 bytes for permanent pool.
LogInit: Object subsystem initialized
[2017.06.20-15.20.13:333][  0]LogInit: Selected Device Profile: [Windows]
[2017.06.20-15.20.13:333][  0]LogInit: Applying CVar settings loaded from the selected device profile: [Windows]
[2017.06.20-15.20.13:379][  0]LogInit: Computer: BARS-PC
[2017.06.20-15.20.13:379][  0]LogInit: User: BARS
[2017.06.20-15.20.13:379][  0]LogInit: CPU Page size=4096, Cores=2
[2017.06.20-15.20.13:379][  0]LogInit: High frequency timer resolution =3.801689 MHz
[2017.06.20-15.20.13:379][  0]LogMemory: Memory total: Physical=16.0GB (16GB approx)
[2017.06.20-15.20.13:379][  0]LogMemory: Platform Memory Stats for Windows
[2017.06.20-15.20.13:379][  0]LogMemory: Process Physical Memory: 271.63 MB used, 271.63 MB peak
[2017.06.20-15.20.13:379][  0]LogMemory: Process Virtual Memory: 258.57 MB used, 258.57 MB peak
[2017.06.20-15.20.13:379][  0]LogMemory: Physical Memory: 3549.00 MB used,  12796.28 MB free, 16345.29 MB total
[2017.06.20-15.20.13:379][  0]LogMemory: Virtual Memory: 634.16 MB used,  12796.28 MB free, 134217728.00 MB total
[2017.06.20-15.20.13:520][  0]LogInit: Using OS detected language (ru-RU).
[2017.06.20-15.20.13:520][  0]LogInit: Using OS detected locale (ru-RU).
[2017.06.20-15.20.13:524][  0]LogTextLocalizationManager: No localization for 'ru-RU' exists, so 'en' will be used for the language.
[2017.06.20-15.20.13:524][  0]LogTextLocalizationManager: No localization for 'ru-RU' exists, so 'en' will be used for the locale.
[2017.06.20-15.20.14:662][  0]LogD3D11RHI: D3D11 adapters:
[2017.06.20-15.20.14:704][  0]LogD3D11RHI:    0. 'NVIDIA GeForce GTX 770' (Feature Level 11_0)
[2017.06.20-15.20.14:704][  0]LogD3D11RHI:       2017/0/8172 MB DedicatedVideo/DedicatedSystem/SharedSystem, Outputs:1, VendorId:0x10de
[2017.06.20-15.20.14:708][  0]LogD3D11RHI:    1. 'Microsoft Basic Render Driver' (Feature Level 11_0)
[2017.06.20-15.20.14:708][  0]LogD3D11RHI:       0/0/8172 MB DedicatedVideo/DedicatedSystem/SharedSystem, Outputs:0, VendorId:0x1414
[2017.06.20-15.20.14:708][  0]LogD3D11RHI: Chosen D3D11 Adapter: 0
[2017.06.20-15.20.14:715][  0]LogD3D11RHI: Creating new Direct3DDevice
[2017.06.20-15.20.14:715][  0]LogD3D11RHI:     GPU DeviceId: 0x1184 (for the marketing name, search the web for "GPU Device Id")
[2017.06.20-15.20.14:715][  0]LogWindows: EnumDisplayDevices:
[2017.06.20-15.20.14:715][  0]LogWindows:    0. 'NVIDIA GeForce GTX 770' (P:1 D:1)
[2017.06.20-15.20.14:716][  0]LogWindows:    1. 'NVIDIA GeForce GTX 770' (P:0 D:0)
[2017.06.20-15.20.14:716][  0]LogWindows:    2. 'NVIDIA GeForce GTX 770' (P:0 D:0)
[2017.06.20-15.20.14:716][  0]LogWindows:    3. 'NVIDIA GeForce GTX 770' (P:0 D:0)
[2017.06.20-15.20.14:716][  0]LogWindows: DebugString: FoundDriverCount:4 
[2017.06.20-15.20.14:716][  0]LogD3D11RHI:     Adapter Name: NVIDIA GeForce GTX 770
[2017.06.20-15.20.14:716][  0]LogD3D11RHI:   Driver Version: 376.53 (internal:21.21.13.7653, unified:376.53)
[2017.06.20-15.20.14:716][  0]LogD3D11RHI:      Driver Date: 12-29-2016
[2017.06.20-15.20.14:716][  0]LogRHI: Texture pool is 1361 MB (70% of 1945 MB)
[2017.06.20-15.20.14:739][  0]LogD3D11RHI: Async texture creation enabled
[2017.06.20-15.20.14:756][  0]LogD3D11RHI: GPU Timing Frequency: 1000.000000 (Debug: 2 2)
[2017.06.20-15.20.14:806][  0]LogShaderCompilers: Guid format shader working directory is -12 characters bigger than the processId version (../../../../../../Users/BARS/Desktop/ПРОГРАММЫ/GGFootball/Intermediate/Shaders/WorkingDirectory/2312/).
[2017.06.20-15.20.14:806][  0]LogShaderCompilers: Cleaned the shader compiler working directory 'C:/Users/BARS/AppData/Local/Temp/UnrealShaderWorkingDir/D0CE928442F09670A7D8E3AFECB326EE/'.
[2017.06.20-15.20.14:806][  0]LogShaderCompilers:Display: Using Local Shader Compiler.
[2017.06.20-15.20.16:415][  0]LogTemp:Display: Loaded TP AllDesktopTargetPlatform
[2017.06.20-15.20.16:505][  0]LogTemp:Display: Loaded TP MacClientTargetPlatform
[2017.06.20-15.20.16:593][  0]LogTemp:Display: Loaded TP MacNoEditorTargetPlatform
[2017.06.20-15.20.16:683][  0]LogTemp:Display: Loaded TP MacServerTargetPlatform
[2017.06.20-15.20.16:773][  0]LogTemp:Display: Loaded TP MacTargetPlatform
[2017.06.20-15.20.16:859][  0]LogTemp:Display: Loaded TP WindowsClientTargetPlatform
[2017.06.20-15.20.16:946][  0]LogTemp:Display: Loaded TP WindowsNoEditorTargetPlatform
[2017.06.20-15.20.17:036][  0]LogTemp:Display: Loaded TP WindowsServerTargetPlatform
[2017.06.20-15.20.17:115][  0]LogTemp:Display: Loaded TP WindowsTargetPlatform
[2017.06.20-15.20.17:202][  0]LogTemp:Display: Loaded TP AndroidTargetPlatform
[2017.06.20-15.20.17:288][  0]LogTemp:Display: Loaded TP Android_ASTCTargetPlatform
[2017.06.20-15.20.17:374][  0]LogTemp:Display: Loaded TP Android_ATCTargetPlatform
[2017.06.20-15.20.17:460][  0]LogTemp:Display: Loaded TP Android_DXTTargetPlatform
[2017.06.20-15.20.17:555][  0]LogTemp:Display: Loaded TP Android_ETC1TargetPlatform
[2017.06.20-15.20.17:648][  0]LogTemp:Display: Loaded TP Android_ETC2TargetPlatform
[2017.06.20-15.20.17:821][  0]LogTemp:Display: Loaded TP Android_MultiTargetPlatform
[2017.06.20-15.20.17:821][  0]LogTemp:Display: Loaded TP Android_PVRTCTargetPlatform
[2017.06.20-15.20.17:893][  0]LogTemp:Display: Loaded TP HTML5TargetPlatform
[2017.06.20-15.20.18:051][  0]LogTemp:Display: Loaded TP IOSTargetPlatform
[2017.06.20-15.20.18:106][  0]LogTemp:Display: Loaded TP TVOSTargetPlatform
[2017.06.20-15.20.18:195][  0]LogTemp:Display: Loaded TP LinuxClientTargetPlatform
[2017.06.20-15.20.18:291][  0]LogTemp:Display: Loaded TP LinuxNoEditorTargetPlatform
[2017.06.20-15.20.18:381][  0]LogTemp:Display: Loaded TP LinuxServerTargetPlatform
[2017.06.20-15.20.18:469][  0]LogTemp:Display: Loaded TP LinuxTargetPlatform
[2017.06.20-15.20.18:469][  0]LogTargetPlatformManager:Display: Building Assets For Windows
[2017.06.20-15.20.19:566][  0]LogDerivedDataCache:Display: Max Cache Size: 512 MB
[2017.06.20-15.20.19:755][  0]LogDerivedDataCache: Loaded boot cache 0.19s 90MB C:/Users/BARS/AppData/Local/UnrealEngine/4.16/DerivedDataCache/Boot.ddc.
[2017.06.20-15.20.19:755][  0]LogDerivedDataCache:Display: Loaded Boot cache: C:/Users/BARS/AppData/Local/UnrealEngine/4.16/DerivedDataCache/Boot.ddc
[2017.06.20-15.20.19:755][  0]LogDerivedDataCache: FDerivedDataBackendGraph:  Pak pak cache file ../../../../../../Users/BARS/Desktop/ПРОГРАММЫ/GGFootball/DerivedDataCache/DDC.ddp not found, will not use a pak cache.
[2017.06.20-15.20.19:755][  0]LogDerivedDataCache: Unable to find inner node Pak for hierarchical cache Hierarchy.
[2017.06.20-15.20.19:755][  0]LogDerivedDataCache: FDerivedDataBackendGraph:  CompressedPak pak cache file ../../../../../../Users/BARS/Desktop/ПРОГРАММЫ/GGFootball/DerivedDataCache/Compressed.ddp not found, will not use a pak cache.
[2017.06.20-15.20.19:755][  0]LogDerivedDataCache: Unable to find inner node CompressedPak for hierarchical cache Hierarchy.
[2017.06.20-15.20.19:779][  0]LogDerivedDataCache:Display: Pak cache opened for reading ../../../Engine/DerivedDataCache/Compressed.ddp.
[2017.06.20-15.20.19:791][  0]LogDerivedDataCache: Using Local data cache path C:/Users/BARS/AppData/Local/UnrealEngine/Common/DerivedDataCache: Writable
[2017.06.20-15.20.19:808][  0]LogMaterial: Verifying Global Shaders for PCD3D_SM5
[2017.06.20-15.20.19:809][  0]LogSlate: Using Freetype 2.6.0
[2017.06.20-15.20.19:810][  0]LogSlate: SlateFontCache - WITH_FREETYPE: 1, WITH_HARFBUZZ: 1
[2017.06.20-15.20.19:810][  0]LogSlate: SlateFontCache - WITH_FREETYPE: 1, WITH_HARFBUZZ: 1
[2017.06.20-15.20.20:319][  0]LogInit: Selected Device Profile: [Windows]
[2017.06.20-15.20.20:460][  0]LogContentStreaming: Texture pool size is 0.00 MB
[2017.06.20-15.20.20:713][  0]LogMeshUtilities: Using QuadricMeshReduction for automatic static mesh reduction
[2017.06.20-15.20.20:798][  0]LogSimplygon: Simplygon DLL not present - disabling.
[2017.06.20-15.20.20:887][  0]LogMeshUtilities: Using SimplygonSwarm for distributed automatic mesh merging
[2017.06.20-15.20.20:887][  0]LogMeshUtilities: No automatic skeletal mesh reduction module available
[2017.06.20-15.20.20:887][  0]LogMeshUtilities: No automatic mesh merging module available
[2017.06.20-15.20.21:843][  0]LogNetVersion: football , NetCL: 3452394, EngineNetVer: 2, GameNetVer: 0 (Checksum: 1187144866)
[2017.06.20-15.20.21:932][  0]LogAssetRegistry: FAssetRegistry took 0.0276 seconds to start up
[2017.06.20-15.20.22:009][  0]LogPackageLocalizationCache: Processed 4 localized package path(s) for 1 prioritized culture(s) in 0.029512 seconds
[2017.06.20-15.20.22:019][  0]LogUObjectArray: 34194 objects as part of root set at end of initial load.
[2017.06.20-15.20.22:019][  0]LogUObjectAllocator: 7260416 out of 0 bytes used by permanent object pool.
[2017.06.20-15.20.22:019][  0]LogUObjectArray: CloseDisregardForGC: 0/0 objects in disregard for GC pool
[2017.06.20-15.20.22:152][  0]LogInit: WinSock: version 1.1 (2.2), MaxSocks=32767, MaxUdp=65467
[2017.06.20-15.20.26:192][  0]LogTcpMessaging: Initializing TcpMessaging bridge
[2017.06.20-15.20.26:260][  0]LogUdpMessaging: Initializing bridge on interface 0.0.0.0:0 to multicast group 230.0.0.1:6666.
[2017.06.20-15.20.27:185][  0]LogMaterial: Uniform references updated for custom material expression Custom.
[2017.06.20-15.20.27:883][  0]SourceControl: Info Source control is disabled
[2017.06.20-15.20.27:935][  0]SourceControl: Info Source control is disabled
[2017.06.20-15.20.28:127][  0]SourceControl: Info Source control is disabled
[2017.06.20-15.20.28:219][  0]SourceControl: Info Source control is disabled
[2017.06.20-15.20.29:580][  0]LogAndroidPermission: UAndroidPermissionCallbackProxy::GetInstance
[2017.06.20-15.20.30:664][  0]LogEngine: Initializing Engine...
[2017.06.20-15.20.30:665][  0]LogHMD: Failed to initialize OpenVR with code 110
[2017.06.20-15.20.31:040][  0]LogStats: UGameplayTagsManager::ConstructGameplayTagTree: Construct from data asset -  0.000 s
[2017.06.20-15.20.31:040][  0]LogStats: UGameplayTagsManager::ConstructGameplayTagTree: GameplayTagTreeChangedEvent.Broadcast -  0.000 s
[2017.06.20-15.20.31:280][  0]LogAIModule: Creating AISystem for world Untitled
[2017.06.20-15.20.31:296][  0]LogInit: XAudio2 using 'Динамики (Realtek High Definition Audio)' : 2 channels at 48 kHz using 32 bits per sample (channel mask 0x3)
[2017.06.20-15.20.31:310][  0]LogInit: FAudioDevice initialized.
[2017.06.20-15.20.31:398][  0]LogDerivedDataCache: Saved boot cache 0.09s 90MB C:/Users/BARS/AppData/Local/UnrealEngine/4.16/DerivedDataCache/Boot.ddc.
[2017.06.20-15.20.31:433][  0]LogInit: Texture streaming: Enabled
[2017.06.20-15.20.31:614][  0]LogEngineSessionManager: EngineSessionManager initialized
[2017.06.20-15.20.32:019][  0]LogInit: Transaction tracking system initialized
[2017.06.20-15.20.32:641][  0]BlueprintLog: New page: Editor Load
[2017.06.20-15.20.34:404][  0]LocalizationService: Info Localization service is disabled
[2017.06.20-15.20.35:730][  0]LogConsoleResponse:Display: 
[2017.06.20-15.20.35:985][  0]LogCook:Display: Max memory allowance for cook 16384mb min free memory 0mb
[2017.06.20-15.20.35:985][  0]LogCook:Display: Mobile HDR setting 1
[2017.06.20-15.20.36:530][  0]LogFileCache: Scanning file cache for directory 'C:/Users/BARS/Desktop/ПРОГРАММЫ/GGFootball/Content/' took 0.02s
[2017.06.20-15.20.37:898][  0]SourceControl: Info Source control is disabled
[2017.06.20-15.20.37:898][  0]Cmd: MAP LOAD FILE="../../../../../../Users/BARS/Desktop/ПРОГРАММЫ/GGFootball/Content/FirstPersonBP/Maps/FirstPersonExampleMap.umap" TEMPLATE=0 SHOWPROGRESS=1 FEATURELEVEL=3
[2017.06.20-15.20.37:899][  0]LogEditorServer:Warning: Can't find file '../../../../../../Users/BARS/Desktop/ПРОГРАММЫ/GGFootball/Content/FirstPersonBP/Maps/FirstPersonExampleMap.umap'
[2017.06.20-15.20.37:899][  0]Cmd: MAP CHECKDEP NOCLEARLOG
[2017.06.20-15.20.37:973][  0]MapCheck: Info Map check complete: 0 Error(s), 0 Warning(s), took 73.861ms to complete.
[2017.06.20-15.20.37:973][  0]LogFileHelpers: Loading map 'FirstPersonExampleMap' took 0.074
[2017.06.20-15.20.38:165][  0]LogCollectionManager: Loaded 1 collections in 0.006575 seconds
[2017.06.20-15.20.38:280][  0]LogFileCache: Scanning file cache for directory 'C:/Users/BARS/Desktop/ПРОГРАММЫ/GGFootball/Saved/Collections/' took 0.01s
[2017.06.20-15.20.38:280][  0]LogFileCache: Scanning file cache for directory 'C:/Users/BARS/Desktop/ПРОГРАММЫ/GGFootball/Content/Developers/BARS/Collections/' took 0.01s
[2017.06.20-15.20.38:280][  0]LogFileCache: Scanning file cache for directory 'C:/Users/BARS/Desktop/ПРОГРАММЫ/GGFootball/Content/Collections/' took 0.01s
[2017.06.20-15.20.38:280][  0]LogCollectionManager: Rebuilt the GUID cache for 1 collections in 0.000004 seconds
[2017.06.20-15.20.38:280][  0]LogCollectionManager: Rebuilt the hierarchy cache for 1 collections in 0.000000 seconds
[2017.06.20-15.20.38:295][  0]LogContentBrowser: Native class hierarchy populated in 0.0149 seconds. Added 2329 classes and 491 folders.
[2017.06.20-15.20.38:412][  0]LogContentBrowser: Native class hierarchy updated for 'WidgetCarousel' in 0.0007 seconds. Added 0 classes and 0 folders.
[2017.06.20-15.20.38:475][  0]LogContentBrowser: Native class hierarchy updated for 'AddContentDialog' in 0.0007 seconds. Added 0 classes and 0 folders.
[2017.06.20-15.20.38:553][  0]LogContentBrowser: Native class hierarchy updated for 'SceneOutliner' in 0.0009 seconds. Added 1 classes and 2 folders.
[2017.06.20-15.20.38:621][  0]LogCrashTracker: Crashtracker disabled due to settings.
[2017.06.20-15.20.38:633][  0]LogSlate: Took 0.000494 seconds to synchronously load lazily loaded font '../../../Engine/Content/Slate/Fonts/Roboto-Regular.ttf' (155K)
[2017.06.20-15.20.38:639][  0]LogSlate: Took 0.000405 seconds to synchronously load lazily loaded font '../../../Engine/Content/Slate/Fonts/Roboto-Bold.ttf' (160K)
[2017.06.20-15.20.38:646][  0]LogSlate: Took 0.000379 seconds to synchronously load lazily loaded font '../../../Engine/Content/Editor/Slate/Fonts/FontAwesome.ttf' (139K)
[2017.06.20-15.20.38:763][  0]LogRenderer: Reallocating scene render targets to support 812x472 NumSamples 1 (Frame:1).
[2017.06.20-15.20.38:892][  0]LogUObjectGlobals:Warning: Failed to find object 'Class None.'
[2017.06.20-15.20.38:993][  0]LogContentBrowser: Native class hierarchy updated for 'HierarchicalLODOutliner' in 0.0009 seconds. Added 1 classes and 2 folders.
[2017.06.20-15.20.38:994][  0]LogLoad: (Engine Initialization) Total time: 28.71 seconds
[2017.06.20-15.20.38:994][  0]LogLoad: (Engine Initialization) Total Blueprint compile time: 0.08 seconds
[2017.06.20-15.20.38:994][  0]LogExternalProfiler: No external profilers were discovered.  External profiling features will not be available.
[2017.06.20-15.20.39:335][  0]LogOcInput: OculusInput pre-init called
[2017.06.20-15.20.39:335][  0]LogHMD: Starting GearVRController plugin
[2017.06.20-15.20.39:355][  0]LogContentStreaming: Texture pool size now 1000 MB
[2017.06.20-15.20.40:338][  3]LogAssetRegistry: Asset discovery search completed in 18.4282 seconds
[2017.06.20-15.20.40:341][  3]LogCollectionManager: Rebuilt the object cache for 1 collections in 0.000002 seconds (found 0 objects)
[2017.06.20-15.20.40:341][  3]LogCollectionManager: Fixed up redirectors for 1 collections in 0.000033 seconds (updated 0 objects)
[2017.06.20-15.20.40:354][  3]LogSlate: Took 0.000463 seconds to synchronously load lazily loaded font '../../../Engine/Content/Slate/Fonts/Roboto-Light.ttf' (159K)
[2017.06.20-15.20.43:707][ 13]LogSlate: Took 0.000577 seconds to synchronously load lazily loaded font '../../../Engine/Content/Slate/Fonts/Roboto-Light.ttf' (159K)
