Log file open, 06/18/17 12:39:20
LogInit:Display: Running engine for game: football
LogPlatformFile: Not using cached read wrapper
LogInit:Display: RandInit(996259269) SRandInit(996259269).
LogTaskGraph: Started task graph with 5 named threads and 6 total threads with 1 sets of task threads.
LogStats: Stats thread started at 0.104700
LogInit: Using libcurl 7.47.1
LogInit:  - built for x86_64-pc-win32
LogInit:  - supports SSL with OpenSSL/1.0.2g
LogInit:  - supports HTTP deflate (compression) using libz 1.2.8
LogInit:  - other features:
LogInit:      CURL_VERSION_SSL
LogInit:      CURL_VERSION_LIBZ
LogInit:      CURL_VERSION_IPV6
LogInit:      CURL_VERSION_ASYNCHDNS
LogInit:      CURL_VERSION_LARGEFILE
LogInit:      CURL_VERSION_IDN
LogInit:  CurlRequestOptions (configurable via config and command line):
LogInit:  - bVerifyPeer = false  - Libcurl will NOT verify peer certificate
LogInit:  - bUseHttpProxy = false  - Libcurl will NOT use HTTP proxy
LogInit:  - bDontReuseConnections = false  - Libcurl will reuse connections
LogInit:  - CertBundlePath = nullptr  - Libcurl will use whatever was configured at build time.
LogInit: Build: ++UE4+Release-4.16-CL-3466753
LogInit: Engine Version: 4.16.1-3466753+++UE4+Release-4.16
LogInit: Compatible Engine Version: 4.16.0-3452394+++UE4+Release-4.16
LogInit: Net CL: 3452394
LogDevObjectVersion: Number of dev versions registered: 16
LogDevObjectVersion:   Dev-Blueprints (B0D832E4-1F89-4F0D-ACCF-7EB736FD4AA2): 9
LogDevObjectVersion:   Dev-Build (E1C64328-A22C-4D53-A36C-8E866417BD8C): 0
LogDevObjectVersion:   Dev-Core (375EC13C-06E4-48FB-B500-84F0262A717E): 2
LogDevObjectVersion:   Dev-Editor (E4B068ED-F494-42E9-A231-DA0B2E46BB41): 17
LogDevObjectVersion:   Dev-Framework (CFFC743F-43B0-4480-9391-14DF171D2073): 23
LogDevObjectVersion:   Dev-Mobile (B02B49B5-BB20-44E9-A304-32B752E40360): 0
LogDevObjectVersion:   Dev-Networking (A4E4105C-59A1-49B5-A7C5-40C4547EDFEE): 0
LogDevObjectVersion:   Dev-Online (39C831C9-5AE6-47DC-9A44-9C173E1C8E7C): 0
LogDevObjectVersion:   Dev-Physics (78F01B33-EBEA-4F98-B9B4-84EACCB95AA2): 0
LogDevObjectVersion:   Dev-Platform (6631380F-2D4D-43E0-8009-CF276956A95A): 0
LogDevObjectVersion:   Dev-Rendering (12F88B9F-8875-4AFC-A67C-D90C383ABD29): 15
LogDevObjectVersion:   Dev-Sequencer (7B5AE74C-D270-4C10-A958-57980B212A5A): 4
LogDevObjectVersion:   Dev-VR (D7296918-1DD6-4BDD-9DE2-64A83CC13884): 0
LogDevObjectVersion:   Dev-LoadTimes (C2A15278-BFE7-4AFE-6C17-90FF531DF755): 1
LogDevObjectVersion:   Private-Geometry (6EACA3D4-40EC-4CC1-B786-8BED09428FC5): 1
LogDevObjectVersion:   Dev-AnimPhys (29E575DD-E0A3-4627-9D10-D276232CDCEA): 3
LogInit: Compiled (64-bit): May 31 2017 02:03:30
LogInit: Compiled with Visual C++: 19.00.24215.01
LogInit: Build Configuration: Development
LogInit: Branch Name: ++UE4+Release-4.16
LogInit: Command line: -EpicPortal 
LogInit: Base directory: C:/Program Files/Epic Games/UE_4.16/Engine/Binaries/Win64/
LogInit: Installed Engine Build: 1
LogInit: Presizing for max 8388607 objects, including 0 objects not considered by GC, pre-allocating 0 bytes for permanent pool.
LogInit: Object subsystem initialized
[2017.06.18-04.39.21:446][  0]LogInit: Selected Device Profile: [Windows]
[2017.06.18-04.39.21:446][  0]LogInit: Applying CVar settings loaded from the selected device profile: [Windows]
[2017.06.18-04.39.21:462][  0]LogInit: Computer: BARS-PC
[2017.06.18-04.39.21:462][  0]LogInit: User: BARS
[2017.06.18-04.39.21:462][  0]LogInit: CPU Page size=4096, Cores=2
[2017.06.18-04.39.21:462][  0]LogInit: High frequency timer resolution =3.801689 MHz
[2017.06.18-04.39.21:462][  0]LogMemory: Memory total: Physical=16.0GB (16GB approx)
[2017.06.18-04.39.21:462][  0]LogMemory: Platform Memory Stats for Windows
[2017.06.18-04.39.21:462][  0]LogMemory: Process Physical Memory: 271.63 MB used, 271.63 MB peak
[2017.06.18-04.39.21:462][  0]LogMemory: Process Virtual Memory: 258.69 MB used, 258.69 MB peak
[2017.06.18-04.39.21:462][  0]LogMemory: Physical Memory: 4651.66 MB used,  11693.63 MB free, 16345.29 MB total
[2017.06.18-04.39.21:462][  0]LogMemory: Virtual Memory: 634.16 MB used,  11693.63 MB free, 134217728.00 MB total
[2017.06.18-04.39.21:598][  0]LogInit: Using OS detected language (ru-RU).
[2017.06.18-04.39.21:598][  0]LogInit: Using OS detected locale (ru-RU).
[2017.06.18-04.39.21:602][  0]LogTextLocalizationManager: No localization for 'ru-RU' exists, so 'en' will be used for the language.
[2017.06.18-04.39.21:603][  0]LogTextLocalizationManager: No localization for 'ru-RU' exists, so 'en' will be used for the locale.
[2017.06.18-04.39.22:843][  0]LogD3D11RHI: D3D11 adapters:
[2017.06.18-04.39.22:883][  0]LogD3D11RHI:    0. 'NVIDIA GeForce GTX 770' (Feature Level 11_0)
[2017.06.18-04.39.22:883][  0]LogD3D11RHI:       2017/0/8172 MB DedicatedVideo/DedicatedSystem/SharedSystem, Outputs:1, VendorId:0x10de
[2017.06.18-04.39.22:885][  0]LogD3D11RHI:    1. 'Microsoft Basic Render Driver' (Feature Level 11_0)
[2017.06.18-04.39.22:885][  0]LogD3D11RHI:       0/0/8172 MB DedicatedVideo/DedicatedSystem/SharedSystem, Outputs:0, VendorId:0x1414
[2017.06.18-04.39.22:885][  0]LogD3D11RHI: Chosen D3D11 Adapter: 0
[2017.06.18-04.39.22:892][  0]LogD3D11RHI: Creating new Direct3DDevice
[2017.06.18-04.39.22:892][  0]LogD3D11RHI:     GPU DeviceId: 0x1184 (for the marketing name, search the web for "GPU Device Id")
[2017.06.18-04.39.22:892][  0]LogWindows: EnumDisplayDevices:
[2017.06.18-04.39.22:892][  0]LogWindows:    0. 'NVIDIA GeForce GTX 770' (P:1 D:1)
[2017.06.18-04.39.22:892][  0]LogWindows:    1. 'NVIDIA GeForce GTX 770' (P:0 D:0)
[2017.06.18-04.39.22:893][  0]LogWindows:    2. 'NVIDIA GeForce GTX 770' (P:0 D:0)
[2017.06.18-04.39.22:893][  0]LogWindows:    3. 'NVIDIA GeForce GTX 770' (P:0 D:0)
[2017.06.18-04.39.22:893][  0]LogWindows: DebugString: FoundDriverCount:4 
[2017.06.18-04.39.22:893][  0]LogD3D11RHI:     Adapter Name: NVIDIA GeForce GTX 770
[2017.06.18-04.39.22:893][  0]LogD3D11RHI:   Driver Version: 376.53 (internal:21.21.13.7653, unified:376.53)
[2017.06.18-04.39.22:893][  0]LogD3D11RHI:      Driver Date: 12-29-2016
[2017.06.18-04.39.22:893][  0]LogRHI: Texture pool is 1361 MB (70% of 1945 MB)
[2017.06.18-04.39.22:916][  0]LogD3D11RHI: Async texture creation enabled
[2017.06.18-04.39.22:928][  0]LogD3D11RHI: GPU Timing Frequency: 1000.000000 (Debug: 2 1)
[2017.06.18-04.39.22:978][  0]LogShaderCompilers: Guid format shader working directory is -12 characters bigger than the processId version (../../../../../../Users/BARS/Desktop/ПРОГРАММЫ/GGFootball/Intermediate/Shaders/WorkingDirectory/9980/).
[2017.06.18-04.39.22:978][  0]LogShaderCompilers: Cleaned the shader compiler working directory 'C:/Users/BARS/AppData/Local/Temp/UnrealShaderWorkingDir/96B3FE17439F6BEE6F39EB8B3C3BCD73/'.
[2017.06.18-04.39.22:978][  0]LogShaderCompilers:Display: Using Local Shader Compiler.
[2017.06.18-04.39.24:616][  0]LogTemp:Display: Loaded TP AllDesktopTargetPlatform
[2017.06.18-04.39.24:706][  0]LogTemp:Display: Loaded TP MacClientTargetPlatform
[2017.06.18-04.39.24:793][  0]LogTemp:Display: Loaded TP MacNoEditorTargetPlatform
[2017.06.18-04.39.24:881][  0]LogTemp:Display: Loaded TP MacServerTargetPlatform
[2017.06.18-04.39.24:970][  0]LogTemp:Display: Loaded TP MacTargetPlatform
[2017.06.18-04.39.25:058][  0]LogTemp:Display: Loaded TP WindowsClientTargetPlatform
[2017.06.18-04.39.25:146][  0]LogTemp:Display: Loaded TP WindowsNoEditorTargetPlatform
[2017.06.18-04.39.25:235][  0]LogTemp:Display: Loaded TP WindowsServerTargetPlatform
[2017.06.18-04.39.25:317][  0]LogTemp:Display: Loaded TP WindowsTargetPlatform
[2017.06.18-04.39.25:404][  0]LogTemp:Display: Loaded TP AndroidTargetPlatform
[2017.06.18-04.39.25:491][  0]LogTemp:Display: Loaded TP Android_ASTCTargetPlatform
[2017.06.18-04.39.25:577][  0]LogTemp:Display: Loaded TP Android_ATCTargetPlatform
[2017.06.18-04.39.25:664][  0]LogTemp:Display: Loaded TP Android_DXTTargetPlatform
[2017.06.18-04.39.25:755][  0]LogTemp:Display: Loaded TP Android_ETC1TargetPlatform
[2017.06.18-04.39.25:842][  0]LogTemp:Display: Loaded TP Android_ETC2TargetPlatform
[2017.06.18-04.39.26:017][  0]LogTemp:Display: Loaded TP Android_MultiTargetPlatform
[2017.06.18-04.39.26:017][  0]LogTemp:Display: Loaded TP Android_PVRTCTargetPlatform
[2017.06.18-04.39.26:092][  0]LogTemp:Display: Loaded TP HTML5TargetPlatform
[2017.06.18-04.39.26:242][  0]LogTemp:Display: Loaded TP IOSTargetPlatform
[2017.06.18-04.39.26:302][  0]LogTemp:Display: Loaded TP TVOSTargetPlatform
[2017.06.18-04.39.26:389][  0]LogTemp:Display: Loaded TP LinuxClientTargetPlatform
[2017.06.18-04.39.26:478][  0]LogTemp:Display: Loaded TP LinuxNoEditorTargetPlatform
[2017.06.18-04.39.26:564][  0]LogTemp:Display: Loaded TP LinuxServerTargetPlatform
[2017.06.18-04.39.26:650][  0]LogTemp:Display: Loaded TP LinuxTargetPlatform
[2017.06.18-04.39.26:650][  0]LogTargetPlatformManager:Display: Building Assets For Windows
[2017.06.18-04.39.27:561][  0]LogDerivedDataCache:Display: Max Cache Size: 512 MB
[2017.06.18-04.39.27:743][  0]LogDerivedDataCache: Loaded boot cache 0.18s 90MB C:/Users/BARS/AppData/Local/UnrealEngine/4.16/DerivedDataCache/Boot.ddc.
[2017.06.18-04.39.27:743][  0]LogDerivedDataCache:Display: Loaded Boot cache: C:/Users/BARS/AppData/Local/UnrealEngine/4.16/DerivedDataCache/Boot.ddc
[2017.06.18-04.39.27:743][  0]LogDerivedDataCache: FDerivedDataBackendGraph:  Pak pak cache file ../../../../../../Users/BARS/Desktop/ПРОГРАММЫ/GGFootball/DerivedDataCache/DDC.ddp not found, will not use a pak cache.
[2017.06.18-04.39.27:743][  0]LogDerivedDataCache: Unable to find inner node Pak for hierarchical cache Hierarchy.
[2017.06.18-04.39.27:744][  0]LogDerivedDataCache: FDerivedDataBackendGraph:  CompressedPak pak cache file ../../../../../../Users/BARS/Desktop/ПРОГРАММЫ/GGFootball/DerivedDataCache/Compressed.ddp not found, will not use a pak cache.
[2017.06.18-04.39.27:744][  0]LogDerivedDataCache: Unable to find inner node CompressedPak for hierarchical cache Hierarchy.
[2017.06.18-04.39.27:766][  0]LogDerivedDataCache:Display: Pak cache opened for reading ../../../Engine/DerivedDataCache/Compressed.ddp.
[2017.06.18-04.39.27:779][  0]LogDerivedDataCache: Using Local data cache path C:/Users/BARS/AppData/Local/UnrealEngine/Common/DerivedDataCache: Writable
[2017.06.18-04.39.27:795][  0]LogMaterial: Verifying Global Shaders for PCD3D_SM5
[2017.06.18-04.39.27:795][  0]LogSlate: Using Freetype 2.6.0
[2017.06.18-04.39.27:796][  0]LogSlate: SlateFontCache - WITH_FREETYPE: 1, WITH_HARFBUZZ: 1
[2017.06.18-04.39.27:796][  0]LogSlate: SlateFontCache - WITH_FREETYPE: 1, WITH_HARFBUZZ: 1
[2017.06.18-04.39.28:264][  0]LogInit: Selected Device Profile: [Windows]
[2017.06.18-04.39.28:398][  0]LogContentStreaming: Texture pool size is 0.00 MB
[2017.06.18-04.39.28:644][  0]LogMeshUtilities: Using QuadricMeshReduction for automatic static mesh reduction
[2017.06.18-04.39.28:724][  0]LogSimplygon: Simplygon DLL not present - disabling.
[2017.06.18-04.39.28:813][  0]LogMeshUtilities: Using SimplygonSwarm for distributed automatic mesh merging
[2017.06.18-04.39.28:813][  0]LogMeshUtilities: No automatic skeletal mesh reduction module available
[2017.06.18-04.39.28:813][  0]LogMeshUtilities: No automatic mesh merging module available
[2017.06.18-04.39.29:698][  0]LogNetVersion: football , NetCL: 3452394, EngineNetVer: 2, GameNetVer: 0 (Checksum: 1187144866)
[2017.06.18-04.39.29:789][  0]LogAssetRegistry: FAssetRegistry took 0.0276 seconds to start up
[2017.06.18-04.39.29:864][  0]LogPackageLocalizationCache: Processed 4 localized package path(s) for 1 prioritized culture(s) in 0.026119 seconds
[2017.06.18-04.39.29:874][  0]LogUObjectArray: 34194 objects as part of root set at end of initial load.
[2017.06.18-04.39.29:874][  0]LogUObjectAllocator: 7260416 out of 0 bytes used by permanent object pool.
[2017.06.18-04.39.29:874][  0]LogUObjectArray: CloseDisregardForGC: 0/0 objects in disregard for GC pool
[2017.06.18-04.39.30:034][  0]LogInit: WinSock: version 1.1 (2.2), MaxSocks=32767, MaxUdp=65467
[2017.06.18-04.39.33:891][  0]LogTcpMessaging: Initializing TcpMessaging bridge
[2017.06.18-04.39.33:957][  0]LogUdpMessaging: Initializing bridge on interface 0.0.0.0:0 to multicast group 230.0.0.1:6666.
[2017.06.18-04.39.34:846][  0]LogMaterial: Uniform references updated for custom material expression Custom.
[2017.06.18-04.39.35:530][  0]SourceControl: Info Source control is disabled
[2017.06.18-04.39.35:577][  0]SourceControl: Info Source control is disabled
[2017.06.18-04.39.35:669][  0]SourceControl: Info Source control is disabled
[2017.06.18-04.39.35:758][  0]SourceControl: Info Source control is disabled
[2017.06.18-04.39.36:997][  0]LogAndroidPermission: UAndroidPermissionCallbackProxy::GetInstance
[2017.06.18-04.39.38:054][  0]LogEngine: Initializing Engine...
[2017.06.18-04.39.38:055][  0]LogHMD: Failed to initialize OpenVR with code 110
[2017.06.18-04.39.38:349][  0]LogStats: UGameplayTagsManager::ConstructGameplayTagTree: Construct from data asset -  0.000 s
[2017.06.18-04.39.38:349][  0]LogStats: UGameplayTagsManager::ConstructGameplayTagTree: GameplayTagTreeChangedEvent.Broadcast -  0.000 s
[2017.06.18-04.39.38:588][  0]LogAIModule: Creating AISystem for world Untitled
[2017.06.18-04.39.38:605][  0]LogInit: XAudio2 using 'Динамики (Realtek High Definition Audio)' : 2 channels at 48 kHz using 32 bits per sample (channel mask 0x3)
[2017.06.18-04.39.38:640][  0]LogInit: FAudioDevice initialized.
[2017.06.18-04.39.38:721][  0]LogDerivedDataCache: Saved boot cache 0.08s 90MB C:/Users/BARS/AppData/Local/UnrealEngine/4.16/DerivedDataCache/Boot.ddc.
[2017.06.18-04.39.38:754][  0]LogInit: Texture streaming: Enabled
[2017.06.18-04.39.38:933][  0]LogEngineSessionManager: EngineSessionManager initialized
[2017.06.18-04.39.39:319][  0]LogInit: Transaction tracking system initialized
[2017.06.18-04.39.39:888][  0]BlueprintLog: New page: Editor Load
[2017.06.18-04.39.41:593][  0]LocalizationService: Info Localization service is disabled
[2017.06.18-04.39.42:825][  0]LogConsoleResponse:Display: 
[2017.06.18-04.39.43:044][  0]LogCook:Display: Max memory allowance for cook 16384mb min free memory 0mb
[2017.06.18-04.39.43:044][  0]LogCook:Display: Mobile HDR setting 1
[2017.06.18-04.39.44:033][  0]LogFileCache: Scanning file cache for directory 'C:/Users/BARS/Desktop/ПРОГРАММЫ/GGFootball/Content/' took 0.02s
[2017.06.18-04.39.44:943][  0]SourceControl: Info Source control is disabled
[2017.06.18-04.39.44:943][  0]Cmd: MAP LOAD FILE="../../../../../../Users/BARS/Desktop/ПРОГРАММЫ/GGFootball/Content/FirstPersonBP/Maps/FirstPersonExampleMap.umap" TEMPLATE=0 SHOWPROGRESS=1 FEATURELEVEL=3
[2017.06.18-04.39.44:943][  0]LogEditorServer:Warning: Can't find file '../../../../../../Users/BARS/Desktop/ПРОГРАММЫ/GGFootball/Content/FirstPersonBP/Maps/FirstPersonExampleMap.umap'
[2017.06.18-04.39.44:943][  0]Cmd: MAP CHECKDEP NOCLEARLOG
[2017.06.18-04.39.45:013][  0]MapCheck: Info Map check complete: 0 Error(s), 0 Warning(s), took 70.478ms to complete.
[2017.06.18-04.39.45:013][  0]LogFileHelpers: Loading map 'FirstPersonExampleMap' took 0.071
[2017.06.18-04.39.45:071][  0]LogWindowsTextInputMethodSystem:Display: IME system now deactivated.
[2017.06.18-04.39.45:185][  0]LogCollectionManager: Loaded 1 collections in 0.002810 seconds
[2017.06.18-04.39.45:299][  0]LogFileCache: Scanning file cache for directory 'C:/Users/BARS/Desktop/ПРОГРАММЫ/GGFootball/Saved/Collections/' took 0.01s
[2017.06.18-04.39.45:299][  0]LogFileCache: Scanning file cache for directory 'C:/Users/BARS/Desktop/ПРОГРАММЫ/GGFootball/Content/Developers/BARS/Collections/' took 0.01s
[2017.06.18-04.39.45:299][  0]LogFileCache: Scanning file cache for directory 'C:/Users/BARS/Desktop/ПРОГРАММЫ/GGFootball/Content/Collections/' took 0.01s
[2017.06.18-04.39.45:300][  0]LogCollectionManager: Rebuilt the GUID cache for 1 collections in 0.000004 seconds
[2017.06.18-04.39.45:300][  0]LogCollectionManager: Rebuilt the hierarchy cache for 1 collections in 0.000000 seconds
[2017.06.18-04.39.45:314][  0]LogContentBrowser: Native class hierarchy populated in 0.0144 seconds. Added 2329 classes and 491 folders.
[2017.06.18-04.39.45:435][  0]LogContentBrowser: Native class hierarchy updated for 'WidgetCarousel' in 0.0007 seconds. Added 0 classes and 0 folders.
[2017.06.18-04.39.45:498][  0]LogContentBrowser: Native class hierarchy updated for 'AddContentDialog' in 0.0009 seconds. Added 0 classes and 0 folders.
[2017.06.18-04.39.45:610][  0]LogCrashTracker: Crashtracker disabled due to settings.
[2017.06.18-04.39.45:618][  0]LogSlate: Took 0.000472 seconds to synchronously load lazily loaded font '../../../Engine/Content/Slate/Fonts/Roboto-Regular.ttf' (155K)
[2017.06.18-04.39.45:623][  0]LogSlate: Took 0.000387 seconds to synchronously load lazily loaded font '../../../Engine/Content/Slate/Fonts/Roboto-Bold.ttf' (160K)
[2017.06.18-04.39.45:627][  0]LogSlate: Took 0.000401 seconds to synchronously load lazily loaded font '../../../Engine/Content/Editor/Slate/Fonts/FontAwesome.ttf' (139K)
[2017.06.18-04.39.45:746][  0]LogRenderer: Reallocating scene render targets to support 812x472 NumSamples 1 (Frame:1).
[2017.06.18-04.39.45:884][  0]LogUObjectGlobals:Warning: Failed to find object 'Class None.'
[2017.06.18-04.39.45:986][  0]LogContentBrowser: Native class hierarchy updated for 'HierarchicalLODOutliner' in 0.0008 seconds. Added 1 classes and 2 folders.
[2017.06.18-04.39.45:987][  0]LogLoad: (Engine Initialization) Total time: 27.12 seconds
[2017.06.18-04.39.45:987][  0]LogLoad: (Engine Initialization) Total Blueprint compile time: 0.08 seconds
[2017.06.18-04.39.45:987][  0]LogExternalProfiler: No external profilers were discovered.  External profiling features will not be available.
[2017.06.18-04.39.45:996][  0]LogOcInput: OculusInput pre-init called
[2017.06.18-04.39.45:996][  0]LogHMD: Starting GearVRController plugin
[2017.06.18-04.39.46:013][  0]LogContentStreaming: Texture pool size now 1000 MB
[2017.06.18-04.39.46:024][  0]LogSlate: Took 0.000376 seconds to synchronously load lazily loaded font '../../../Engine/Content/Slate/Fonts/Roboto-Light.ttf' (159K)
[2017.06.18-04.39.46:045][  1]LogAssetRegistry: Asset discovery search completed in 16.2773 seconds
[2017.06.18-04.39.46:047][  1]LogCollectionManager: Rebuilt the object cache for 1 collections in 0.000001 seconds (found 0 objects)
[2017.06.18-04.39.46:047][  1]LogCollectionManager: Fixed up redirectors for 1 collections in 0.000036 seconds (updated 0 objects)
[2017.06.18-04.39.51:468][621]LogSlate: Took 0.000236 seconds to synchronously load lazily loaded font '../../../Engine/Content/Slate/Fonts/Roboto-Light.ttf' (159K)
[2017.06.18-04.39.51:996][621]LogLinker:Warning: Can't find file '/Game/mymenu/mainmenu'
[2017.06.18-04.39.51:996][621]LogLinker:Warning: Can't find file for asset '/Game/mymenu/mainmenu' while loading ../../../../../../Users/BARS/Desktop/ПРОГРАММЫ/GGFootball/Content/Resources/Maps/football1.umap.
[2017.06.18-04.39.51:996][621]LoadErrors:Error: Error /Game/Resources/Maps/football1 : Can't find file for asset. /Game/mymenu/mainmenu
[2017.06.18-04.39.52:050][621]LogLinker:Warning: Can't find file '/Game/mymenu/mainmenu'
[2017.06.18-04.39.52:050][621]LogLinker:Warning: Can't find file for asset '/Game/mymenu/mainmenu' while loading ../../../../../../Users/BARS/Desktop/ПРОГРАММЫ/GGFootball/Content/Resources/Maps/football1.umap.
[2017.06.18-04.39.52:057][621]LogLinker:Warning: Can't find file '/Game/mymenu/mainmenu'
[2017.06.18-04.39.52:057][621]LogLinker:Warning: Can't find file for asset '/Game/mymenu/mainmenu' while loading NULL.
[2017.06.18-04.39.52:057][621]LogLinker:Warning: Can't find file '/Game/mymenu/mainmenu'
[2017.06.18-04.39.52:057][621]LogLinker:Warning: Can't find file for asset '/Game/mymenu/mainmenu' while loading NULL.
[2017.06.18-04.39.52:059][621]LogLinker:Warning: Can't find file '/Game/mymenu/mainmenu'
[2017.06.18-04.39.52:059][621]LoadErrors: Info Failed to load /Game/mymenu/mainmenu.mainmenu_C Referenced by K2Node_CreateWidget_0
[2017.06.18-04.39.52:059][621]LogLinker:Warning: Can't find file for asset '/Game/mymenu/mainmenu' while loading NULL.
[2017.06.18-04.39.52:059][621]LogLinker:Warning: Can't find file '/Game/mymenu/mainmenu'
[2017.06.18-04.39.52:059][621]LogLinker:Warning: Can't find file for asset '/Game/mymenu/mainmenu' while loading NULL.
[2017.06.18-04.39.52:064][621]LogBlueprint:Error: [Compiler PersistentLevel.football1] Error Spawn node  Create Widget  must have a class specified.
[2017.06.18-04.39.52:064][621]LogBlueprint:Error: [Compiler PersistentLevel.football1] Error This blueprint (self) is not a Widget, therefore ' Target ' must have a connection.
[2017.06.18-04.39.52:067][621]LogBlueprint:Warning: [Compiler PersistentLevel.football1] Warning [0033.20] Compile of PersistentLevel.football1 failed. 2 Fatal Issue(s) 0 Warning(s) [in 4 ms] (/Game/Resources/Maps/football1.football1:PersistentLevel.football1)
[2017.06.18-04.39.52:067][621]LogBlueprint:Warning: [Compiler PersistentLevel.football1] Warning [0033.20] Compile of PersistentLevel.football1 failed. 2 Fatal Issue(s) 1 Warning(s) [in 0 ms] (/Game/Resources/Maps/football1.football1:PersistentLevel.football1)
[2017.06.18-04.39.52:067][621]LogBlueprint:Warning: [Compiler PersistentLevel.football1] Warning [0033.20] Compile of PersistentLevel.football1 failed. 2 Fatal Issue(s) 2 Warning(s) [in 0 ms] (/Game/Resources/Maps/football1.football1:PersistentLevel.football1)
[2017.06.18-04.39.52:278][621]LogMaterial: Missing cached shader map for material material_ball, compiling. 
[2017.06.18-04.39.52:703][621]LogAIModule: Creating AISystem for world football1
[2017.06.18-04.39.52:718][621]LogMaterial:Warning: Material /Game/StarterContent/Props/Materials/M_TableRound.M_TableRound needed to have new flag set bUsedWithSkeletalMesh !
[2017.06.18-04.39.52:721][621]LogMaterial: Missing cached shader map for material M_TableRound, compiling. 
[2017.06.18-04.39.52:807][621]MapCheck:Warning: Warning M_TableRound Material /Game/StarterContent/Props/Materials/M_TableRound.M_TableRound was missing the usage flag bUsedWithSkeletalMesh. If the material asset is not re-saved, it may not render correctly when run outside the editor. Fix
[2017.06.18-04.39.52:818][621]LogMaterial:Warning: Material /Game/StarterContent/Materials/M_ColorGrid_LowSpec.M_ColorGrid_LowSpec needed to have new flag set bUsedWithSkeletalMesh !
[2017.06.18-04.39.52:822][621]LogMaterial: Missing cached shader map for material M_ColorGrid_LowSpec, compiling. 
[2017.06.18-04.39.52:898][621]MapCheck:Warning: Warning M_ColorGrid_LowSpec Material /Game/StarterContent/Materials/M_ColorGrid_LowSpec.M_ColorGrid_LowSpec was missing the usage flag bUsedWithSkeletalMesh. If the material asset is not re-saved, it may not render correctly when run outside the editor. Fix
[2017.06.18-04.39.52:912][621]LogSlate: Took 0.000313 seconds to synchronously load lazily loaded font '../../../Engine/Content/Slate/Fonts/Roboto-Regular.ttf' (155K)
[2017.06.18-04.39.52:969][621]Cmd: MAP LOAD FILE="../../../../../../Users/BARS/Desktop/ПРОГРАММЫ/GGFootball/Content/Resources/Maps/football1.umap" TEMPLATE=0 SHOWPROGRESS=1 FEATURELEVEL=3
[2017.06.18-04.39.52:970][621]LightingResults: New page: Lighting Build
[2017.06.18-04.39.53:079][621]LogContentBrowser: Native class hierarchy updated for 'StatsViewer' in 0.0011 seconds. Added 5 classes and 0 folders.
[2017.06.18-04.39.53:080][621]LoadErrors: New page: Loading map: football1.umap
[2017.06.18-04.39.53:081][621]MapCheck: New page: Map Check
[2017.06.18-04.39.53:081][621]LightingResults: New page: Lighting Build
[2017.06.18-04.39.53:272][621]LogEditorServer: Finished looking for orphan Actors (0.000 secs)
[2017.06.18-04.39.53:377][621]Cmd: MAP CHECKDEP NOCLEARLOG
[2017.06.18-04.39.53:517][621]MapCheck: Info Map check complete: 0 Error(s), 0 Warning(s), took 140.322ms to complete.
[2017.06.18-04.39.53:517][621]LogFileHelpers: Loading map 'football1' took 0.548
[2017.06.18-04.40.00:037][285]LogSlate: Took 0.000393 seconds to synchronously load lazily loaded font '../../../Engine/Content/Slate/Fonts/Roboto-Light.ttf' (159K)
[2017.06.18-04.40.04:784][366]LogContentBrowser: Native class hierarchy updated for 'BlueprintGraph' in 0.0018 seconds. Added 112 classes and 0 folders.
[2017.06.18-04.40.05:975][366]LogSlate: Took 0.000356 seconds to synchronously load lazily loaded font '../../../Engine/Content/Editor/Slate/Fonts/Roboto-BoldCondensed.ttf' (158K)
[2017.06.18-04.40.06:293][367]LogSlate: Took 0.000648 seconds to synchronously load lazily loaded font '../../../Engine/Content/Editor/Slate/Fonts/Roboto-Italic.ttf' (157K)
[2017.06.18-04.42.42:822][879]LogWindowsTextInputMethodSystem:Display: IME system now deactivated.
[2017.06.18-04.42.42:822][879]LogWindowsTextInputMethodSystem:Display: IME system now deactivated.
[2017.06.18-04.43.47:406][760]LogTemp: Repeting last play command: Selected Viewport
[2017.06.18-04.43.47:495][760]LogBlueprintUserMessages: Early PlayInEditor Detection: Level '/Game/Resources/Maps/football1.football1:PersistentLevel' has LevelScriptBlueprint '/Game/Resources/Maps/football1.football1:PersistentLevel.football1' with GeneratedClass '/Game/Resources/Maps/football1.football1_C' with ClassGeneratedBy '/Game/Resources/Maps/football1.football1:PersistentLevel.football1'
[2017.06.18-04.43.47:495][760]BlueprintLog: New page: Pre-Play auto-recompile
[2017.06.18-04.43.47:495][760]LogPlayLevel: [PlayLevel] Compiling football1 before play...
[2017.06.18-04.43.47:528][760]LogBlueprint:Error: [Compiler PersistentLevel.football1] Error Spawn node  Create Widget  must have a class specified.
[2017.06.18-04.43.47:529][760]LogBlueprint:Error: [Compiler PersistentLevel.football1] Error This blueprint (self) is not a Widget, therefore ' Target ' must have a connection.
[2017.06.18-04.43.47:739][760]LogBlueprint:Warning: [Compiler PersistentLevel.football1] Warning [0268.87] Compile of PersistentLevel.football1 failed. 2 Fatal Issue(s) 0 Warning(s) [in 238 ms] (/Game/Resources/Maps/football1.football1:PersistentLevel.football1)
[2017.06.18-04.43.47:739][760]LogBlueprint:Warning: [Compiler PersistentLevel.football1] Warning [0268.87] Compile of PersistentLevel.football1 failed. 2 Fatal Issue(s) 1 Warning(s) [in 0 ms] (/Game/Resources/Maps/football1.football1:PersistentLevel.football1)
[2017.06.18-04.43.47:739][760]LogBlueprint:Warning: [Compiler PersistentLevel.football1] Warning [0268.87] Compile of PersistentLevel.football1 failed. 2 Fatal Issue(s) 2 Warning(s) [in 0 ms] (/Game/Resources/Maps/football1.football1:PersistentLevel.football1)
[2017.06.18-04.43.47:739][760]LogBlueprint:Warning: [Compiler PersistentLevel.football1] Warning [0268.87] Compile of PersistentLevel.football1 failed. 2 Fatal Issue(s) 3 Warning(s) [in 0 ms] (/Game/Resources/Maps/football1.football1:PersistentLevel.football1)
[2017.06.18-04.43.47:740][760]LogBlueprint:Warning: [Compiler PersistentLevel.football1] Warning [0268.87] Compile of PersistentLevel.football1 failed. 2 Fatal Issue(s) 4 Warning(s) [in 0 ms] (/Game/Resources/Maps/football1.football1:PersistentLevel.football1)
[2017.06.18-04.43.47:740][760]LogBlueprint:Warning: [Compiler PersistentLevel.football1] Warning [0268.87] Compile of PersistentLevel.football1 failed. 2 Fatal Issue(s) 5 Warning(s) [in 0 ms] (/Game/Resources/Maps/football1.football1:PersistentLevel.football1)
[2017.06.18-04.43.47:788][760]LogPlayLevel: PlayLevel: Blueprint regeneration took 292 ms (1 blueprints)
[2017.06.18-04.43.47:788][760]BlueprintLog: Info Blueprint football1 failed to compile
[2017.06.18-04.43.49:973][760]PIE: New page: PIE session: football1 (Jun 18, 2017, 8:43:49 PM)
[2017.06.18-04.43.49:973][760]LogPlayLevel: Creating play world package: /Game/Resources/Maps/UEDPIE_0_football1
[2017.06.18-04.43.50:024][760]LogPlayLevel: PIE: StaticDuplicateObject took: (0.051146s)
[2017.06.18-04.43.50:026][760]LogAIModule: Creating AISystem for world football1
[2017.06.18-04.43.50:026][760]LogPlayLevel: PIE: World Init took: (0.001316s)
[2017.06.18-04.43.50:026][760]LogPlayLevel: PIE: Created PIE world by copying editor world from /Game/Resources/Maps/football1.football1 to /Game/Resources/Maps/UEDPIE_0_football1.football1 (0.052838s)
[2017.06.18-04.43.50:087][760]LogInit: XAudio2 using 'Динамики (Realtek High Definition Audio)' : 2 channels at 48 kHz using 32 bits per sample (channel mask 0x3)
[2017.06.18-04.43.50:100][760]LogInit: FAudioDevice initialized.
[2017.06.18-04.43.50:144][760]LogLoad: Game class is 'FirstPersonGameMode_C'
[2017.06.18-04.43.50:152][760]LogWorld: Bringing World /Game/Resources/Maps/UEDPIE_0_football1.football1 up for play (max tick rate 0) at 2017.06.18-12.43.50
[2017.06.18-04.43.50:153][760]LogWorld: Bringing up level for play took: 0.007862
[2017.06.18-04.43.50:229][760]LogContentBrowser: Native class hierarchy updated for 'MovieSceneCapture' in 0.0008 seconds. Added 11 classes and 0 folders.
[2017.06.18-04.43.50:229][760]LogGameMode:Display: Match State Changed from EnteringMap to WaitingToStart
[2017.06.18-04.43.50:229][760]LogGameState: Match State Changed from EnteringMap to WaitingToStart
[2017.06.18-04.43.50:229][760]LogGameMode:Display: Match State Changed from WaitingToStart to InProgress
[2017.06.18-04.43.50:230][760]LogGameState: Match State Changed from WaitingToStart to InProgress
[2017.06.18-04.43.50:230][760]PIE: Info Play in editor start time for /Game/Resources/Maps/UEDPIE_0_football1 1.897
[2017.06.18-04.43.50:231][760]LogBlueprintUserMessages: Late PlayInEditor Detection: Level '/Game/Resources/Maps/football1.football1:PersistentLevel' has LevelScriptBlueprint '/Game/Resources/Maps/football1.football1:PersistentLevel.football1' with GeneratedClass '/Game/Resources/Maps/football1.football1_C' with ClassGeneratedBy '/Game/Resources/Maps/football1.football1:PersistentLevel.football1'
[2017.06.18-04.43.59:036][792]LogBlueprintUserMessages: Early EndPlayMap Detection: Level '/Game/Resources/Maps/football1.football1:PersistentLevel' has LevelScriptBlueprint '/Game/Resources/Maps/football1.football1:PersistentLevel.football1' with GeneratedClass '/Game/Resources/Maps/football1.football1_C' with ClassGeneratedBy '/Game/Resources/Maps/football1.football1:PersistentLevel.football1'
[2017.06.18-04.43.59:071][792]LogBlueprintUserMessages: Late EndPlayMap Detection: Level '/Game/Resources/Maps/football1.football1:PersistentLevel' has LevelScriptBlueprint '/Game/Resources/Maps/football1.football1:PersistentLevel.football1' with GeneratedClass '/Game/Resources/Maps/football1.football1_C' with ClassGeneratedBy '/Game/Resources/Maps/football1.football1:PersistentLevel.football1'
[2017.06.18-04.45.55:315][617]LogTemp: Repeting last play command: Selected Viewport
[2017.06.18-04.45.55:337][617]LogBlueprintUserMessages: Early PlayInEditor Detection: Level '/Game/Resources/Maps/football1.football1:PersistentLevel' has LevelScriptBlueprint '/Game/Resources/Maps/football1.football1:PersistentLevel.football1' with GeneratedClass '/Game/Resources/Maps/football1.football1_C' with ClassGeneratedBy '/Game/Resources/Maps/football1.football1:PersistentLevel.football1'
[2017.06.18-04.45.55:337][617]BlueprintLog: New page: Pre-Play auto-recompile
[2017.06.18-04.45.55:337][617]LogPlayLevel: [PlayLevel] Compiling football1 before play...
[2017.06.18-04.45.55:345][617]LogBlueprint:Error: [Compiler PersistentLevel.football1] Error Spawn node  Create Widget  must have a class specified.
[2017.06.18-04.45.55:346][617]LogBlueprint:Error: [Compiler PersistentLevel.football1] Error This blueprint (self) is not a Widget, therefore ' Target ' must have a connection.
[2017.06.18-04.45.55:547][617]LogBlueprint:Warning: [Compiler PersistentLevel.football1] Warning [0396.68] Compile of PersistentLevel.football1 failed. 2 Fatal Issue(s) 0 Warning(s) [in 204 ms] (/Game/Resources/Maps/football1.football1:PersistentLevel.football1)
[2017.06.18-04.45.55:547][617]LogBlueprint:Warning: [Compiler PersistentLevel.football1] Warning [0396.68] Compile of PersistentLevel.football1 failed. 2 Fatal Issue(s) 1 Warning(s) [in 0 ms] (/Game/Resources/Maps/football1.football1:PersistentLevel.football1)
[2017.06.18-04.45.55:547][617]LogBlueprint:Warning: [Compiler PersistentLevel.football1] Warning [0396.68] Compile of PersistentLevel.football1 failed. 2 Fatal Issue(s) 2 Warning(s) [in 0 ms] (/Game/Resources/Maps/football1.football1:PersistentLevel.football1)
[2017.06.18-04.45.55:547][617]LogBlueprint:Warning: [Compiler PersistentLevel.football1] Warning [0396.68] Compile of PersistentLevel.football1 failed. 2 Fatal Issue(s) 3 Warning(s) [in 0 ms] (/Game/Resources/Maps/football1.football1:PersistentLevel.football1)
[2017.06.18-04.45.55:554][617]LogBlueprint:Warning: [Compiler PersistentLevel.football1] Warning [0396.69] Compile of PersistentLevel.football1 failed. 2 Fatal Issue(s) 4 Warning(s) [in 6 ms] (/Game/Resources/Maps/football1.football1:PersistentLevel.football1)
[2017.06.18-04.45.55:554][617]LogBlueprint:Warning: [Compiler PersistentLevel.football1] Warning [0396.69] Compile of PersistentLevel.football1 failed. 2 Fatal Issue(s) 5 Warning(s) [in 0 ms] (/Game/Resources/Maps/football1.football1:PersistentLevel.football1)
[2017.06.18-04.45.55:599][617]LogPlayLevel: PlayLevel: Blueprint regeneration took 262 ms (1 blueprints)
[2017.06.18-04.45.55:599][617]BlueprintLog: Info Blueprint football1 failed to compile
[2017.06.18-04.46.01:168][617]PIE: New page: PIE session: football1 (Jun 18, 2017, 8:46:01 PM)
[2017.06.18-04.46.01:168][617]LogPlayLevel: Creating play world package: /Game/Resources/Maps/UEDPIE_0_football1
[2017.06.18-04.46.01:230][617]LogPlayLevel: PIE: StaticDuplicateObject took: (0.061580s)
[2017.06.18-04.46.01:231][617]LogAIModule: Creating AISystem for world football1
[2017.06.18-04.46.01:232][617]LogPlayLevel: PIE: World Init took: (0.002236s)
[2017.06.18-04.46.01:232][617]LogPlayLevel: PIE: Created PIE world by copying editor world from /Game/Resources/Maps/football1.football1 to /Game/Resources/Maps/UEDPIE_0_football1.football1 (0.064316s)
[2017.06.18-04.46.01:288][617]LogInit: XAudio2 using 'Динамики (Realtek High Definition Audio)' : 2 channels at 48 kHz using 32 bits per sample (channel mask 0x3)
[2017.06.18-04.46.01:302][617]LogInit: FAudioDevice initialized.
[2017.06.18-04.46.01:335][617]LogLoad: Game class is 'FirstPersonGameMode_C'
[2017.06.18-04.46.01:343][617]LogWorld: Bringing World /Game/Resources/Maps/UEDPIE_0_football1.football1 up for play (max tick rate 0) at 2017.06.18-12.46.01
[2017.06.18-04.46.01:343][617]LogWorld: Bringing up level for play took: 0.008053
[2017.06.18-04.46.01:344][617]LogGameMode:Display: Match State Changed from EnteringMap to WaitingToStart
[2017.06.18-04.46.01:344][617]LogGameState: Match State Changed from EnteringMap to WaitingToStart
[2017.06.18-04.46.01:344][617]LogGameMode:Display: Match State Changed from WaitingToStart to InProgress
[2017.06.18-04.46.01:345][617]LogGameState: Match State Changed from WaitingToStart to InProgress
[2017.06.18-04.46.01:345][617]PIE: Info Play in editor start time for /Game/Resources/Maps/UEDPIE_0_football1 5.012
[2017.06.18-04.46.01:345][617]LogBlueprintUserMessages: Late PlayInEditor Detection: Level '/Game/Resources/Maps/football1.football1:PersistentLevel' has LevelScriptBlueprint '/Game/Resources/Maps/football1.football1:PersistentLevel.football1' with GeneratedClass '/Game/Resources/Maps/football1.football1_C' with ClassGeneratedBy '/Game/Resources/Maps/football1.football1:PersistentLevel.football1'
[2017.06.18-04.46.30:580][100]LogBlueprintUserMessages: Early EndPlayMap Detection: Level '/Game/Resources/Maps/football1.football1:PersistentLevel' has LevelScriptBlueprint '/Game/Resources/Maps/football1.football1:PersistentLevel.football1' with GeneratedClass '/Game/Resources/Maps/football1.football1_C' with ClassGeneratedBy '/Game/Resources/Maps/football1.football1:PersistentLevel.football1'
[2017.06.18-04.46.30:623][100]LogBlueprintUserMessages: Late EndPlayMap Detection: Level '/Game/Resources/Maps/football1.football1:PersistentLevel' has LevelScriptBlueprint '/Game/Resources/Maps/football1.football1:PersistentLevel.football1' with GeneratedClass '/Game/Resources/Maps/football1.football1_C' with ClassGeneratedBy '/Game/Resources/Maps/football1.football1:PersistentLevel.football1'
[2017.06.18-04.53.10:595][388]LogObjectTools:Warning: ForceReplaceReferences replaced references for a transient object 'WidgetTree_1' or package '/Engine/Transient'.
[2017.06.18-04.53.10:595][388]LogObjectTools:Warning: ForceReplaceReferences replaced references for a transient object 'ComponentDelegateBinding_2' or package '/Engine/Transient'.
[2017.06.18-04.53.10:595][388]LogObjectTools:Warning: ForceReplaceReferences replaced references for a transient object 'WidgetTree' or package '/Engine/Transient'.
[2017.06.18-04.53.10:595][388]LogObjectTools:Warning: ForceReplaceReferences replaced references for a transient object 'UberGraphFrame' or package '/Engine/Transient'.
[2017.06.18-04.53.10:595][388]LogObjectTools:Warning: ForceReplaceReferences replaced references for a transient object 'BndEvt__game1_K2Node_ComponentBoundEvent_119_OnButtonClickedEvent__DelegateSignature' or package '/Engine/Transient'.
[2017.06.18-04.53.10:595][388]LogObjectTools:Warning: ForceReplaceReferences replaced references for a transient object 'BndEvt__Button_210_K2Node_ComponentBoundEvent_131_OnButtonClickedEvent__DelegateSignature' or package '/Engine/Transient'.
[2017.06.18-04.53.10:595][388]LogObjectTools:Warning: ForceReplaceReferences replaced references for a transient object 'ExecuteUbergraph_mainmenu' or package '/Engine/Transient'.
[2017.06.18-04.53.10:595][388]LogObjectTools:Warning: ForceReplaceReferences replaced references for a transient object 'Button_110' or package '/Engine/Transient'.
[2017.06.18-04.53.10:595][388]LogObjectTools:Warning: ForceReplaceReferences replaced references for a transient object 'Button_210' or package '/Engine/Transient'.
[2017.06.18-04.53.10:595][388]LogObjectTools:Warning: ForceReplaceReferences replaced references for a transient object 'game1' or package '/Engine/Transient'.
[2017.06.18-04.53.10:595][388]LogObjectTools:Warning: ForceReplaceReferences replaced references for a transient object 'REINST_SKEL_mainmenu_C_3' or package '/Engine/Transient'.
[2017.06.18-04.53.10:595][388]LogObjectTools:Warning: ForceReplaceReferences replaced references for a transient object 'BndEvt__game1_K2Node_ComponentBoundEvent_119_OnButtonClickedEvent__DelegateSignature' or package '/Game/Resources/Menu/mymenu/mainmenu'.
[2017.06.18-04.53.10:596][388]LogObjectTools:Warning: ForceReplaceReferences replaced references for a transient object 'BndEvt__Button_210_K2Node_ComponentBoundEvent_131_OnButtonClickedEvent__DelegateSignature' or package '/Game/Resources/Menu/mymenu/mainmenu'.
[2017.06.18-04.53.10:596][388]LogObjectTools:Warning: ForceReplaceReferences replaced references for a transient object 'DEADCLASS_mainmenu_C_1' or package '/Engine/Transient'.
[2017.06.18-04.53.10:596][388]LogObjectTools:Warning: ForceReplaceReferences replaced references for a transient object 'REINST_mainmenu_C_2' or package '/Engine/Transient'.
[2017.06.18-04.53.10:596][388]LogObjectTools:Warning: ForceReplaceReferences replaced references for a transient object 'DEADCLASS_mainmenu_C_0' or package '/Engine/Transient'.
[2017.06.18-04.53.27:959][741]LogAssetTools:Warning: Failed to import 'C:\Users\BARS\Documents\Unreal Projects\football\Content\mymenu/mainmenu.uasset'. Unknown extension 'uasset'.
[2017.06.18-04.53.27:974][741]LogAssetTools:Warning: Failed to import 'C:\Users\BARS\Documents\Unreal Projects\football\Content\mymenu/mainmenu2.umap'. Unknown extension 'umap'.
[2017.06.18-04.53.27:989][741]LogAssetTools:Warning: Failed to import 'C:\Users\BARS\Documents\Unreal Projects\football\Content\mymenu/NewWidgetBlueprint.uasset'. Unknown extension 'uasset'.
[2017.06.18-04.53.28:005][741]LogAssetTools:Warning: Failed to import 'C:\Users\BARS\Documents\Unreal Projects\football\Content\menu1/main228.uasset'. Unknown extension 'uasset'.
[2017.06.18-04.53.28:018][741]LogAssetTools:Warning: Failed to import 'C:\Users\BARS\Documents\Unreal Projects\football\Content\menu1/menumap.umap'. Unknown extension 'umap'.
[2017.06.18-04.53.28:036][741]LogAssetTools:Warning: Failed to import 'C:\Users\BARS\Documents\Unreal Projects\football\Content\menu1/zastavka.uasset'. Unknown extension 'uasset'.
[2017.06.18-04.53.28:054][741]LogAssetTools:Warning: Failed to import 'C:\Users\BARS\Documents\Unreal Projects\football\Content\menu1/zastavka_Mat.uasset'. Unknown extension 'uasset'.
[2017.06.18-04.54.51:945][993]LogAssetTools:Warning: Failed to import 'C:\Users\BARS\Documents\Unreal Projects\football 4.16\Content\Resources\Menu\menu1/main228.uasset'. Unknown extension 'uasset'.
[2017.06.18-04.54.51:956][993]LogAssetTools:Warning: Failed to import 'C:\Users\BARS\Documents\Unreal Projects\football 4.16\Content\Resources\Menu\menu1/menumap.umap'. Unknown extension 'umap'.
[2017.06.18-04.54.51:965][993]LogAssetTools:Warning: Failed to import 'C:\Users\BARS\Documents\Unreal Projects\football 4.16\Content\Resources\Menu\menu1/zastavka.uasset'. Unknown extension 'uasset'.
[2017.06.18-04.54.51:978][993]LogAssetTools:Warning: Failed to import 'C:\Users\BARS\Documents\Unreal Projects\football 4.16\Content\Resources\Menu\menu1/zastavka_Mat.uasset'. Unknown extension 'uasset'.
[2017.06.18-04.54.51:992][993]LogAssetTools:Warning: Failed to import 'C:\Users\BARS\Documents\Unreal Projects\football 4.16\Content\Resources\Menu\mymenu/mainmenu.uasset'. Unknown extension 'uasset'.
[2017.06.18-04.54.52:009][993]LogAssetTools:Warning: Failed to import 'C:\Users\BARS\Documents\Unreal Projects\football 4.16\Content\Resources\Menu\mymenu/mainmenu2.umap'. Unknown extension 'umap'.
[2017.06.18-04.54.52:024][993]LogAssetTools:Warning: Failed to import 'C:\Users\BARS\Documents\Unreal Projects\football 4.16\Content\Resources\Menu\mymenu/NewWidgetBlueprint.uasset'. Unknown extension 'uasset'.
[2017.06.18-04.55.21:571][186]LogAssetTools:Warning: Failed to import 'C:\Users\BARS\Documents\Unreal Projects\football 4.16\Content\Resources\Menu\mymenu/mainmenu.uasset'. Unknown extension 'uasset'.
[2017.06.18-04.55.21:583][186]LogAssetTools:Warning: Failed to import 'C:\Users\BARS\Documents\Unreal Projects\football 4.16\Content\Resources\Menu\mymenu/mainmenu2.umap'. Unknown extension 'umap'.
[2017.06.18-04.55.21:600][186]LogAssetTools:Warning: Failed to import 'C:\Users\BARS\Documents\Unreal Projects\football 4.16\Content\Resources\Menu\mymenu/NewWidgetBlueprint.uasset'. Unknown extension 'uasset'.
[2017.06.18-04.55.33:580][222]LogAssetTools:Warning: Failed to import 'C:\Users\BARS\Documents\Unreal Projects\football 4.16\Content\Resources\Menu\menu1/main228.uasset'. Unknown extension 'uasset'.
[2017.06.18-04.55.33:594][222]LogAssetTools:Warning: Failed to import 'C:\Users\BARS\Documents\Unreal Projects\football 4.16\Content\Resources\Menu\menu1/menumap.umap'. Unknown extension 'umap'.
[2017.06.18-04.55.33:604][222]LogAssetTools:Warning: Failed to import 'C:\Users\BARS\Documents\Unreal Projects\football 4.16\Content\Resources\Menu\menu1/zastavka.uasset'. Unknown extension 'uasset'.
[2017.06.18-04.55.33:617][222]LogAssetTools:Warning: Failed to import 'C:\Users\BARS\Documents\Unreal Projects\football 4.16\Content\Resources\Menu\menu1/zastavka_Mat.uasset'. Unknown extension 'uasset'.
[2017.06.18-04.56.28:251][247]LogWindowsTextInputMethodSystem:Display: IME system now deactivated.
[2017.06.18-04.56.28:448][248]Cmd: QUIT_EDITOR
[2017.06.18-04.56.29:344][248]LogExit: Preparing to exit.
[2017.06.18-04.56.30:430][248]LogDirectoryWatcher: A directory notification for 'C:/Users/BARS/Desktop/ПРОГРАММЫ/GGFootball/Content/' was aborted.
[2017.06.18-04.56.30:494][248]LogExit: Editor shut down
[2017.06.18-04.56.30:503][248]LogExit: Transaction tracking system shut down
[2017.06.18-04.56.30:726][248]LogObj: Freed 0b from 0 cluster array pools.
[2017.06.18-04.56.30:726][248]LogExit: Object subsystem successfully closed.
[2017.06.18-04.56.30:752][248]LogD3D11RHI: Shutdown
[2017.06.18-04.56.30:752][248]LogD3D11RHI: CleanupD3DDevice
[2017.06.18-04.56.30:906][248]LogD3D11RHI: ~FD3D11DynamicRHI
[2017.06.18-04.56.30:930][248]LogModuleManager: Shutting down and abandoning module SequencerWidgets (530)
[2017.06.18-04.56.30:930][248]LogModuleManager: Shutting down and abandoning module MovieSceneCapture (528)
[2017.06.18-04.56.30:930][248]LogModuleManager: Shutting down and abandoning module BlueprintGraph (526)
[2017.06.18-04.56.30:930][248]LogModuleManager: Shutting down and abandoning module BlueprintProfiler (524)
[2017.06.18-04.56.30:930][248]LogModuleManager: Shutting down and abandoning module StatsViewer (522)
[2017.06.18-04.56.30:930][248]LogModuleManager: Shutting down and abandoning module HierarchicalLODOutliner (520)
[2017.06.18-04.56.30:930][248]LogModuleManager: Shutting down and abandoning module CrashTracker (518)
[2017.06.18-04.56.30:930][248]LogModuleManager: Shutting down and abandoning module AddContentDialog (516)
[2017.06.18-04.56.30:930][248]LogDirectoryWatcher: A directory notification for 'C:/Program Files/Epic Games/UE_4.16/FeaturePacks/' was aborted.
[2017.06.18-04.56.30:931][248]LogModuleManager: Shutting down and abandoning module WidgetCarousel (515)
[2017.06.18-04.56.30:931][248]LogModuleManager: Shutting down and abandoning module EditorWidgets (512)
[2017.06.18-04.56.30:931][248]LogModuleManager: Shutting down and abandoning module CollectionManager (510)
[2017.06.18-04.56.30:931][248]LogDirectoryWatcher: A directory notification for 'C:/Users/BARS/Desktop/ПРОГРАММЫ/GGFootball/Content/Collections/' was aborted.
[2017.06.18-04.56.30:931][248]LogDirectoryWatcher: A directory notification for 'C:/Users/BARS/Desktop/ПРОГРАММЫ/GGFootball/Content/Developers/BARS/Collections/' was aborted.
[2017.06.18-04.56.30:931][248]LogDirectoryWatcher: A directory notification for 'C:/Users/BARS/Desktop/ПРОГРАММЫ/GGFootball/Saved/Collections/' was aborted.
[2017.06.18-04.56.30:932][248]LogModuleManager: Shutting down and abandoning module FoliageEdit (508)
[2017.06.18-04.56.30:932][248]LogModuleManager: Shutting down and abandoning module LandscapeEditor (506)
[2017.06.18-04.56.30:932][248]LogModuleManager: Shutting down and abandoning module MeshPaintMode (504)
[2017.06.18-04.56.30:932][248]LogModuleManager: Shutting down and abandoning module SceneDepthPickerMode (502)
[2017.06.18-04.56.30:932][248]LogModuleManager: Shutting down and abandoning module ActorPickerMode (500)
[2017.06.18-04.56.30:932][248]LogModuleManager: Shutting down and abandoning module GeometryMode (498)
[2017.06.18-04.56.30:932][248]LogModuleManager: Shutting down and abandoning module TextureAlignMode (496)
[2017.06.18-04.56.30:932][248]LogModuleManager: Shutting down and abandoning module BspMode (494)
[2017.06.18-04.56.30:932][248]LogModuleManager: Shutting down and abandoning module HardwareSurvey (492)
[2017.06.18-04.56.30:932][248]LogModuleManager: Shutting down and abandoning module SequenceRecorderSections (490)
[2017.06.18-04.56.30:932][248]LogModuleManager: Shutting down and abandoning module AutomationWorker (488)
[2017.06.18-04.56.30:932][248]LogModuleManager: Shutting down and abandoning module MatineeToLevelSequence (486)
[2017.06.18-04.56.30:932][248]LogModuleManager: Shutting down and abandoning module LevelSequenceEditor (484)
[2017.06.18-04.56.30:932][248]LogModuleManager: Shutting down and abandoning module PlacementMode (483)
[2017.06.18-04.56.30:932][248]LogModuleManager: Shutting down and abandoning module WmfMediaFactory (480)
[2017.06.18-04.56.30:932][248]LogModuleManager: Shutting down and abandoning module WmfMediaEditor (478)
[2017.06.18-04.56.30:932][248]LogModuleManager: Shutting down and abandoning module AvfMediaFactory (476)
[2017.06.18-04.56.30:932][248]LogModuleManager: Shutting down and abandoning module AvfMediaEditor (474)
[2017.06.18-04.56.30:932][248]LogModuleManager: Shutting down and abandoning module AndroidMediaFactory (472)
[2017.06.18-04.56.30:932][248]LogModuleManager: Shutting down and abandoning module Media (471)
[2017.06.18-04.56.30:932][248]LogModuleManager: Shutting down and abandoning module AndroidMediaEditor (468)
[2017.06.18-04.56.30:932][248]LogModuleManager: Shutting down and abandoning module CharacterAI (466)
[2017.06.18-04.56.30:932][248]LogModuleManager: Shutting down and abandoning module AudioCapture (464)
[2017.06.18-04.56.30:932][248]LogModuleManager: Shutting down and abandoning module SequenceRecorder (463)
[2017.06.18-04.56.30:932][248]LogModuleManager: Shutting down and abandoning module SmartSnapping (460)
[2017.06.18-04.56.30:932][248]LogModuleManager: Shutting down and abandoning module SessionServices (458)
[2017.06.18-04.56.30:932][248]LogModuleManager: Shutting down and abandoning module ViewportSnapping (456)
[2017.06.18-04.56.30:932][248]LogModuleManager: Shutting down and abandoning module ViewportInteraction (454)
[2017.06.18-04.56.30:932][248]LogModuleManager: Shutting down and abandoning module ClothPainter (452)
[2017.06.18-04.56.30:932][248]LogModuleManager: Shutting down and abandoning module LogVisualizer (450)
[2017.06.18-04.56.30:932][248]LogModuleManager: Shutting down and abandoning module IntroTutorials (448)
[2017.06.18-04.56.30:932][248]LogModuleManager: Shutting down and abandoning module GameProjectGeneration (447)
[2017.06.18-04.56.30:932][248]LogModuleManager: Shutting down and abandoning module EditorLiveStreaming (444)
[2017.06.18-04.56.30:932][248]LogModuleManager: Shutting down and abandoning module IOSPlatformEditor (442)
[2017.06.18-04.56.30:932][248]LogModuleManager: Shutting down and abandoning module HTML5PlatformEditor (440)
[2017.06.18-04.56.30:932][248]LogModuleManager: Shutting down and abandoning module AndroidPlatformEditor (438)
[2017.06.18-04.56.30:932][248]LogModuleManager: Shutting down and abandoning module AndroidDeviceDetection (437)
[2017.06.18-04.56.31:575][248]LogModuleManager: Shutting down and abandoning module IOSRuntimeSettings (434)
[2017.06.18-04.56.31:575][248]LogModuleManager: Shutting down and abandoning module AndroidRuntimeSettings (432)
[2017.06.18-04.56.31:575][248]LogModuleManager: Shutting down and abandoning module InputBindingEditor (430)
[2017.06.18-04.56.31:575][248]LogModuleManager: Shutting down and abandoning module MergeActors (428)
[2017.06.18-04.56.31:575][248]LogModuleManager: Shutting down and abandoning module SizeMap (426)
[2017.06.18-04.56.31:575][248]LogModuleManager: Shutting down and abandoning module TreeMap (424)
[2017.06.18-04.56.31:575][248]LogModuleManager: Shutting down and abandoning module ReferenceViewer (422)
[2017.06.18-04.56.31:575][248]LogModuleManager: Shutting down and abandoning module LocalizationDashboard (420)
[2017.06.18-04.56.31:575][248]LogModuleManager: Shutting down and abandoning module LocalizationService (419)
[2017.06.18-04.56.31:575][248]LogModuleManager: Shutting down and abandoning module HardwareTargeting (416)
[2017.06.18-04.56.31:575][248]LogModuleManager: Shutting down and abandoning module DeviceProfileEditor (414)
[2017.06.18-04.56.31:575][248]LogModuleManager: Shutting down and abandoning module UndoHistory (412)
[2017.06.18-04.56.31:575][248]LogModuleManager: Shutting down and abandoning module UserFeedback (410)
[2017.06.18-04.56.31:575][248]LogModuleManager: Shutting down and abandoning module XmlParser (408)
[2017.06.18-04.56.31:575][248]LogModuleManager: Shutting down and abandoning module Blutility (406)
[2017.06.18-04.56.31:575][248]LogModuleManager: Shutting down and abandoning module ProjectSettingsViewer (404)
[2017.06.18-04.56.31:575][248]LogModuleManager: Shutting down and abandoning module ProjectTargetPlatformEditor (403)
[2017.06.18-04.56.31:575][248]LogModuleManager: Shutting down and abandoning module EditorSettingsViewer (400)
[2017.06.18-04.56.31:576][248]LogModuleManager: Shutting down and abandoning module SettingsEditor (398)
[2017.06.18-04.56.31:576][248]LogModuleManager: Shutting down and abandoning module ProjectLauncher (396)
[2017.06.18-04.56.31:576][248]LogModuleManager: Shutting down and abandoning module SessionFrontend (394)
[2017.06.18-04.56.31:576][248]LogModuleManager: Shutting down and abandoning module ProfilerClient (392)
[2017.06.18-04.56.31:576][248]LogModuleManager: Shutting down and abandoning module DeviceManager (390)
[2017.06.18-04.56.31:576][248]LogModuleManager: Shutting down and abandoning module TargetDeviceServices (389)
[2017.06.18-04.56.31:618][248]LogModuleManager: Shutting down and abandoning module AutomationController (386)
[2017.06.18-04.56.31:618][248]LogModuleManager: Shutting down and abandoning module AutomationWindow (384)
[2017.06.18-04.56.31:618][248]LogModuleManager: Shutting down and abandoning module Layers (382)
[2017.06.18-04.56.31:618][248]LogModuleManager: Shutting down and abandoning module ComponentVisualizers (380)
[2017.06.18-04.56.31:618][248]LogModuleManager: Shutting down and abandoning module DetailCustomizations (378)
[2017.06.18-04.56.31:618][248]LogModuleManager: Shutting down and abandoning module PackagesDialog (376)
[2017.06.18-04.56.31:619][248]LogModuleManager: Shutting down and abandoning module Persona (374)
[2017.06.18-04.56.31:619][248]LogModuleManager: Shutting down and abandoning module AdvancedPreviewScene (373)
[2017.06.18-04.56.31:619][248]LogModuleManager: Shutting down and abandoning module AnimGraph (371)
[2017.06.18-04.56.31:619][248]LogModuleManager: Shutting down and abandoning module Kismet (368)
[2017.06.18-04.56.31:635][248]LogModuleManager: Shutting down and abandoning module ClassViewer (366)
[2017.06.18-04.56.31:635][248]LogModuleManager: Shutting down and abandoning module Toolbox (364)
[2017.06.18-04.56.31:635][248]LogModuleManager: Shutting down and abandoning module ModuleUI (362)
[2017.06.18-04.56.31:635][248]LogModuleManager: Shutting down and abandoning module MovieSceneTools (360)
[2017.06.18-04.56.31:635][248]LogModuleManager: Shutting down and abandoning module OutputLog (358)
[2017.06.18-04.56.31:635][248]LogModuleManager: Shutting down and abandoning module GammaUI (356)
[2017.06.18-04.56.31:635][248]LogModuleManager: Shutting down and abandoning module Documentation (354)
[2017.06.18-04.56.31:635][248]LogModuleManager: Shutting down and abandoning module MovieSceneTracks (352)
[2017.06.18-04.56.31:635][248]LogModuleManager: Shutting down and abandoning module MovieScene (350)
[2017.06.18-04.56.31:635][248]LogModuleManager: Shutting down and abandoning module Niagara (348)
[2017.06.18-04.56.31:635][248]LogModuleManager: Shutting down and abandoning module NiagaraEditor (347)
[2017.06.18-04.56.31:635][248]LogModuleManager: Shutting down and abandoning module StreamingPauseRendering (344)
[2017.06.18-04.56.31:635][248]LogModuleManager: Shutting down and abandoning module AnalyticsET (342)
[2017.06.18-04.56.31:635][248]LogModuleManager: Shutting down and abandoning module PortalServices (340)
[2017.06.18-04.56.31:635][248]LogModuleManager: Shutting down and abandoning module PortalRpc (338)
[2017.06.18-04.56.31:635][248]LogModuleManager: Shutting down and abandoning module MessagingRpc (336)
[2017.06.18-04.56.31:635][248]LogModuleManager: Shutting down and abandoning module AIModule (334)
[2017.06.18-04.56.31:635][248]LogModuleManager: Shutting down and abandoning module GameplayDebugger (333)
[2017.06.18-04.56.31:635][248]LogModuleManager: Shutting down and abandoning module AITestSuite (331)
[2017.06.18-04.56.31:635][248]LogModuleManager: Shutting down and abandoning module ProfilerService (328)
[2017.06.18-04.56.31:802][248]LogModuleManager: Shutting down and abandoning module TaskGraph (326)
[2017.06.18-04.56.31:802][248]LogModuleManager: Shutting down and abandoning module SteamVRController (324)
[2017.06.18-04.56.31:802][248]LogModuleManager: Shutting down and abandoning module SteamVR (322)
[2017.06.18-04.56.31:802][248]LogModuleManager: Shutting down and abandoning module ProceduralMeshComponentEditor (320)
[2017.06.18-04.56.31:802][248]LogModuleManager: Shutting down and abandoning module ProceduralMeshComponent (318)
[2017.06.18-04.56.31:802][248]LogModuleManager: Shutting down and abandoning module OculusLibrary (316)
[2017.06.18-04.56.31:802][248]LogModuleManager: Shutting down and abandoning module OculusInput (314)
[2017.06.18-04.56.31:803][248]LogModuleManager: Shutting down and abandoning module MobilePatchingUtils (312)
[2017.06.18-04.56.31:803][248]LogModuleManager: Shutting down and abandoning module CustomMeshComponent (310)
[2017.06.18-04.56.31:803][248]LogModuleManager: Shutting down and abandoning module CableComponent (308)
[2017.06.18-04.56.31:803][248]LogModuleManager: Shutting down and abandoning module ArchVisCharacter (306)
[2017.06.18-04.56.31:803][248]LogModuleManager: Shutting down and abandoning module AndroidPermission (304)
[2017.06.18-04.56.31:803][248]LogModuleManager: Shutting down and abandoning module MediaPlayerEditor (300)
[2017.06.18-04.56.31:803][248]LogModuleManager: Shutting down and abandoning module HTML5Networking (298)
[2017.06.18-04.56.31:803][248]LogModuleManager: Shutting down and abandoning module AlembicImporter (296)
[2017.06.18-04.56.31:803][248]LogModuleManager: Shutting down and abandoning module AlembicLibrary (295)
[2017.06.18-04.56.31:803][248]LogModuleManager: Shutting down and abandoning module GeometryCache (294)
[2017.06.18-04.56.31:803][248]LogModuleManager: Shutting down and abandoning module GeometryCacheEd (293)
[2017.06.18-04.56.31:803][248]LogModuleManager: Shutting down and abandoning module SuperSearchEditor (288)
[2017.06.18-04.56.31:803][248]LogModuleManager: Shutting down and abandoning module SuperSearch (287)
[2017.06.18-04.56.31:803][248]LogModuleManager: Shutting down and abandoning module SpeedTreeImporter (284)
[2017.06.18-04.56.31:803][248]LogModuleManager: Shutting down and abandoning module PluginBrowser (282)
[2017.06.18-04.56.31:803][248]LogModuleManager: Shutting down and abandoning module MobileLauncherProfileWizard (280)
[2017.06.18-04.56.31:803][248]LogModuleManager: Shutting down and abandoning module VisualStudioSourceCodeAccess (278)
[2017.06.18-04.56.31:803][248]LogModuleManager: Shutting down and abandoning module DesktopPlatform (277)
[2017.06.18-04.56.31:803][248]LogModuleManager: Shutting down and abandoning module UObjectPlugin (274)
[2017.06.18-04.56.31:803][248]LogModuleManager: Shutting down and abandoning module SubversionSourceControl (272)
[2017.06.18-04.56.31:803][248]LogModuleManager: Shutting down and abandoning module PerforceSourceControl (270)
[2017.06.18-04.56.31:803][248]LogModuleManager: Shutting down and abandoning module GitSourceControl (268)
[2017.06.18-04.56.31:803][248]LogModuleManager: Shutting down and abandoning module SourceControl (267)
[2017.06.18-04.56.31:804][248]LogModuleManager: Shutting down and abandoning module LightPropagationVolumeEditor (264)
[2017.06.18-04.56.31:804][248]LogModuleManager: Shutting down and abandoning module PaperTiledImporter (262)
[2017.06.18-04.56.31:804][248]LogModuleManager: Shutting down and abandoning module PaperSpriteSheetImporter (260)
[2017.06.18-04.56.31:804][248]LogModuleManager: Shutting down and abandoning module Paper2DEditor (258)
[2017.06.18-04.56.31:804][248]LogModuleManager: Shutting down and abandoning module MeshPaint (257)
[2017.06.18-04.56.31:804][248]LogModuleManager: Shutting down and abandoning module LevelEditor (255)
[2017.06.18-04.56.31:806][248]LogModuleManager: Shutting down and abandoning module PixelInspectorModule (254)
[2017.06.18-04.56.31:806][248]LogModuleManager: Shutting down and abandoning module MainFrame (252)
[2017.06.18-04.56.31:806][248]LogModuleManager: Shutting down and abandoning module HotReload (251)
[2017.06.18-04.56.31:808][248]LogModuleManager: Shutting down and abandoning module PhysXVehiclesEditor (246)
[2017.06.18-04.56.31:808][248]LogModuleManager: Shutting down and abandoning module PhysXVehicles (244)
[2017.06.18-04.56.31:808][248]LogModuleManager: Shutting down and abandoning module LocationServicesBPLibrary (242)
[2017.06.18-04.56.31:808][248]LogModuleManager: Shutting down and abandoning module ImmediatePhysicsEditor (240)
[2017.06.18-04.56.31:809][248]LogModuleManager: Shutting down and abandoning module ImmediatePhysics (238)
[2017.06.18-04.56.31:809][248]LogModuleManager: Shutting down and abandoning module UdpMessaging (236)
[2017.06.18-04.56.31:909][248]LogModuleManager: Shutting down and abandoning module TcpMessaging (234)
[2017.06.18-04.56.32:010][248]LogModuleManager: Shutting down and abandoning module GameplayTagsEditor (232)
[2017.06.18-04.56.32:010][248]LogModuleManager: Shutting down and abandoning module FacialAnimationEditor (230)
[2017.06.18-04.56.32:010][248]LogModuleManager: Shutting down and abandoning module FacialAnimation (228)
[2017.06.18-04.56.32:010][248]LogModuleManager: Shutting down and abandoning module AssetManagerEditor (226)
[2017.06.18-04.56.32:010][248]LogModuleManager: Shutting down and abandoning module GraphEditor (225)
[2017.06.18-04.56.32:010][248]LogModuleManager: Shutting down and abandoning module ContentBrowser (223)
[2017.06.18-04.56.32:012][248]LogModuleManager: Shutting down and abandoning module LightPropagationVolumeRuntime (220)
[2017.06.18-04.56.32:012][248]LogModuleManager: Shutting down and abandoning module Paper2D (218)
[2017.06.18-04.56.32:012][248]LogModuleManager: Shutting down and abandoning module WindowsMoviePlayer (216)
[2017.06.18-04.56.32:012][248]LogModuleManager: Shutting down and abandoning module WmfMedia (214)
[2017.06.18-04.56.32:012][248]LogModuleManager: Shutting down and abandoning module ClothingSystemEditor (212)
[2017.06.18-04.56.32:012][248]LogModuleManager: Shutting down and abandoning module ClothingSystemRuntime (210)
[2017.06.18-04.56.32:012][248]LogModuleManager: Shutting down and abandoning module MediaAssets (208)
[2017.06.18-04.56.32:012][248]LogModuleManager: Shutting down and abandoning module GameLiveStreaming (206)
[2017.06.18-04.56.32:012][248]LogModuleManager: Shutting down and abandoning module VREditor (204)
[2017.06.18-04.56.32:013][248]LogModuleManager: Shutting down and abandoning module StringTableEditor (202)
[2017.06.18-04.56.32:013][248]LogModuleManager: Shutting down and abandoning module GameplayTasksEditor (200)
[2017.06.18-04.56.32:013][248]LogModuleManager: Shutting down and abandoning module BehaviorTreeEditor (198)
[2017.06.18-04.56.32:013][248]LogModuleManager: Shutting down and abandoning module FunctionalTesting (196)
[2017.06.18-04.56.32:013][248]LogModuleManager: Shutting down and abandoning module CollisionAnalyzer (194)
[2017.06.18-04.56.32:013][248]LogModuleManager: Shutting down and abandoning module UMG (192)
[2017.06.18-04.56.32:013][248]LogModuleManager: Shutting down and abandoning module UMGEditor (191)
[2017.06.18-04.56.32:013][248]LogModuleManager: Shutting down and abandoning module Sequencer (190)
[2017.06.18-04.56.32:013][248]LogModuleManager: Shutting down and abandoning module AssetTools (188)
[2017.06.18-04.56.32:013][248]LogModuleManager: Shutting down and abandoning module MessageLog (187)
[2017.06.18-04.56.32:013][248]LogModuleManager: Shutting down and abandoning module WorkspaceMenuStructure (186)
[2017.06.18-04.56.32:013][248]LogModuleManager: Shutting down and abandoning module SlateReflector (180)
[2017.06.18-04.56.32:013][248]LogModuleManager: Shutting down and abandoning module Slate (178)
[2017.06.18-04.56.32:013][248]LogModuleManager: Shutting down and abandoning module EditorStyle (176)
[2017.06.18-04.56.32:019][248]LogModuleManager: Shutting down and abandoning module SourceCodeAccess (174)
[2017.06.18-04.56.32:019][248]LogModuleManager: Shutting down and abandoning module HeadMountedDisplay (172)
[2017.06.18-04.56.32:019][248]LogModuleManager: Shutting down and abandoning module XAudio2 (170)
[2017.06.18-04.56.32:019][248]LogModuleManager: Shutting down and abandoning module Networking (168)
[2017.06.18-04.56.32:019][248]LogModuleManager: Shutting down and abandoning module Core (164)
[2017.06.18-04.56.32:019][248]LogModuleManager: Shutting down and abandoning module AssetRegistry (162)
[2017.06.18-04.56.32:201][248]LogDirectoryWatcher: A directory notification for '../../../Engine/Content/' was aborted.
[2017.06.18-04.56.32:201][248]LogDirectoryWatcher: A directory notification for '../../../../../../Users/BARS/Desktop/ПРОГРАММЫ/GGFootball/Content/' was aborted.
[2017.06.18-04.56.32:201][248]LogDirectoryWatcher: A directory notification for '../../../Engine/Plugins/2D/Paper2D/Content/' was aborted.
[2017.06.18-04.56.32:201][248]LogDirectoryWatcher: A directory notification for '../../../Engine/Plugins/Runtime/GearVR/Content/' was aborted.
[2017.06.18-04.56.32:205][248]LogModuleManager: Shutting down and abandoning module DirectoryWatcher (161)
[2017.06.18-04.56.32:206][248]LogModuleManager: Shutting down and abandoning module KismetCompiler (158)
[2017.06.18-04.56.32:206][248]LogModuleManager: Shutting down and abandoning module LevelSequence (156)
[2017.06.18-04.56.32:206][248]LogModuleManager: Shutting down and abandoning module PhysXFormats (154)
[2017.06.18-04.56.32:206][248]LogModuleManager: Shutting down and abandoning module MeshUtilities (152)
[2017.06.18-04.56.32:206][248]LogModuleManager: Shutting down and abandoning module SimplygonSwarm (151)
[2017.06.18-04.56.32:206][248]LogModuleManager: Shutting down and abandoning module SimplygonMeshReduction (149)
[2017.06.18-04.56.32:206][248]LogModuleManager: Shutting down and abandoning module QuadricMeshReduction (147)
[2017.06.18-04.56.32:206][248]LogModuleManager: Shutting down and abandoning module DerivedDataCache (144)
[2017.06.18-04.56.32:215][248]LogDerivedDataCache: Shutdown
[2017.06.18-04.56.32:215][248]LogModuleManager: Shutting down and abandoning module TargetPlatform (142)
[2017.06.18-04.56.32:215][248]LogModuleManager: Shutting down and abandoning module VulkanShaderFormat (141)
[2017.06.18-04.56.32:215][248]LogModuleManager: Shutting down and abandoning module ShaderFormatVectorVM (139)
[2017.06.18-04.56.32:215][248]LogModuleManager: Shutting down and abandoning module ShaderFormatOpenGL (137)
[2017.06.18-04.56.32:215][248]LogModuleManager: Shutting down and abandoning module ShaderFormatD3D (135)
[2017.06.18-04.56.32:215][248]LogModuleManager: Shutting down and abandoning module MetalShaderFormat (133)
[2017.06.18-04.56.32:215][248]LogModuleManager: Shutting down and abandoning module TextureFormatUncompressed (131)
[2017.06.18-04.56.32:215][248]LogModuleManager: Shutting down and abandoning module TextureFormatPVR (129)
[2017.06.18-04.56.32:216][248]LogModuleManager: Shutting down and abandoning module TextureFormatDXT (127)
[2017.06.18-04.56.32:216][248]LogModuleManager: Shutting down and abandoning module TextureFormatIntelISPCTexComp (125)
[2017.06.18-04.56.32:216][248]LogModuleManager: Shutting down and abandoning module TextureFormatASTC (123)
[2017.06.18-04.56.32:216][248]LogModuleManager: Shutting down and abandoning module ImageWrapper (122)
[2017.06.18-04.56.32:216][248]LogModuleManager: Shutting down and abandoning module TextureFormatAndroid (119)
[2017.06.18-04.56.32:216][248]LogModuleManager: Shutting down and abandoning module AudioFormatOpus (117)
[2017.06.18-04.56.32:216][248]LogModuleManager: Shutting down and abandoning module AudioFormatOgg (115)
[2017.06.18-04.56.32:216][248]LogModuleManager: Shutting down and abandoning module AudioFormatADPCM (113)
[2017.06.18-04.56.32:216][248]LogModuleManager: Shutting down and abandoning module LinuxTargetPlatform (111)
[2017.06.18-04.56.32:216][248]LogModuleManager: Shutting down and abandoning module LinuxServerTargetPlatform (109)
[2017.06.18-04.56.32:216][248]LogModuleManager: Shutting down and abandoning module LinuxNoEditorTargetPlatform (107)
[2017.06.18-04.56.32:216][248]LogModuleManager: Shutting down and abandoning module LinuxClientTargetPlatform (105)
[2017.06.18-04.56.32:216][248]LogModuleManager: Shutting down and abandoning module TVOSTargetPlatform (103)
[2017.06.18-04.56.32:216][248]LogModuleManager: Shutting down and abandoning module Messaging (101)
[2017.06.18-04.56.32:216][248]LogModuleManager: Shutting down and abandoning module IOSTargetPlatform (99)
[2017.06.18-04.56.32:216][248]LogModuleManager: Shutting down and abandoning module HTML5TargetPlatform (97)
[2017.06.18-04.56.32:216][248]LogModuleManager: Shutting down and abandoning module Android_PVRTCTargetPlatform (95)
[2017.06.18-04.56.32:216][248]LogModuleManager: Shutting down and abandoning module Android_MultiTargetPlatform (93)
[2017.06.18-04.56.32:216][248]LogModuleManager: Shutting down and abandoning module Android_ETC2TargetPlatform (91)
[2017.06.18-04.56.32:216][248]LogModuleManager: Shutting down and abandoning module Android_ETC1TargetPlatform (89)
[2017.06.18-04.56.32:216][248]LogModuleManager: Shutting down and abandoning module Android_DXTTargetPlatform (87)
[2017.06.18-04.56.32:216][248]LogModuleManager: Shutting down and abandoning module Android_ATCTargetPlatform (85)
[2017.06.18-04.56.32:216][248]LogModuleManager: Shutting down and abandoning module Android_ASTCTargetPlatform (83)
[2017.06.18-04.56.32:216][248]LogModuleManager: Shutting down and abandoning module AndroidTargetPlatform (81)
[2017.06.18-04.56.32:216][248]LogModuleManager: Shutting down and abandoning module WindowsTargetPlatform (79)
[2017.06.18-04.56.32:216][248]LogModuleManager: Shutting down and abandoning module WindowsServerTargetPlatform (77)
[2017.06.18-04.56.32:216][248]LogModuleManager: Shutting down and abandoning module WindowsNoEditorTargetPlatform (75)
[2017.06.18-04.56.32:216][248]LogModuleManager: Shutting down and abandoning module WindowsClientTargetPlatform (73)
[2017.06.18-04.56.32:216][248]LogModuleManager: Shutting down and abandoning module MacTargetPlatform (71)
[2017.06.18-04.56.32:216][248]LogModuleManager: Shutting down and abandoning module MacServerTargetPlatform (69)
[2017.06.18-04.56.32:216][248]LogModuleManager: Shutting down and abandoning module MacNoEditorTargetPlatform (67)
[2017.06.18-04.56.32:216][248]LogModuleManager: Shutting down and abandoning module MacClientTargetPlatform (65)
[2017.06.18-04.56.32:216][248]LogModuleManager: Shutting down and abandoning module AllDesktopTargetPlatform (63)
[2017.06.18-04.56.32:216][248]LogModuleManager: Shutting down and abandoning module InputCore (60)
[2017.06.18-04.56.32:216][248]LogModuleManager: Shutting down and abandoning module Settings (58)
[2017.06.18-04.56.32:216][248]LogModuleManager: Shutting down and abandoning module OculusRift (56)
[2017.06.18-04.56.32:216][248]LogModuleManager: Shutting down and abandoning module GearVRController (54)
[2017.06.18-04.56.32:216][248]LogModuleManager: Shutting down and abandoning module GearVR (52)
[2017.06.18-04.56.32:216][248]LogModuleManager: Shutting down and abandoning module ExampleDeviceProfileSelector (50)
[2017.06.18-04.56.32:216][248]LogModuleManager: Shutting down and abandoning module OnlineBlueprintSupport (48)
[2017.06.18-04.56.32:216][248]LogModuleManager: Shutting down and abandoning module OnlineSubsystem (44)
[2017.06.18-04.56.32:216][248]LogOnline:Display: Unloading online subsystem: NULL
[2017.06.18-04.56.32:216][248]LogModuleManager: Shutting down and abandoning module XMPP (43)
[2017.06.18-04.56.32:216][248]LogModuleManager: Shutting down and abandoning module HTTP (41)
[2017.06.18-04.56.32:216][248]LogHttp:Display: Http module shutting down, but needs to wait on 1 outstanding Http requests:
[2017.06.18-04.56.32:216][248]LogHttp:Display: 	verb=[POST] url=[https://datarouter.ol.epicgames.com/datarouter/api/v1/public/data?SessionID=%7BFB7BE43B-4911-1DB9-BB8F-A09E7B4B68E8%7D&AppID=UEEditor.Rocket.Release&AppVersion=4.16.1-3466753%2B%2B%2BUE4%2BRelease-4.16&UserID=9aa6ecfb4767d0a10ee768aa34e114af%7Cbe1dc849c34248278283a980c6ca8968%7Ccc2dcfd8-4c4f-4ab5-a434-8c621d908f50&AppEnvironment=datacollector-binary&UploadType=eteventstream] status=Processing
[2017.06.18-04.56.32:232][248]LogModuleManager: Shutting down and abandoning module SSL (40)
[2017.06.18-04.56.32:234][248]LogModuleManager: Shutting down and abandoning module HTTPChunkInstaller (36)
[2017.06.18-04.56.32:234][248]LogModuleManager: Shutting down and abandoning module AnimationModifiers (34)
[2017.06.18-04.56.32:234][248]LogModuleManager: Shutting down and abandoning module PropertyEditor (33)
[2017.06.18-04.56.32:234][248]LogModuleManager: Shutting down and abandoning module AudioEditor (30)
[2017.06.18-04.56.32:234][248]LogModuleManager: Shutting down and abandoning module TextureCompressor (28)
[2017.06.18-04.56.32:234][248]LogModuleManager: Shutting down and abandoning module ShaderCore (26)
[2017.06.18-04.56.32:234][248]LogModuleManager: Shutting down and abandoning module Landscape (24)
[2017.06.18-04.56.32:234][248]LogModuleManager: Shutting down and abandoning module SlateRHIRenderer (22)
[2017.06.18-04.56.32:236][248]LogModuleManager: Shutting down and abandoning module OpenGLDrv (20)
[2017.06.18-04.56.32:236][248]LogModuleManager: Shutting down and abandoning module D3D11RHI (18)
[2017.06.18-04.56.32:236][248]LogModuleManager: Shutting down and abandoning module AnimGraphRuntime (16)
[2017.06.18-04.56.32:236][248]LogModuleManager: Shutting down and abandoning module Renderer (14)
[2017.06.18-04.56.32:236][248]LogModuleManager: Shutting down and abandoning module Engine (12)
[2017.06.18-04.56.32:236][248]LogModuleManager: Shutting down and abandoning module CoreUObject (10)
[2017.06.18-04.56.32:236][248]LogModuleManager: Shutting down and abandoning module NetworkFile (8)
[2017.06.18-04.56.32:236][248]LogModuleManager: Shutting down and abandoning module StreamingFile (6)
[2017.06.18-04.56.32:236][248]LogModuleManager: Shutting down and abandoning module SandboxFile (4)
[2017.06.18-04.56.32:236][248]LogModuleManager: Shutting down and abandoning module PakFile (2)
[2017.06.18-04.56.32:238][248]LogExit: Exiting.
[2017.06.18-04.56.32:259][248]Log file closed, 06/18/17 12:56:32
