Log file open, 06/17/17 22:02:23
LogInit:Display: Running engine for game: football
LogPlatformFile: Not using cached read wrapper
LogInit:Display: RandInit(-1479861252) SRandInit(-1479861252).
LogTaskGraph: Started task graph with 5 named threads and 6 total threads with 1 sets of task threads.
LogStats: Stats thread started at 0.106660
LogInit: Using libcurl 7.47.1
LogInit:  - built for x86_64-pc-win32
LogInit:  - supports SSL with OpenSSL/1.0.2g
LogInit:  - supports HTTP deflate (compression) using libz 1.2.8
LogInit:  - other features:
LogInit:      CURL_VERSION_SSL
LogInit:      CURL_VERSION_LIBZ
LogInit:      CURL_VERSION_IPV6
LogInit:      CURL_VERSION_ASYNCHDNS
LogInit:      CURL_VERSION_LARGEFILE
LogInit:      CURL_VERSION_IDN
LogInit:  CurlRequestOptions (configurable via config and command line):
LogInit:  - bVerifyPeer = false  - Libcurl will NOT verify peer certificate
LogInit:  - bUseHttpProxy = false  - Libcurl will NOT use HTTP proxy
LogInit:  - bDontReuseConnections = false  - Libcurl will reuse connections
LogInit:  - CertBundlePath = nullptr  - Libcurl will use whatever was configured at build time.
LogInit: Build: ++UE4+Release-4.16-CL-3466753
LogInit: Engine Version: 4.16.1-3466753+++UE4+Release-4.16
LogInit: Compatible Engine Version: 4.16.0-3452394+++UE4+Release-4.16
LogInit: Net CL: 3452394
LogDevObjectVersion: Number of dev versions registered: 16
LogDevObjectVersion:   Dev-Blueprints (B0D832E4-1F89-4F0D-ACCF-7EB736FD4AA2): 9
LogDevObjectVersion:   Dev-Build (E1C64328-A22C-4D53-A36C-8E866417BD8C): 0
LogDevObjectVersion:   Dev-Core (375EC13C-06E4-48FB-B500-84F0262A717E): 2
LogDevObjectVersion:   Dev-Editor (E4B068ED-F494-42E9-A231-DA0B2E46BB41): 17
LogDevObjectVersion:   Dev-Framework (CFFC743F-43B0-4480-9391-14DF171D2073): 23
LogDevObjectVersion:   Dev-Mobile (B02B49B5-BB20-44E9-A304-32B752E40360): 0
LogDevObjectVersion:   Dev-Networking (A4E4105C-59A1-49B5-A7C5-40C4547EDFEE): 0
LogDevObjectVersion:   Dev-Online (39C831C9-5AE6-47DC-9A44-9C173E1C8E7C): 0
LogDevObjectVersion:   Dev-Physics (78F01B33-EBEA-4F98-B9B4-84EACCB95AA2): 0
LogDevObjectVersion:   Dev-Platform (6631380F-2D4D-43E0-8009-CF276956A95A): 0
LogDevObjectVersion:   Dev-Rendering (12F88B9F-8875-4AFC-A67C-D90C383ABD29): 15
LogDevObjectVersion:   Dev-Sequencer (7B5AE74C-D270-4C10-A958-57980B212A5A): 4
LogDevObjectVersion:   Dev-VR (D7296918-1DD6-4BDD-9DE2-64A83CC13884): 0
LogDevObjectVersion:   Dev-LoadTimes (C2A15278-BFE7-4AFE-6C17-90FF531DF755): 1
LogDevObjectVersion:   Private-Geometry (6EACA3D4-40EC-4CC1-B786-8BED09428FC5): 1
LogDevObjectVersion:   Dev-AnimPhys (29E575DD-E0A3-4627-9D10-D276232CDCEA): 3
LogInit: Compiled (64-bit): May 31 2017 02:03:30
LogInit: Compiled with Visual C++: 19.00.24215.01
LogInit: Build Configuration: Development
LogInit: Branch Name: ++UE4+Release-4.16
LogInit: Command line: -EpicPortal 
LogInit: Base directory: C:/Program Files/Epic Games/UE_4.16/Engine/Binaries/Win64/
LogInit: Installed Engine Build: 1
LogInit: Presizing for max 8388607 objects, including 0 objects not considered by GC, pre-allocating 0 bytes for permanent pool.
LogInit: Object subsystem initialized
[2017.06.17-14.02.24:968][  0]LogInit: Selected Device Profile: [Windows]
[2017.06.17-14.02.24:968][  0]LogInit: Applying CVar settings loaded from the selected device profile: [Windows]
[2017.06.17-14.02.25:020][  0]LogInit: Computer: BARS-PC
[2017.06.17-14.02.25:020][  0]LogInit: User: BARS
[2017.06.17-14.02.25:020][  0]LogInit: CPU Page size=4096, Cores=2
[2017.06.17-14.02.25:020][  0]LogInit: High frequency timer resolution =3.801689 MHz
[2017.06.17-14.02.25:020][  0]LogMemory: Memory total: Physical=16.0GB (16GB approx)
[2017.06.17-14.02.25:020][  0]LogMemory: Platform Memory Stats for Windows
[2017.06.17-14.02.25:020][  0]LogMemory: Process Physical Memory: 272.95 MB used, 272.95 MB peak
[2017.06.17-14.02.25:020][  0]LogMemory: Process Virtual Memory: 266.72 MB used, 266.72 MB peak
[2017.06.17-14.02.25:020][  0]LogMemory: Physical Memory: 5233.48 MB used,  11111.80 MB free, 16345.29 MB total
[2017.06.17-14.02.25:020][  0]LogMemory: Virtual Memory: 642.16 MB used,  11111.80 MB free, 134217728.00 MB total
[2017.06.17-14.02.25:195][  0]LogInit: Using OS detected language (ru-RU).
[2017.06.17-14.02.25:195][  0]LogInit: Using OS detected locale (ru-RU).
[2017.06.17-14.02.25:306][  0]LogTextLocalizationManager: No localization for 'ru-RU' exists, so 'en' will be used for the language.
[2017.06.17-14.02.25:307][  0]LogTextLocalizationManager: No localization for 'ru-RU' exists, so 'en' will be used for the locale.
[2017.06.17-14.02.29:187][  0]LogD3D11RHI: D3D11 adapters:
[2017.06.17-14.02.29:230][  0]LogD3D11RHI:    0. 'NVIDIA GeForce GTX 770' (Feature Level 11_0)
[2017.06.17-14.02.29:230][  0]LogD3D11RHI:       2017/0/8172 MB DedicatedVideo/DedicatedSystem/SharedSystem, Outputs:1, VendorId:0x10de
[2017.06.17-14.02.29:233][  0]LogD3D11RHI:    1. 'Microsoft Basic Render Driver' (Feature Level 11_0)
[2017.06.17-14.02.29:233][  0]LogD3D11RHI:       0/0/8172 MB DedicatedVideo/DedicatedSystem/SharedSystem, Outputs:0, VendorId:0x1414
[2017.06.17-14.02.29:233][  0]LogD3D11RHI: Chosen D3D11 Adapter: 0
[2017.06.17-14.02.29:239][  0]LogD3D11RHI: Creating new Direct3DDevice
[2017.06.17-14.02.29:239][  0]LogD3D11RHI:     GPU DeviceId: 0x1184 (for the marketing name, search the web for "GPU Device Id")
[2017.06.17-14.02.29:239][  0]LogWindows: EnumDisplayDevices:
[2017.06.17-14.02.29:239][  0]LogWindows:    0. 'NVIDIA GeForce GTX 770' (P:1 D:1)
[2017.06.17-14.02.29:240][  0]LogWindows:    1. 'NVIDIA GeForce GTX 770' (P:0 D:0)
[2017.06.17-14.02.29:240][  0]LogWindows:    2. 'NVIDIA GeForce GTX 770' (P:0 D:0)
[2017.06.17-14.02.29:240][  0]LogWindows:    3. 'NVIDIA GeForce GTX 770' (P:0 D:0)
[2017.06.17-14.02.29:240][  0]LogWindows: DebugString: FoundDriverCount:4 
[2017.06.17-14.02.29:240][  0]LogD3D11RHI:     Adapter Name: NVIDIA GeForce GTX 770
[2017.06.17-14.02.29:240][  0]LogD3D11RHI:   Driver Version: 376.53 (internal:21.21.13.7653, unified:376.53)
[2017.06.17-14.02.29:240][  0]LogD3D11RHI:      Driver Date: 12-29-2016
[2017.06.17-14.02.29:240][  0]LogRHI: Texture pool is 1361 MB (70% of 1945 MB)
[2017.06.17-14.02.29:261][  0]LogD3D11RHI: Async texture creation enabled
[2017.06.17-14.02.29:274][  0]LogD3D11RHI: GPU Timing Frequency: 1000.000000 (Debug: 2 1)
[2017.06.17-14.02.29:325][  0]LogShaderCompilers: Guid format shader working directory is -23 characters bigger than the processId version (../../../../../../Users/BARS/Documents/Unreal Projects/football 4.16/Intermediate/Shaders/WorkingDirectory/1568/).
[2017.06.17-14.02.29:325][  0]LogShaderCompilers: Cleaned the shader compiler working directory 'C:/Users/BARS/AppData/Local/Temp/UnrealShaderWorkingDir/5D69B726488C4F9CDC5F7593D83134E5/'.
[2017.06.17-14.02.29:325][  0]LogShaderCompilers:Display: Using Local Shader Compiler.
[2017.06.17-14.02.32:608][  0]LogTemp:Display: Loaded TP AllDesktopTargetPlatform
[2017.06.17-14.02.32:702][  0]LogTemp:Display: Loaded TP MacClientTargetPlatform
[2017.06.17-14.02.32:796][  0]LogTemp:Display: Loaded TP MacNoEditorTargetPlatform
[2017.06.17-14.02.32:888][  0]LogTemp:Display: Loaded TP MacServerTargetPlatform
[2017.06.17-14.02.32:997][  0]LogTemp:Display: Loaded TP MacTargetPlatform
[2017.06.17-14.02.33:098][  0]LogTemp:Display: Loaded TP WindowsClientTargetPlatform
[2017.06.17-14.02.33:191][  0]LogTemp:Display: Loaded TP WindowsNoEditorTargetPlatform
[2017.06.17-14.02.33:285][  0]LogTemp:Display: Loaded TP WindowsServerTargetPlatform
[2017.06.17-14.02.33:374][  0]LogTemp:Display: Loaded TP WindowsTargetPlatform
[2017.06.17-14.02.33:488][  0]LogTemp:Display: Loaded TP AndroidTargetPlatform
[2017.06.17-14.02.33:591][  0]LogTemp:Display: Loaded TP Android_ASTCTargetPlatform
[2017.06.17-14.02.33:683][  0]LogTemp:Display: Loaded TP Android_ATCTargetPlatform
[2017.06.17-14.02.33:772][  0]LogTemp:Display: Loaded TP Android_DXTTargetPlatform
[2017.06.17-14.02.33:864][  0]LogTemp:Display: Loaded TP Android_ETC1TargetPlatform
[2017.06.17-14.02.33:960][  0]LogTemp:Display: Loaded TP Android_ETC2TargetPlatform
[2017.06.17-14.02.34:144][  0]LogTemp:Display: Loaded TP Android_MultiTargetPlatform
[2017.06.17-14.02.34:144][  0]LogTemp:Display: Loaded TP Android_PVRTCTargetPlatform
[2017.06.17-14.02.34:221][  0]LogTemp:Display: Loaded TP HTML5TargetPlatform
[2017.06.17-14.02.34:431][  0]LogTemp:Display: Loaded TP IOSTargetPlatform
[2017.06.17-14.02.34:489][  0]LogTemp:Display: Loaded TP TVOSTargetPlatform
[2017.06.17-14.02.34:582][  0]LogTemp:Display: Loaded TP LinuxClientTargetPlatform
[2017.06.17-14.02.34:675][  0]LogTemp:Display: Loaded TP LinuxNoEditorTargetPlatform
[2017.06.17-14.02.34:765][  0]LogTemp:Display: Loaded TP LinuxServerTargetPlatform
[2017.06.17-14.02.34:860][  0]LogTemp:Display: Loaded TP LinuxTargetPlatform
[2017.06.17-14.02.34:860][  0]LogTargetPlatformManager:Display: Building Assets For Windows
[2017.06.17-14.02.35:905][  0]LogDerivedDataCache:Display: Max Cache Size: 512 MB
[2017.06.17-14.02.36:098][  0]LogDerivedDataCache: Loaded boot cache 0.19s 90MB C:/Users/BARS/AppData/Local/UnrealEngine/4.16/DerivedDataCache/Boot.ddc.
[2017.06.17-14.02.36:099][  0]LogDerivedDataCache:Display: Loaded Boot cache: C:/Users/BARS/AppData/Local/UnrealEngine/4.16/DerivedDataCache/Boot.ddc
[2017.06.17-14.02.36:099][  0]LogDerivedDataCache: FDerivedDataBackendGraph:  Pak pak cache file ../../../../../../Users/BARS/Documents/Unreal Projects/football 4.16/DerivedDataCache/DDC.ddp not found, will not use a pak cache.
[2017.06.17-14.02.36:099][  0]LogDerivedDataCache: Unable to find inner node Pak for hierarchical cache Hierarchy.
[2017.06.17-14.02.36:099][  0]LogDerivedDataCache: FDerivedDataBackendGraph:  CompressedPak pak cache file ../../../../../../Users/BARS/Documents/Unreal Projects/football 4.16/DerivedDataCache/Compressed.ddp not found, will not use a pak cache.
[2017.06.17-14.02.36:099][  0]LogDerivedDataCache: Unable to find inner node CompressedPak for hierarchical cache Hierarchy.
[2017.06.17-14.02.36:123][  0]LogDerivedDataCache:Display: Pak cache opened for reading ../../../Engine/DerivedDataCache/Compressed.ddp.
[2017.06.17-14.02.36:136][  0]LogDerivedDataCache: Using Local data cache path C:/Users/BARS/AppData/Local/UnrealEngine/Common/DerivedDataCache: Writable
[2017.06.17-14.02.36:155][  0]LogMaterial: Verifying Global Shaders for PCD3D_SM5
[2017.06.17-14.02.36:156][  0]LogSlate: Using Freetype 2.6.0
[2017.06.17-14.02.36:180][  0]LogSlate: SlateFontCache - WITH_FREETYPE: 1, WITH_HARFBUZZ: 1
[2017.06.17-14.02.36:180][  0]LogSlate: SlateFontCache - WITH_FREETYPE: 1, WITH_HARFBUZZ: 1
[2017.06.17-14.02.37:063][  0]LogInit: Selected Device Profile: [Windows]
[2017.06.17-14.02.37:203][  0]LogContentStreaming: Texture pool size is 0.00 MB
[2017.06.17-14.02.37:489][  0]LogMeshUtilities: Using QuadricMeshReduction for automatic static mesh reduction
[2017.06.17-14.02.37:572][  0]LogSimplygon: Simplygon DLL not present - disabling.
[2017.06.17-14.02.37:666][  0]LogMeshUtilities: Using SimplygonSwarm for distributed automatic mesh merging
[2017.06.17-14.02.37:666][  0]LogMeshUtilities: No automatic skeletal mesh reduction module available
[2017.06.17-14.02.37:666][  0]LogMeshUtilities: No automatic mesh merging module available
[2017.06.17-14.02.38:779][  0]LogNetVersion: football , NetCL: 3452394, EngineNetVer: 2, GameNetVer: 0 (Checksum: 1187144866)
[2017.06.17-14.02.38:879][  0]LogAssetRegistry: FAssetRegistry took 0.0289 seconds to start up
[2017.06.17-14.02.38:971][  0]LogPackageLocalizationCache: Processed 4 localized package path(s) for 1 prioritized culture(s) in 0.034913 seconds
[2017.06.17-14.02.38:983][  0]LogUObjectArray: 34194 objects as part of root set at end of initial load.
[2017.06.17-14.02.38:983][  0]LogUObjectAllocator: 7260416 out of 0 bytes used by permanent object pool.
[2017.06.17-14.02.38:983][  0]LogUObjectArray: CloseDisregardForGC: 0/0 objects in disregard for GC pool
[2017.06.17-14.02.39:124][  0]LogInit: WinSock: version 1.1 (2.2), MaxSocks=32767, MaxUdp=65467
[2017.06.17-14.03.00:552][  0]LogTcpMessaging: Initializing TcpMessaging bridge
[2017.06.17-14.03.00:626][  0]LogUdpMessaging: Initializing bridge on interface 0.0.0.0:0 to multicast group 230.0.0.1:6666.
[2017.06.17-14.03.01:779][  0]LogMaterial: Uniform references updated for custom material expression Custom.
[2017.06.17-14.03.02:531][  0]SourceControl: Info Source control is disabled
[2017.06.17-14.03.02:582][  0]SourceControl: Info Source control is disabled
[2017.06.17-14.03.02:680][  0]SourceControl: Info Source control is disabled
[2017.06.17-14.03.02:771][  0]SourceControl: Info Source control is disabled
[2017.06.17-14.03.04:175][  0]LogAndroidPermission: UAndroidPermissionCallbackProxy::GetInstance
[2017.06.17-14.03.05:311][  0]LogEngine: Initializing Engine...
[2017.06.17-14.03.05:312][  0]LogHMD: Failed to initialize OpenVR with code 110
[2017.06.17-14.03.05:671][  0]LogStats: UGameplayTagsManager::ConstructGameplayTagTree: Construct from data asset -  0.000 s
[2017.06.17-14.03.05:671][  0]LogStats: UGameplayTagsManager::ConstructGameplayTagTree: GameplayTagTreeChangedEvent.Broadcast -  0.000 s
[2017.06.17-14.03.05:959][  0]LogAIModule: Creating AISystem for world Untitled
[2017.06.17-14.03.05:976][  0]LogInit: XAudio2 using 'Динамики (Realtek High Definition Audio)' : 2 channels at 48 kHz using 32 bits per sample (channel mask 0x3)
[2017.06.17-14.03.05:998][  0]LogInit: FAudioDevice initialized.
[2017.06.17-14.03.06:083][  0]LogDerivedDataCache: Saved boot cache 0.08s 90MB C:/Users/BARS/AppData/Local/UnrealEngine/4.16/DerivedDataCache/Boot.ddc.
[2017.06.17-14.03.06:107][  0]LogInit: Texture streaming: Enabled
[2017.06.17-14.03.06:324][  0]LogEngineSessionManager: EngineSessionManager initialized
[2017.06.17-14.03.06:914][  0]LogInit: Transaction tracking system initialized
[2017.06.17-14.03.07:572][  0]BlueprintLog: New page: Editor Load
[2017.06.17-14.03.09:625][  0]LocalizationService: Info Localization service is disabled
[2017.06.17-14.03.11:185][  0]LogConsoleResponse:Display: 
[2017.06.17-14.03.11:422][  0]LogCook:Display: Max memory allowance for cook 16384mb min free memory 0mb
[2017.06.17-14.03.11:422][  0]LogCook:Display: Mobile HDR setting 1
[2017.06.17-14.03.12:035][  0]LogFileCache: Scanning file cache for directory 'C:/Users/BARS/Documents/Unreal Projects/football 4.16/Content/' took 0.03s
[2017.06.17-14.03.13:774][  0]SourceControl: Info Source control is disabled
[2017.06.17-14.03.13:774][  0]Cmd: MAP LOAD FILE="../../../../../../Users/BARS/Documents/Unreal Projects/football 4.16/Content/FirstPersonBP/Maps/FirstPersonExampleMap.umap" TEMPLATE=0 SHOWPROGRESS=1 FEATURELEVEL=3
[2017.06.17-14.03.13:774][  0]LogEditorServer:Warning: Can't find file '../../../../../../Users/BARS/Documents/Unreal Projects/football 4.16/Content/FirstPersonBP/Maps/FirstPersonExampleMap.umap'
[2017.06.17-14.03.13:774][  0]Cmd: MAP CHECKDEP NOCLEARLOG
[2017.06.17-14.03.13:849][  0]MapCheck: Info Map check complete: 0 Error(s), 0 Warning(s), took 75.113ms to complete.
[2017.06.17-14.03.13:849][  0]LogFileHelpers: Loading map 'FirstPersonExampleMap' took 0.076
[2017.06.17-14.03.14:084][  0]LogCollectionManager: Loaded 1 collections in 0.007190 seconds
[2017.06.17-14.03.14:207][  0]LogFileCache: Scanning file cache for directory 'C:/Users/BARS/Documents/Unreal Projects/football 4.16/Saved/Collections/' took 0.01s
[2017.06.17-14.03.14:207][  0]LogFileCache: Scanning file cache for directory 'C:/Users/BARS/Documents/Unreal Projects/football 4.16/Content/Developers/BARS/Collections/' took 0.01s
[2017.06.17-14.03.14:207][  0]LogFileCache: Scanning file cache for directory 'C:/Users/BARS/Documents/Unreal Projects/football 4.16/Content/Collections/' took 0.01s
[2017.06.17-14.03.14:207][  0]LogCollectionManager: Rebuilt the GUID cache for 1 collections in 0.000005 seconds
[2017.06.17-14.03.14:207][  0]LogCollectionManager: Rebuilt the hierarchy cache for 1 collections in 0.000000 seconds
[2017.06.17-14.03.14:221][  0]LogContentBrowser: Native class hierarchy populated in 0.0141 seconds. Added 2329 classes and 491 folders.
[2017.06.17-14.03.14:351][  0]LogContentBrowser: Native class hierarchy updated for 'WidgetCarousel' in 0.0007 seconds. Added 0 classes and 0 folders.
[2017.06.17-14.03.14:922][  0]LogContentBrowser: Native class hierarchy updated for 'AddContentDialog' in 0.0008 seconds. Added 0 classes and 0 folders.
[2017.06.17-14.03.15:021][  0]LogContentBrowser: Native class hierarchy updated for 'SceneOutliner' in 0.0008 seconds. Added 1 classes and 2 folders.
[2017.06.17-14.03.15:157][  0]LogCrashTracker: Crashtracker disabled due to settings.
[2017.06.17-14.03.15:169][  0]LogUObjectGlobals:Warning: Failed to find object 'Class None.'
[2017.06.17-14.03.15:299][  0]LogContentBrowser: Native class hierarchy updated for 'HierarchicalLODOutliner' in 0.0010 seconds. Added 1 classes and 2 folders.
[2017.06.17-14.03.15:299][  0]LogLoad: (Engine Initialization) Total time: 54.62 seconds
[2017.06.17-14.03.15:299][  0]LogLoad: (Engine Initialization) Total Blueprint compile time: 0.16 seconds
[2017.06.17-14.03.15:299][  0]LogExternalProfiler: No external profilers were discovered.  External profiling features will not be available.
[2017.06.17-14.03.15:638][  0]LogOcInput: OculusInput pre-init called
[2017.06.17-14.03.15:638][  0]LogHMD: Starting GearVRController plugin
[2017.06.17-14.03.15:656][  0]LogContentStreaming: Texture pool size now 1000 MB
[2017.06.17-14.03.15:657][  0]LogSlate: Took 0.000391 seconds to synchronously load lazily loaded font '../../../Engine/Content/Slate/Fonts/Roboto-Regular.ttf' (155K)
[2017.06.17-14.03.15:659][  0]LogSlate: Took 0.000258 seconds to synchronously load lazily loaded font '../../../Engine/Content/Slate/Fonts/Roboto-Bold.ttf' (160K)
[2017.06.17-14.03.15:684][  0]LogSlate: Took 0.018994 seconds to synchronously load lazily loaded font '../../../Engine/Content/Editor/Slate/Fonts/FontAwesome.ttf' (139K)
[2017.06.17-14.03.15:990][  1]LogRenderer: Reallocating scene render targets to support 692x324 NumSamples 1 (Frame:1).
[2017.06.17-14.03.15:990][  1]LogAssetRegistry: Asset discovery search completed in 37.1330 seconds
[2017.06.17-14.03.15:994][  1]LogCollectionManager: Rebuilt the object cache for 1 collections in 0.000002 seconds (found 0 objects)
[2017.06.17-14.03.15:994][  1]LogCollectionManager: Fixed up redirectors for 1 collections in 0.000067 seconds (updated 0 objects)
[2017.06.17-14.03.19:983][ 13]LogSlate: Took 0.000519 seconds to synchronously load lazily loaded font '../../../Engine/Content/Slate/Fonts/Roboto-Light.ttf' (159K)
[2017.06.17-14.03.34:185][141]LogRenderer: Reallocating scene render targets to support 700x484 NumSamples 1 (Frame:76).
[2017.06.17-14.03.54:072][995]LogSlate: Took 0.000270 seconds to synchronously load lazily loaded font '../../../Engine/Content/Slate/Fonts/Roboto-Light.ttf' (159K)
[2017.06.17-14.03.54:884][995]LogSlate: Took 0.000272 seconds to synchronously load lazily loaded font '../../../Engine/Content/Slate/Fonts/Roboto-Regular.ttf' (155K)
[2017.06.17-14.03.55:439][995]LogAIModule: Creating AISystem for world football1
[2017.06.17-14.03.55:439][995]LogActorComponent: RegisterComponentWithWorld: (/Game/FirstPersonBP/Maps/football1.football1:PersistentLevel.WorldInfo_0.StaticMeshComponent0) Trying to register component with IsPendingKill() == true. Aborting.
[2017.06.17-14.03.55:455][995]LogMaterial:Warning: Material /Game/StarterContent/Props/Materials/M_TableRound.M_TableRound needed to have new flag set bUsedWithSkeletalMesh !
[2017.06.17-14.03.55:458][995]LogMaterial: Missing cached shader map for material M_TableRound, compiling. 
[2017.06.17-14.03.55:554][995]MapCheck:Warning: Warning M_TableRound Material /Game/StarterContent/Props/Materials/M_TableRound.M_TableRound was missing the usage flag bUsedWithSkeletalMesh. If the material asset is not re-saved, it may not render correctly when run outside the editor. Fix
[2017.06.17-14.03.55:569][995]LogMaterial:Warning: Material /Game/StarterContent/Materials/M_ColorGrid_LowSpec.M_ColorGrid_LowSpec needed to have new flag set bUsedWithSkeletalMesh !
[2017.06.17-14.03.55:573][995]LogMaterial: Missing cached shader map for material M_ColorGrid_LowSpec, compiling. 
[2017.06.17-14.03.55:638][995]MapCheck:Warning: Warning M_ColorGrid_LowSpec Material /Game/StarterContent/Materials/M_ColorGrid_LowSpec.M_ColorGrid_LowSpec was missing the usage flag bUsedWithSkeletalMesh. If the material asset is not re-saved, it may not render correctly when run outside the editor. Fix
[2017.06.17-14.03.55:717][995]Cmd: MAP LOAD FILE="../../../../../../Users/BARS/Documents/Unreal Projects/football 4.16/Content/FirstPersonBP/Maps/football1.umap" TEMPLATE=0 SHOWPROGRESS=1 FEATURELEVEL=3
[2017.06.17-14.03.55:717][995]LightingResults: New page: Lighting Build
[2017.06.17-14.03.55:840][995]LogContentBrowser: Native class hierarchy updated for 'StatsViewer' in 0.0011 seconds. Added 5 classes and 0 folders.
[2017.06.17-14.03.55:841][995]LoadErrors: New page: Loading map: football1.umap
[2017.06.17-14.03.55:848][995]MapCheck: New page: Map Check
[2017.06.17-14.03.55:848][995]LightingResults: New page: Lighting Build
[2017.06.17-14.03.56:054][995]LogEditorServer: Finished looking for orphan Actors (0.000 secs)
[2017.06.17-14.03.56:147][995]Cmd: MAP CHECKDEP NOCLEARLOG
[2017.06.17-14.03.56:293][995]MapCheck: Info Map check complete: 0 Error(s), 0 Warning(s), took 146.159ms to complete.
[2017.06.17-14.03.56:293][995]LogFileHelpers: Loading map 'football1' took 0.577
[2017.06.17-14.04.20:518][716]LogEditorViewport: Clicking on Actor (LMB): Landscape (Landscape)
[2017.06.17-14.04.36:798][ 14]LogRenderer: Reallocating scene render targets to support 704x484 NumSamples 1 (Frame:1895).
[2017.06.17-14.04.36:862][ 15]LogRenderer: Reallocating scene render targets to support 716x484 NumSamples 1 (Frame:1897).
[2017.06.17-14.04.36:945][ 16]LogRenderer: Reallocating scene render targets to support 740x484 NumSamples 1 (Frame:1899).
[2017.06.17-14.04.37:028][ 17]LogRenderer: Reallocating scene render targets to support 756x484 NumSamples 1 (Frame:1901).
[2017.06.17-14.04.37:097][ 18]LogRenderer: Reallocating scene render targets to support 764x484 NumSamples 1 (Frame:1903).
[2017.06.17-14.04.37:635][ 65]LogRenderer: Reallocating scene render targets to support 768x484 NumSamples 1 (Frame:1909).
[2017.06.17-14.04.37:696][ 66]LogRenderer: Reallocating scene render targets to support 772x484 NumSamples 1 (Frame:1911).
[2017.06.17-14.04.38:547][134]LogTemp: Repeting last play command: Selected Viewport
[2017.06.17-14.04.40:822][134]LogBlueprintUserMessages: Early PlayInEditor Detection: Level '/Game/FirstPersonBP/Maps/football1.football1:PersistentLevel' has LevelScriptBlueprint '/Game/FirstPersonBP/Maps/football1.football1:PersistentLevel.football1' with GeneratedClass '/Game/FirstPersonBP/Maps/football1.football1_C' with ClassGeneratedBy '/Game/FirstPersonBP/Maps/football1.football1:PersistentLevel.football1'
[2017.06.17-14.04.40:841][134]LogPlayLevel: PlayLevel: No blueprints needed recompiling
[2017.06.17-14.04.40:883][134]PIE: New page: PIE session: football1 (Jun 18, 2017, 6:04:40 AM)
[2017.06.17-14.04.40:907][134]LogPlayLevel: Creating play world package: /Game/FirstPersonBP/Maps/UEDPIE_0_football1
[2017.06.17-14.04.41:104][134]LogPlayLevel: PIE: StaticDuplicateObject took: (0.196824s)
[2017.06.17-14.04.41:104][134]LogAIModule: Creating AISystem for world football1
[2017.06.17-14.04.41:105][134]LogPlayLevel: PIE: World Init took: (0.000990s)
[2017.06.17-14.04.41:110][134]LogPlayLevel: PIE: Created PIE world by copying editor world from /Game/FirstPersonBP/Maps/football1.football1 to /Game/FirstPersonBP/Maps/UEDPIE_0_football1.football1 (0.215252s)
[2017.06.17-14.04.41:194][134]LogInit: XAudio2 using 'Динамики (Realtek High Definition Audio)' : 2 channels at 48 kHz using 32 bits per sample (channel mask 0x3)
[2017.06.17-14.04.41:209][134]LogInit: FAudioDevice initialized.
[2017.06.17-14.04.41:266][134]LogLoad: Game class is 'FirstPersonGameMode_C'
[2017.06.17-14.04.41:398][134]LogWorld: Bringing World /Game/FirstPersonBP/Maps/UEDPIE_0_football1.football1 up for play (max tick rate 0) at 2017.06.17-22.04.41
[2017.06.17-14.04.41:430][134]LogWorld: Bringing up level for play took: 0.046575
[2017.06.17-14.04.41:630][134]LogContentBrowser: Native class hierarchy updated for 'MovieSceneCapture' in 0.0008 seconds. Added 11 classes and 0 folders.
[2017.06.17-14.04.41:630][134]LogGameMode:Display: Match State Changed from EnteringMap to WaitingToStart
[2017.06.17-14.04.41:630][134]LogGameState: Match State Changed from EnteringMap to WaitingToStart
[2017.06.17-14.04.41:630][134]LogGameMode:Display: Match State Changed from WaitingToStart to InProgress
[2017.06.17-14.04.41:657][134]LogGameState: Match State Changed from WaitingToStart to InProgress
[2017.06.17-14.04.41:657][134]PIE: Info Play in editor start time for /Game/FirstPersonBP/Maps/UEDPIE_0_football1 1.58
[2017.06.17-14.04.41:658][134]LogBlueprintUserMessages: Late PlayInEditor Detection: Level '/Game/FirstPersonBP/Maps/football1.football1:PersistentLevel' has LevelScriptBlueprint '/Game/FirstPersonBP/Maps/football1.football1:PersistentLevel.football1' with GeneratedClass '/Game/FirstPersonBP/Maps/football1.football1_C' with ClassGeneratedBy '/Game/FirstPersonBP/Maps/football1.football1:PersistentLevel.football1'
[2017.06.17-14.05.11:270][444]LogBlueprintUserMessages: Early EndPlayMap Detection: Level '/Game/FirstPersonBP/Maps/football1.football1:PersistentLevel' has LevelScriptBlueprint '/Game/FirstPersonBP/Maps/football1.football1:PersistentLevel.football1' with GeneratedClass '/Game/FirstPersonBP/Maps/football1.football1_C' with ClassGeneratedBy '/Game/FirstPersonBP/Maps/football1.football1:PersistentLevel.football1'
[2017.06.17-14.05.11:331][444]LogBlueprintUserMessages: Late EndPlayMap Detection: Level '/Game/FirstPersonBP/Maps/football1.football1:PersistentLevel' has LevelScriptBlueprint '/Game/FirstPersonBP/Maps/football1.football1:PersistentLevel.football1' with GeneratedClass '/Game/FirstPersonBP/Maps/football1.football1_C' with ClassGeneratedBy '/Game/FirstPersonBP/Maps/football1.football1:PersistentLevel.football1'
[2017.06.17-14.12.45:972][781]LogWindowsTextInputMethodSystem:Display: IME system now deactivated.
[2017.06.17-14.12.45:972][781]LogWindowsTextInputMethodSystem:Display: IME system now deactivated.
